[  2%] Built target keyboard_interface__cpp
[ 12%] Built target keyboard_interface__rosidl_generator_c
[ 23%] Built target keyboard_interface__rosidl_typesupport_introspection_cpp
[ 33%] Built target keyboard_interface__rosidl_typesupport_cpp
[ 53%] Built target keyboard_interface__rosidl_typesupport_c
[ 53%] Built target keyboard_interface__rosidl_typesupport_fastrtps_cpp
[ 64%] Built target keyboard_interface__rosidl_typesupport_introspection_c
[ 74%] Built target keyboard_interface__rosidl_typesupport_fastrtps_c
[ 74%] Built target keyboard_interface
[ 76%] Built target keyboard_interface__py
[ 84%] Built target keyboard_interface__python
[100%] Built target keyboard_interface__rosidl_typesupport_c__pyext
[100%] Built target keyboard_interface__rosidl_typesupport_introspection_c__pyext
[100%] Built target keyboard_interface__rosidl_typesupport_fastrtps_c__pyext
-- Install configuration: ""
-- Up-to-date: /home/senai/omnibot_ws/src/omniBot/install/keyboard_interface/share/ament_index/resource_index/rosidl_interfaces/keyboard_interface
-- Up-to-date: /home/senai/omnibot_ws/src/omniBot/install/keyboard_interface/include/keyboard_interface
-- Up-to-date: /home/senai/omnibot_ws/src/omniBot/install/keyboard_interface/include/keyboard_interface/msg
-- Up-to-date: /home/senai/omnibot_ws/src/omniBot/install/keyboard_interface/include/keyboard_interface/msg/key_event.h
-- Up-to-date: /home/senai/omnibot_ws/src/omniBot/install/keyboard_interface/include/keyboard_interface/msg/keys.h
-- Up-to-date: /home/senai/omnibot_ws/src/omniBot/install/keyboard_interface/include/keyboard_interface/msg/rosidl_generator_c__visibility_control.h
-- Up-to-date: /home/senai/omnibot_ws/src/omniBot/install/keyboard_interface/include/keyboard_interface/msg/detail
-- Up-to-date: /home/senai/omnibot_ws/src/omniBot/install/keyboard_interface/include/keyboard_interface/msg/detail/keys__functions.h
-- Up-to-date: /home/senai/omnibot_ws/src/omniBot/install/keyboard_interface/include/keyboard_interface/msg/detail/key_event__functions.c
-- Up-to-date: /home/senai/omnibot_ws/src/omniBot/install/keyboard_interface/include/keyboard_interface/msg/detail/keys__struct.h
-- Up-to-date: /home/senai/omnibot_ws/src/omniBot/install/keyboard_interface/include/keyboard_interface/msg/detail/key_event__struct.h
-- Up-to-date: /home/senai/omnibot_ws/src/omniBot/install/keyboard_interface/include/keyboard_interface/msg/detail/key_event__type_support.h
-- Up-to-date: /home/senai/omnibot_ws/src/omniBot/install/keyboard_interface/include/keyboard_interface/msg/detail/keys__functions.c
-- Up-to-date: /home/senai/omnibot_ws/src/omniBot/install/keyboard_interface/include/keyboard_interface/msg/detail/key_event__functions.h
-- Up-to-date: /home/senai/omnibot_ws/src/omniBot/install/keyboard_interface/include/keyboard_interface/msg/detail/keys__type_support.h
-- Up-to-date: /home/senai/omnibot_ws/src/omniBot/install/keyboard_interface/share/keyboard_interface/environment/library_path.sh
-- Up-to-date: /home/senai/omnibot_ws/src/omniBot/install/keyboard_interface/share/keyboard_interface/environment/library_path.dsv
-- Up-to-date: /home/senai/omnibot_ws/src/omniBot/install/keyboard_interface/lib/libkeyboard_interface__rosidl_generator_c.so
-- Up-to-date: /home/senai/omnibot_ws/src/omniBot/install/keyboard_interface/include/keyboard_interface
-- Up-to-date: /home/senai/omnibot_ws/src/omniBot/install/keyboard_interface/include/keyboard_interface/msg
-- Up-to-date: /home/senai/omnibot_ws/src/omniBot/install/keyboard_interface/include/keyboard_interface/msg/rosidl_typesupport_fastrtps_c__visibility_control.h
-- Up-to-date: /home/senai/omnibot_ws/src/omniBot/install/keyboard_interface/include/keyboard_interface/msg/detail
-- Up-to-date: /home/senai/omnibot_ws/src/omniBot/install/keyboard_interface/include/keyboard_interface/msg/detail/key_event__rosidl_typesupport_fastrtps_c.h
-- Up-to-date: /home/senai/omnibot_ws/src/omniBot/install/keyboard_interface/include/keyboard_interface/msg/detail/keys__rosidl_typesupport_fastrtps_c.h
-- Up-to-date: /home/senai/omnibot_ws/src/omniBot/install/keyboard_interface/lib/libkeyboard_interface__rosidl_typesupport_fastrtps_c.so
-- Up-to-date: /home/senai/omnibot_ws/src/omniBot/install/keyboard_interface/include/keyboard_interface
-- Up-to-date: /home/senai/omnibot_ws/src/omniBot/install/keyboard_interface/include/keyboard_interface/msg
-- Up-to-date: /home/senai/omnibot_ws/src/omniBot/install/keyboard_interface/include/keyboard_interface/msg/rosidl_typesupport_fastrtps_cpp__visibility_control.h
-- Up-to-date: /home/senai/omnibot_ws/src/omniBot/install/keyboard_interface/include/keyboard_interface/msg/detail
-- Up-to-date: /home/senai/omnibot_ws/src/omniBot/install/keyboard_interface/include/keyboard_interface/msg/detail/dds_fastrtps
-- Up-to-date: /home/senai/omnibot_ws/src/omniBot/install/keyboard_interface/include/keyboard_interface/msg/detail/keys__rosidl_typesupport_fastrtps_cpp.hpp
-- Up-to-date: /home/senai/omnibot_ws/src/omniBot/install/keyboard_interface/include/keyboard_interface/msg/detail/key_event__rosidl_typesupport_fastrtps_cpp.hpp
-- Up-to-date: /home/senai/omnibot_ws/src/omniBot/install/keyboard_interface/lib/libkeyboard_interface__rosidl_typesupport_fastrtps_cpp.so
-- Up-to-date: /home/senai/omnibot_ws/src/omniBot/install/keyboard_interface/include/keyboard_interface
-- Up-to-date: /home/senai/omnibot_ws/src/omniBot/install/keyboard_interface/include/keyboard_interface/msg
-- Up-to-date: /home/senai/omnibot_ws/src/omniBot/install/keyboard_interface/include/keyboard_interface/msg/rosidl_typesupport_introspection_c__visibility_control.h
-- Up-to-date: /home/senai/omnibot_ws/src/omniBot/install/keyboard_interface/include/keyboard_interface/msg/detail
-- Up-to-date: /home/senai/omnibot_ws/src/omniBot/install/keyboard_interface/include/keyboard_interface/msg/detail/key_event__rosidl_typesupport_introspection_c.h
-- Up-to-date: /home/senai/omnibot_ws/src/omniBot/install/keyboard_interface/include/keyboard_interface/msg/detail/key_event__type_support.c
-- Up-to-date: /home/senai/omnibot_ws/src/omniBot/install/keyboard_interface/include/keyboard_interface/msg/detail/keys__type_support.c
-- Up-to-date: /home/senai/omnibot_ws/src/omniBot/install/keyboard_interface/include/keyboard_interface/msg/detail/keys__rosidl_typesupport_introspection_c.h
-- Up-to-date: /home/senai/omnibot_ws/src/omniBot/install/keyboard_interface/lib/libkeyboard_interface__rosidl_typesupport_introspection_c.so
-- Up-to-date: /home/senai/omnibot_ws/src/omniBot/install/keyboard_interface/lib/libkeyboard_interface__rosidl_typesupport_c.so
-- Up-to-date: /home/senai/omnibot_ws/src/omniBot/install/keyboard_interface/include/keyboard_interface
-- Up-to-date: /home/senai/omnibot_ws/src/omniBot/install/keyboard_interface/include/keyboard_interface/msg
-- Up-to-date: /home/senai/omnibot_ws/src/omniBot/install/keyboard_interface/include/keyboard_interface/msg/key_event.hpp
-- Up-to-date: /home/senai/omnibot_ws/src/omniBot/install/keyboard_interface/include/keyboard_interface/msg/keys.hpp
-- Up-to-date: /home/senai/omnibot_ws/src/omniBot/install/keyboard_interface/include/keyboard_interface/msg/detail
-- Up-to-date: /home/senai/omnibot_ws/src/omniBot/install/keyboard_interface/include/keyboard_interface/msg/detail/key_event__builder.hpp
-- Up-to-date: /home/senai/omnibot_ws/src/omniBot/install/keyboard_interface/include/keyboard_interface/msg/detail/key_event__traits.hpp
-- Up-to-date: /home/senai/omnibot_ws/src/omniBot/install/keyboard_interface/include/keyboard_interface/msg/detail/key_event__struct.hpp
-- Up-to-date: /home/senai/omnibot_ws/src/omniBot/install/keyboard_interface/include/keyboard_interface/msg/detail/keys__struct.hpp
-- Up-to-date: /home/senai/omnibot_ws/src/omniBot/install/keyboard_interface/include/keyboard_interface/msg/detail/keys__builder.hpp
-- Up-to-date: /home/senai/omnibot_ws/src/omniBot/install/keyboard_interface/include/keyboard_interface/msg/detail/keys__traits.hpp
-- Up-to-date: /home/senai/omnibot_ws/src/omniBot/install/keyboard_interface/include/keyboard_interface
-- Up-to-date: /home/senai/omnibot_ws/src/omniBot/install/keyboard_interface/include/keyboard_interface/msg
-- Up-to-date: /home/senai/omnibot_ws/src/omniBot/install/keyboard_interface/include/keyboard_interface/msg/detail
-- Up-to-date: /home/senai/omnibot_ws/src/omniBot/install/keyboard_interface/include/keyboard_interface/msg/detail/key_event__rosidl_typesupport_introspection_cpp.hpp
-- Up-to-date: /home/senai/omnibot_ws/src/omniBot/install/keyboard_interface/include/keyboard_interface/msg/detail/key_event__type_support.cpp
-- Up-to-date: /home/senai/omnibot_ws/src/omniBot/install/keyboard_interface/include/keyboard_interface/msg/detail/keys__type_support.cpp
-- Up-to-date: /home/senai/omnibot_ws/src/omniBot/install/keyboard_interface/include/keyboard_interface/msg/detail/keys__rosidl_typesupport_introspection_cpp.hpp
-- Up-to-date: /home/senai/omnibot_ws/src/omniBot/install/keyboard_interface/lib/libkeyboard_interface__rosidl_typesupport_introspection_cpp.so
-- Up-to-date: /home/senai/omnibot_ws/src/omniBot/install/keyboard_interface/lib/libkeyboard_interface__rosidl_typesupport_cpp.so
-- Up-to-date: /home/senai/omnibot_ws/src/omniBot/install/keyboard_interface/share/keyboard_interface/environment/pythonpath.sh
-- Up-to-date: /home/senai/omnibot_ws/src/omniBot/install/keyboard_interface/share/keyboard_interface/environment/pythonpath.dsv
-- Installing: /home/senai/omnibot_ws/src/omniBot/install/keyboard_interface/lib/python3.8/site-packages/keyboard_interface/__init__.py
Compiling '/home/senai/omnibot_ws/src/omniBot/install/keyboard_interface/lib/python3.8/site-packages/keyboard_interface/__init__.py'...
-- Up-to-date: /home/senai/omnibot_ws/src/omniBot/install/keyboard_interface/lib/python3.8/site-packages/keyboard_interface/msg
-- Up-to-date: /home/senai/omnibot_ws/src/omniBot/install/keyboard_interface/lib/python3.8/site-packages/keyboard_interface/msg/_keys.py
-- Up-to-date: /home/senai/omnibot_ws/src/omniBot/install/keyboard_interface/lib/python3.8/site-packages/keyboard_interface/msg/__init__.py
-- Up-to-date: /home/senai/omnibot_ws/src/omniBot/install/keyboard_interface/lib/python3.8/site-packages/keyboard_interface/msg/_key_event_s.c
-- Up-to-date: /home/senai/omnibot_ws/src/omniBot/install/keyboard_interface/lib/python3.8/site-packages/keyboard_interface/msg/_key_event.py
-- Up-to-date: /home/senai/omnibot_ws/src/omniBot/install/keyboard_interface/lib/python3.8/site-packages/keyboard_interface/msg/_keys_s.c
-- Up-to-date: /home/senai/omnibot_ws/src/omniBot/install/keyboard_interface/lib/python3.8/site-packages/keyboard_interface/keyboard_interface_s__rosidl_typesupport_fastrtps_c.cpython-38-x86_64-linux-gnu.so
-- Up-to-date: /home/senai/omnibot_ws/src/omniBot/install/keyboard_interface/lib/python3.8/site-packages/keyboard_interface/keyboard_interface_s__rosidl_typesupport_introspection_c.cpython-38-x86_64-linux-gnu.so
-- Up-to-date: /home/senai/omnibot_ws/src/omniBot/install/keyboard_interface/lib/python3.8/site-packages/keyboard_interface/keyboard_interface_s__rosidl_typesupport_c.cpython-38-x86_64-linux-gnu.so
-- Up-to-date: /home/senai/omnibot_ws/src/omniBot/install/keyboard_interface/lib/libkeyboard_interface__python.so
-- Up-to-date: /home/senai/omnibot_ws/src/omniBot/install/keyboard_interface/share/keyboard_interface/msg/Keys.idl
-- Up-to-date: /home/senai/omnibot_ws/src/omniBot/install/keyboard_interface/share/keyboard_interface/msg/KeyEvent.idl
-- Up-to-date: /home/senai/omnibot_ws/src/omniBot/install/keyboard_interface/share/keyboard_interface/msg/Keys.msg
-- Up-to-date: /home/senai/omnibot_ws/src/omniBot/install/keyboard_interface/share/keyboard_interface/msg/KeyEvent.msg
-- Up-to-date: /home/senai/omnibot_ws/src/omniBot/install/keyboard_interface/lib/python3.8/site-packages/keyboard_interface
-- Installing: /home/senai/omnibot_ws/src/omniBot/install/keyboard_interface/lib/python3.8/site-packages/keyboard_interface/__init__.py
Listing '/home/senai/omnibot_ws/src/omniBot/install/keyboard_interface/lib/python3.8/site-packages/keyboard_interface'...
Compiling '/home/senai/omnibot_ws/src/omniBot/install/keyboard_interface/lib/python3.8/site-packages/keyboard_interface/__init__.py'...
Listing '/home/senai/omnibot_ws/src/omniBot/install/keyboard_interface/lib/python3.8/site-packages/keyboard_interface/msg'...
-- Up-to-date: /home/senai/omnibot_ws/src/omniBot/install/keyboard_interface/lib/keyboard_interface/keyboard_node.py
-- Up-to-date: /home/senai/omnibot_ws/src/omniBot/install/keyboard_interface/share/ament_index/resource_index/package_run_dependencies/keyboard_interface
-- Up-to-date: /home/senai/omnibot_ws/src/omniBot/install/keyboard_interface/share/ament_index/resource_index/parent_prefix_path/keyboard_interface
-- Up-to-date: /home/senai/omnibot_ws/src/omniBot/install/keyboard_interface/share/keyboard_interface/environment/ament_prefix_path.sh
-- Up-to-date: /home/senai/omnibot_ws/src/omniBot/install/keyboard_interface/share/keyboard_interface/environment/ament_prefix_path.dsv
-- Up-to-date: /home/senai/omnibot_ws/src/omniBot/install/keyboard_interface/share/keyboard_interface/environment/path.sh
-- Up-to-date: /home/senai/omnibot_ws/src/omniBot/install/keyboard_interface/share/keyboard_interface/environment/path.dsv
-- Up-to-date: /home/senai/omnibot_ws/src/omniBot/install/keyboard_interface/share/keyboard_interface/local_setup.bash
-- Up-to-date: /home/senai/omnibot_ws/src/omniBot/install/keyboard_interface/share/keyboard_interface/local_setup.sh
-- Up-to-date: /home/senai/omnibot_ws/src/omniBot/install/keyboard_interface/share/keyboard_interface/local_setup.zsh
-- Up-to-date: /home/senai/omnibot_ws/src/omniBot/install/keyboard_interface/share/keyboard_interface/local_setup.dsv
-- Installing: /home/senai/omnibot_ws/src/omniBot/install/keyboard_interface/share/keyboard_interface/package.dsv
-- Up-to-date: /home/senai/omnibot_ws/src/omniBot/install/keyboard_interface/share/ament_index/resource_index/packages/keyboard_interface
-- Up-to-date: /home/senai/omnibot_ws/src/omniBot/install/keyboard_interface/share/keyboard_interface/cmake/keyboard_interface__rosidl_generator_cExport.cmake
-- Up-to-date: /home/senai/omnibot_ws/src/omniBot/install/keyboard_interface/share/keyboard_interface/cmake/keyboard_interface__rosidl_generator_cExport-noconfig.cmake
-- Up-to-date: /home/senai/omnibot_ws/src/omniBot/install/keyboard_interface/share/keyboard_interface/cmake/keyboard_interface__rosidl_typesupport_introspection_cExport.cmake
-- Up-to-date: /home/senai/omnibot_ws/src/omniBot/install/keyboard_interface/share/keyboard_interface/cmake/keyboard_interface__rosidl_typesupport_introspection_cExport-noconfig.cmake
-- Up-to-date: /home/senai/omnibot_ws/src/omniBot/install/keyboard_interface/share/keyboard_interface/cmake/keyboard_interface__rosidl_typesupport_cExport.cmake
-- Up-to-date: /home/senai/omnibot_ws/src/omniBot/install/keyboard_interface/share/keyboard_interface/cmake/keyboard_interface__rosidl_typesupport_cExport-noconfig.cmake
-- Up-to-date: /home/senai/omnibot_ws/src/omniBot/install/keyboard_interface/share/keyboard_interface/cmake/keyboard_interface__rosidl_generator_cppExport.cmake
-- Up-to-date: /home/senai/omnibot_ws/src/omniBot/install/keyboard_interface/share/keyboard_interface/cmake/keyboard_interface__rosidl_typesupport_introspection_cppExport.cmake
-- Up-to-date: /home/senai/omnibot_ws/src/omniBot/install/keyboard_interface/share/keyboard_interface/cmake/keyboard_interface__rosidl_typesupport_introspection_cppExport-noconfig.cmake
-- Up-to-date: /home/senai/omnibot_ws/src/omniBot/install/keyboard_interface/share/keyboard_interface/cmake/keyboard_interface__rosidl_typesupport_cppExport.cmake
-- Up-to-date: /home/senai/omnibot_ws/src/omniBot/install/keyboard_interface/share/keyboard_interface/cmake/keyboard_interface__rosidl_typesupport_cppExport-noconfig.cmake
-- Up-to-date: /home/senai/omnibot_ws/src/omniBot/install/keyboard_interface/share/keyboard_interface/cmake/rosidl_cmake-extras.cmake
-- Up-to-date: /home/senai/omnibot_ws/src/omniBot/install/keyboard_interface/share/keyboard_interface/cmake/ament_cmake_export_dependencies-extras.cmake
-- Up-to-date: /home/senai/omnibot_ws/src/omniBot/install/keyboard_interface/share/keyboard_interface/cmake/ament_cmake_export_libraries-extras.cmake
-- Up-to-date: /home/senai/omnibot_ws/src/omniBot/install/keyboard_interface/share/keyboard_interface/cmake/ament_cmake_export_targets-extras.cmake
-- Up-to-date: /home/senai/omnibot_ws/src/omniBot/install/keyboard_interface/share/keyboard_interface/cmake/ament_cmake_export_include_directories-extras.cmake
-- Up-to-date: /home/senai/omnibot_ws/src/omniBot/install/keyboard_interface/share/keyboard_interface/cmake/rosidl_cmake_export_typesupport_libraries-extras.cmake
-- Up-to-date: /home/senai/omnibot_ws/src/omniBot/install/keyboard_interface/share/keyboard_interface/cmake/rosidl_cmake_export_typesupport_targets-extras.cmake
-- Up-to-date: /home/senai/omnibot_ws/src/omniBot/install/keyboard_interface/share/keyboard_interface/cmake/keyboard_interfaceConfig.cmake
-- Up-to-date: /home/senai/omnibot_ws/src/omniBot/install/keyboard_interface/share/keyboard_interface/cmake/keyboard_interfaceConfig-version.cmake
-- Up-to-date: /home/senai/omnibot_ws/src/omniBot/install/keyboard_interface/share/keyboard_interface/package.xml
