[0.028s] Invoking command in '/home/senai/omnibot_ws/src/omniBot/build/keyboard_interface': CMAKE_PREFIX_PATH=${CMAKE_PREFIX_PATH}:/opt/ros/foxy /usr/bin/cmake --build /home/senai/omnibot_ws/src/omniBot/build/keyboard_interface -- -j12 -l12
[0.081s] [ 10%] Built target keyboard_interface__cpp
[0.081s] [ 12%] Built target keyboard_interface__rosidl_generator_c
[0.104s] [ 30%] Built target keyboard_interface__rosidl_typesupport_introspection_cpp
[0.105s] [ 33%] Built target keyboard_interface__rosidl_typesupport_c
[0.108s] [ 43%] Built target keyboard_interface__rosidl_typesupport_cpp
[0.110s] [ 53%] Built target keyboard_interface__rosidl_typesupport_introspection_c
[0.111s] [ 64%] Built target keyboard_interface__rosidl_typesupport_fastrtps_cpp
[0.140s] [ 74%] Built target keyboard_interface__rosidl_typesupport_fastrtps_c
[0.158s] [ 74%] Built target keyboard_interface
[0.180s] [ 76%] Built target keyboard_interface__py
[0.207s] [ 84%] Built target keyboard_interface__python
[0.233s] [ 94%] Built target keyboard_interface__rosidl_typesupport_introspection_c__pyext
[0.234s] [ 94%] Built target keyboard_interface__rosidl_typesupport_c__pyext
[0.234s] [100%] Built target keyboard_interface__rosidl_typesupport_fastrtps_c__pyext
[0.246s] Invoked command in '/home/senai/omnibot_ws/src/omniBot/build/keyboard_interface' returned '0': CMAKE_PREFIX_PATH=${CMAKE_PREFIX_PATH}:/opt/ros/foxy /usr/bin/cmake --build /home/senai/omnibot_ws/src/omniBot/build/keyboard_interface -- -j12 -l12
[0.310s] Invoking command in '/home/senai/omnibot_ws/src/omniBot/build/keyboard_interface': CMAKE_PREFIX_PATH=${CMAKE_PREFIX_PATH}:/opt/ros/foxy /usr/bin/cmake --install /home/senai/omnibot_ws/src/omniBot/build/keyboard_interface
[0.319s] -- Install configuration: ""
[0.319s] -- Up-to-date: /home/senai/omnibot_ws/src/omniBot/install/keyboard_interface/share/ament_index/resource_index/rosidl_interfaces/keyboard_interface
[0.320s] -- Up-to-date: /home/senai/omnibot_ws/src/omniBot/install/keyboard_interface/include/keyboard_interface
[0.320s] -- Up-to-date: /home/senai/omnibot_ws/src/omniBot/install/keyboard_interface/include/keyboard_interface/msg
[0.320s] -- Up-to-date: /home/senai/omnibot_ws/src/omniBot/install/keyboard_interface/include/keyboard_interface/msg/key_event.h
[0.320s] -- Up-to-date: /home/senai/omnibot_ws/src/omniBot/install/keyboard_interface/include/keyboard_interface/msg/keys.h
[0.320s] -- Up-to-date: /home/senai/omnibot_ws/src/omniBot/install/keyboard_interface/include/keyboard_interface/msg/rosidl_generator_c__visibility_control.h
[0.320s] -- Up-to-date: /home/senai/omnibot_ws/src/omniBot/install/keyboard_interface/include/keyboard_interface/msg/detail
[0.320s] -- Up-to-date: /home/senai/omnibot_ws/src/omniBot/install/keyboard_interface/include/keyboard_interface/msg/detail/keys__functions.h
[0.320s] -- Up-to-date: /home/senai/omnibot_ws/src/omniBot/install/keyboard_interface/include/keyboard_interface/msg/detail/key_event__functions.c
[0.320s] -- Up-to-date: /home/senai/omnibot_ws/src/omniBot/install/keyboard_interface/include/keyboard_interface/msg/detail/keys__struct.h
[0.320s] -- Up-to-date: /home/senai/omnibot_ws/src/omniBot/install/keyboard_interface/include/keyboard_interface/msg/detail/key_event__struct.h
[0.320s] -- Up-to-date: /home/senai/omnibot_ws/src/omniBot/install/keyboard_interface/include/keyboard_interface/msg/detail/key_event__type_support.h
[0.320s] -- Up-to-date: /home/senai/omnibot_ws/src/omniBot/install/keyboard_interface/include/keyboard_interface/msg/detail/keys__functions.c
[0.321s] -- Up-to-date: /home/senai/omnibot_ws/src/omniBot/install/keyboard_interface/include/keyboard_interface/msg/detail/key_event__functions.h
[0.321s] -- Up-to-date: /home/senai/omnibot_ws/src/omniBot/install/keyboard_interface/include/keyboard_interface/msg/detail/keys__type_support.h
[0.321s] -- Up-to-date: /home/senai/omnibot_ws/src/omniBot/install/keyboard_interface/share/keyboard_interface/environment/library_path.sh
[0.321s] -- Up-to-date: /home/senai/omnibot_ws/src/omniBot/install/keyboard_interface/share/keyboard_interface/environment/library_path.dsv
[0.321s] -- Up-to-date: /home/senai/omnibot_ws/src/omniBot/install/keyboard_interface/lib/libkeyboard_interface__rosidl_generator_c.so
[0.321s] -- Up-to-date: /home/senai/omnibot_ws/src/omniBot/install/keyboard_interface/include/keyboard_interface
[0.321s] -- Up-to-date: /home/senai/omnibot_ws/src/omniBot/install/keyboard_interface/include/keyboard_interface/msg
[0.321s] -- Up-to-date: /home/senai/omnibot_ws/src/omniBot/install/keyboard_interface/include/keyboard_interface/msg/rosidl_typesupport_fastrtps_c__visibility_control.h
[0.321s] -- Up-to-date: /home/senai/omnibot_ws/src/omniBot/install/keyboard_interface/include/keyboard_interface/msg/detail
[0.321s] -- Up-to-date: /home/senai/omnibot_ws/src/omniBot/install/keyboard_interface/include/keyboard_interface/msg/detail/key_event__rosidl_typesupport_fastrtps_c.h
[0.321s] -- Up-to-date: /home/senai/omnibot_ws/src/omniBot/install/keyboard_interface/include/keyboard_interface/msg/detail/keys__rosidl_typesupport_fastrtps_c.h
[0.321s] -- Up-to-date: /home/senai/omnibot_ws/src/omniBot/install/keyboard_interface/lib/libkeyboard_interface__rosidl_typesupport_fastrtps_c.so
[0.321s] -- Up-to-date: /home/senai/omnibot_ws/src/omniBot/install/keyboard_interface/include/keyboard_interface
[0.321s] -- Up-to-date: /home/senai/omnibot_ws/src/omniBot/install/keyboard_interface/include/keyboard_interface/msg
[0.321s] -- Up-to-date: /home/senai/omnibot_ws/src/omniBot/install/keyboard_interface/include/keyboard_interface/msg/rosidl_typesupport_fastrtps_cpp__visibility_control.h
[0.322s] -- Up-to-date: /home/senai/omnibot_ws/src/omniBot/install/keyboard_interface/include/keyboard_interface/msg/detail
[0.322s] -- Up-to-date: /home/senai/omnibot_ws/src/omniBot/install/keyboard_interface/include/keyboard_interface/msg/detail/dds_fastrtps
[0.322s] -- Up-to-date: /home/senai/omnibot_ws/src/omniBot/install/keyboard_interface/include/keyboard_interface/msg/detail/keys__rosidl_typesupport_fastrtps_cpp.hpp
[0.322s] -- Up-to-date: /home/senai/omnibot_ws/src/omniBot/install/keyboard_interface/include/keyboard_interface/msg/detail/key_event__rosidl_typesupport_fastrtps_cpp.hpp
[0.322s] -- Up-to-date: /home/senai/omnibot_ws/src/omniBot/install/keyboard_interface/lib/libkeyboard_interface__rosidl_typesupport_fastrtps_cpp.so
[0.322s] -- Up-to-date: /home/senai/omnibot_ws/src/omniBot/install/keyboard_interface/include/keyboard_interface
[0.322s] -- Up-to-date: /home/senai/omnibot_ws/src/omniBot/install/keyboard_interface/include/keyboard_interface/msg
[0.322s] -- Up-to-date: /home/senai/omnibot_ws/src/omniBot/install/keyboard_interface/include/keyboard_interface/msg/rosidl_typesupport_introspection_c__visibility_control.h
[0.322s] -- Up-to-date: /home/senai/omnibot_ws/src/omniBot/install/keyboard_interface/include/keyboard_interface/msg/detail
[0.322s] -- Up-to-date: /home/senai/omnibot_ws/src/omniBot/install/keyboard_interface/include/keyboard_interface/msg/detail/key_event__rosidl_typesupport_introspection_c.h
[0.322s] -- Up-to-date: /home/senai/omnibot_ws/src/omniBot/install/keyboard_interface/include/keyboard_interface/msg/detail/key_event__type_support.c
[0.322s] -- Up-to-date: /home/senai/omnibot_ws/src/omniBot/install/keyboard_interface/include/keyboard_interface/msg/detail/keys__type_support.c
[0.322s] -- Up-to-date: /home/senai/omnibot_ws/src/omniBot/install/keyboard_interface/include/keyboard_interface/msg/detail/keys__rosidl_typesupport_introspection_c.h
[0.322s] -- Up-to-date: /home/senai/omnibot_ws/src/omniBot/install/keyboard_interface/lib/libkeyboard_interface__rosidl_typesupport_introspection_c.so
[0.323s] -- Up-to-date: /home/senai/omnibot_ws/src/omniBot/install/keyboard_interface/lib/libkeyboard_interface__rosidl_typesupport_c.so
[0.323s] -- Up-to-date: /home/senai/omnibot_ws/src/omniBot/install/keyboard_interface/include/keyboard_interface
[0.323s] -- Up-to-date: /home/senai/omnibot_ws/src/omniBot/install/keyboard_interface/include/keyboard_interface/msg
[0.323s] -- Up-to-date: /home/senai/omnibot_ws/src/omniBot/install/keyboard_interface/include/keyboard_interface/msg/key_event.hpp
[0.323s] -- Up-to-date: /home/senai/omnibot_ws/src/omniBot/install/keyboard_interface/include/keyboard_interface/msg/keys.hpp
[0.323s] -- Up-to-date: /home/senai/omnibot_ws/src/omniBot/install/keyboard_interface/include/keyboard_interface/msg/detail
[0.323s] -- Up-to-date: /home/senai/omnibot_ws/src/omniBot/install/keyboard_interface/include/keyboard_interface/msg/detail/key_event__builder.hpp
[0.323s] -- Up-to-date: /home/senai/omnibot_ws/src/omniBot/install/keyboard_interface/include/keyboard_interface/msg/detail/key_event__traits.hpp
[0.323s] -- Up-to-date: /home/senai/omnibot_ws/src/omniBot/install/keyboard_interface/include/keyboard_interface/msg/detail/key_event__struct.hpp
[0.323s] -- Up-to-date: /home/senai/omnibot_ws/src/omniBot/install/keyboard_interface/include/keyboard_interface/msg/detail/keys__struct.hpp
[0.323s] -- Up-to-date: /home/senai/omnibot_ws/src/omniBot/install/keyboard_interface/include/keyboard_interface/msg/detail/keys__builder.hpp
[0.323s] -- Up-to-date: /home/senai/omnibot_ws/src/omniBot/install/keyboard_interface/include/keyboard_interface/msg/detail/keys__traits.hpp
[0.323s] -- Up-to-date: /home/senai/omnibot_ws/src/omniBot/install/keyboard_interface/include/keyboard_interface
[0.323s] -- Up-to-date: /home/senai/omnibot_ws/src/omniBot/install/keyboard_interface/include/keyboard_interface/msg
[0.323s] -- Up-to-date: /home/senai/omnibot_ws/src/omniBot/install/keyboard_interface/include/keyboard_interface/msg/detail
[0.324s] -- Up-to-date: /home/senai/omnibot_ws/src/omniBot/install/keyboard_interface/include/keyboard_interface/msg/detail/key_event__rosidl_typesupport_introspection_cpp.hpp
[0.324s] -- Up-to-date: /home/senai/omnibot_ws/src/omniBot/install/keyboard_interface/include/keyboard_interface/msg/detail/key_event__type_support.cpp
[0.324s] -- Up-to-date: /home/senai/omnibot_ws/src/omniBot/install/keyboard_interface/include/keyboard_interface/msg/detail/keys__type_support.cpp
[0.324s] -- Up-to-date: /home/senai/omnibot_ws/src/omniBot/install/keyboard_interface/include/keyboard_interface/msg/detail/keys__rosidl_typesupport_introspection_cpp.hpp
[0.324s] -- Up-to-date: /home/senai/omnibot_ws/src/omniBot/install/keyboard_interface/lib/libkeyboard_interface__rosidl_typesupport_introspection_cpp.so
[0.324s] -- Up-to-date: /home/senai/omnibot_ws/src/omniBot/install/keyboard_interface/lib/libkeyboard_interface__rosidl_typesupport_cpp.so
[0.324s] -- Up-to-date: /home/senai/omnibot_ws/src/omniBot/install/keyboard_interface/share/keyboard_interface/environment/pythonpath.sh
[0.324s] -- Up-to-date: /home/senai/omnibot_ws/src/omniBot/install/keyboard_interface/share/keyboard_interface/environment/pythonpath.dsv
[0.324s] -- Installing: /home/senai/omnibot_ws/src/omniBot/install/keyboard_interface/lib/python3.8/site-packages/keyboard_interface/__init__.py
[0.351s] Compiling '/home/senai/omnibot_ws/src/omniBot/install/keyboard_interface/lib/python3.8/site-packages/keyboard_interface/__init__.py'...
[0.354s] -- Up-to-date: /home/senai/omnibot_ws/src/omniBot/install/keyboard_interface/lib/python3.8/site-packages/keyboard_interface/msg
[0.354s] -- Up-to-date: /home/senai/omnibot_ws/src/omniBot/install/keyboard_interface/lib/python3.8/site-packages/keyboard_interface/msg/_keys.py
[0.354s] -- Up-to-date: /home/senai/omnibot_ws/src/omniBot/install/keyboard_interface/lib/python3.8/site-packages/keyboard_interface/msg/__init__.py
[0.354s] -- Up-to-date: /home/senai/omnibot_ws/src/omniBot/install/keyboard_interface/lib/python3.8/site-packages/keyboard_interface/msg/_key_event_s.c
[0.354s] -- Up-to-date: /home/senai/omnibot_ws/src/omniBot/install/keyboard_interface/lib/python3.8/site-packages/keyboard_interface/msg/_key_event.py
[0.354s] -- Up-to-date: /home/senai/omnibot_ws/src/omniBot/install/keyboard_interface/lib/python3.8/site-packages/keyboard_interface/msg/_keys_s.c
[0.354s] -- Up-to-date: /home/senai/omnibot_ws/src/omniBot/install/keyboard_interface/lib/python3.8/site-packages/keyboard_interface/keyboard_interface_s__rosidl_typesupport_fastrtps_c.cpython-38-x86_64-linux-gnu.so
[0.355s] -- Up-to-date: /home/senai/omnibot_ws/src/omniBot/install/keyboard_interface/lib/python3.8/site-packages/keyboard_interface/keyboard_interface_s__rosidl_typesupport_introspection_c.cpython-38-x86_64-linux-gnu.so
[0.356s] -- Up-to-date: /home/senai/omnibot_ws/src/omniBot/install/keyboard_interface/lib/python3.8/site-packages/keyboard_interface/keyboard_interface_s__rosidl_typesupport_c.cpython-38-x86_64-linux-gnu.so
[0.356s] -- Up-to-date: /home/senai/omnibot_ws/src/omniBot/install/keyboard_interface/lib/libkeyboard_interface__python.so
[0.356s] -- Up-to-date: /home/senai/omnibot_ws/src/omniBot/install/keyboard_interface/share/keyboard_interface/msg/Keys.idl
[0.356s] -- Up-to-date: /home/senai/omnibot_ws/src/omniBot/install/keyboard_interface/share/keyboard_interface/msg/KeyEvent.idl
[0.357s] -- Up-to-date: /home/senai/omnibot_ws/src/omniBot/install/keyboard_interface/share/keyboard_interface/msg/Keys.msg
[0.357s] -- Up-to-date: /home/senai/omnibot_ws/src/omniBot/install/keyboard_interface/share/keyboard_interface/msg/KeyEvent.msg
[0.357s] -- Up-to-date: /home/senai/omnibot_ws/src/omniBot/install/keyboard_interface/lib/python3.8/site-packages/keyboard_interface
[0.357s] -- Installing: /home/senai/omnibot_ws/src/omniBot/install/keyboard_interface/lib/python3.8/site-packages/keyboard_interface/__init__.py
[0.384s] Listing '/home/senai/omnibot_ws/src/omniBot/install/keyboard_interface/lib/python3.8/site-packages/keyboard_interface'...
[0.384s] Compiling '/home/senai/omnibot_ws/src/omniBot/install/keyboard_interface/lib/python3.8/site-packages/keyboard_interface/__init__.py'...
[0.384s] Listing '/home/senai/omnibot_ws/src/omniBot/install/keyboard_interface/lib/python3.8/site-packages/keyboard_interface/msg'...
[0.387s] -- Up-to-date: /home/senai/omnibot_ws/src/omniBot/install/keyboard_interface/lib/keyboard_interface/keyboard_node.py
[0.388s] -- Up-to-date: /home/senai/omnibot_ws/src/omniBot/install/keyboard_interface/share/ament_index/resource_index/package_run_dependencies/keyboard_interface
[0.388s] -- Up-to-date: /home/senai/omnibot_ws/src/omniBot/install/keyboard_interface/share/ament_index/resource_index/parent_prefix_path/keyboard_interface
[0.388s] -- Up-to-date: /home/senai/omnibot_ws/src/omniBot/install/keyboard_interface/share/keyboard_interface/environment/ament_prefix_path.sh
[0.388s] -- Up-to-date: /home/senai/omnibot_ws/src/omniBot/install/keyboard_interface/share/keyboard_interface/environment/ament_prefix_path.dsv
[0.388s] -- Up-to-date: /home/senai/omnibot_ws/src/omniBot/install/keyboard_interface/share/keyboard_interface/environment/path.sh
[0.388s] -- Up-to-date: /home/senai/omnibot_ws/src/omniBot/install/keyboard_interface/share/keyboard_interface/environment/path.dsv
[0.388s] -- Up-to-date: /home/senai/omnibot_ws/src/omniBot/install/keyboard_interface/share/keyboard_interface/local_setup.bash
[0.388s] -- Up-to-date: /home/senai/omnibot_ws/src/omniBot/install/keyboard_interface/share/keyboard_interface/local_setup.sh
[0.389s] -- Up-to-date: /home/senai/omnibot_ws/src/omniBot/install/keyboard_interface/share/keyboard_interface/local_setup.zsh
[0.389s] -- Up-to-date: /home/senai/omnibot_ws/src/omniBot/install/keyboard_interface/share/keyboard_interface/local_setup.dsv
[0.389s] -- Installing: /home/senai/omnibot_ws/src/omniBot/install/keyboard_interface/share/keyboard_interface/package.dsv
[0.389s] -- Up-to-date: /home/senai/omnibot_ws/src/omniBot/install/keyboard_interface/share/ament_index/resource_index/packages/keyboard_interface
[0.389s] -- Up-to-date: /home/senai/omnibot_ws/src/omniBot/install/keyboard_interface/share/keyboard_interface/cmake/keyboard_interface__rosidl_generator_cExport.cmake
[0.389s] -- Up-to-date: /home/senai/omnibot_ws/src/omniBot/install/keyboard_interface/share/keyboard_interface/cmake/keyboard_interface__rosidl_generator_cExport-noconfig.cmake
[0.389s] -- Up-to-date: /home/senai/omnibot_ws/src/omniBot/install/keyboard_interface/share/keyboard_interface/cmake/keyboard_interface__rosidl_typesupport_introspection_cExport.cmake
[0.389s] -- Up-to-date: /home/senai/omnibot_ws/src/omniBot/install/keyboard_interface/share/keyboard_interface/cmake/keyboard_interface__rosidl_typesupport_introspection_cExport-noconfig.cmake
[0.389s] -- Up-to-date: /home/senai/omnibot_ws/src/omniBot/install/keyboard_interface/share/keyboard_interface/cmake/keyboard_interface__rosidl_typesupport_cExport.cmake
[0.389s] -- Up-to-date: /home/senai/omnibot_ws/src/omniBot/install/keyboard_interface/share/keyboard_interface/cmake/keyboard_interface__rosidl_typesupport_cExport-noconfig.cmake
[0.389s] -- Up-to-date: /home/senai/omnibot_ws/src/omniBot/install/keyboard_interface/share/keyboard_interface/cmake/keyboard_interface__rosidl_generator_cppExport.cmake
[0.389s] -- Up-to-date: /home/senai/omnibot_ws/src/omniBot/install/keyboard_interface/share/keyboard_interface/cmake/keyboard_interface__rosidl_typesupport_introspection_cppExport.cmake
[0.389s] -- Up-to-date: /home/senai/omnibot_ws/src/omniBot/install/keyboard_interface/share/keyboard_interface/cmake/keyboard_interface__rosidl_typesupport_introspection_cppExport-noconfig.cmake
[0.390s] -- Up-to-date: /home/senai/omnibot_ws/src/omniBot/install/keyboard_interface/share/keyboard_interface/cmake/keyboard_interface__rosidl_typesupport_cppExport.cmake
[0.390s] -- Up-to-date: /home/senai/omnibot_ws/src/omniBot/install/keyboard_interface/share/keyboard_interface/cmake/keyboard_interface__rosidl_typesupport_cppExport-noconfig.cmake
[0.390s] -- Up-to-date: /home/senai/omnibot_ws/src/omniBot/install/keyboard_interface/share/keyboard_interface/cmake/rosidl_cmake-extras.cmake
[0.390s] -- Up-to-date: /home/senai/omnibot_ws/src/omniBot/install/keyboard_interface/share/keyboard_interface/cmake/ament_cmake_export_dependencies-extras.cmake
[0.390s] -- Up-to-date: /home/senai/omnibot_ws/src/omniBot/install/keyboard_interface/share/keyboard_interface/cmake/ament_cmake_export_libraries-extras.cmake
[0.390s] -- Up-to-date: /home/senai/omnibot_ws/src/omniBot/install/keyboard_interface/share/keyboard_interface/cmake/ament_cmake_export_targets-extras.cmake
[0.390s] -- Up-to-date: /home/senai/omnibot_ws/src/omniBot/install/keyboard_interface/share/keyboard_interface/cmake/ament_cmake_export_include_directories-extras.cmake
[0.390s] -- Up-to-date: /home/senai/omnibot_ws/src/omniBot/install/keyboard_interface/share/keyboard_interface/cmake/rosidl_cmake_export_typesupport_libraries-extras.cmake
[0.390s] -- Up-to-date: /home/senai/omnibot_ws/src/omniBot/install/keyboard_interface/share/keyboard_interface/cmake/rosidl_cmake_export_typesupport_targets-extras.cmake
[0.390s] -- Up-to-date: /home/senai/omnibot_ws/src/omniBot/install/keyboard_interface/share/keyboard_interface/cmake/keyboard_interfaceConfig.cmake
[0.390s] -- Up-to-date: /home/senai/omnibot_ws/src/omniBot/install/keyboard_interface/share/keyboard_interface/cmake/keyboard_interfaceConfig-version.cmake
[0.390s] -- Up-to-date: /home/senai/omnibot_ws/src/omniBot/install/keyboard_interface/share/keyboard_interface/package.xml
[0.393s] Invoked command in '/home/senai/omnibot_ws/src/omniBot/build/keyboard_interface' returned '0': CMAKE_PREFIX_PATH=${CMAKE_PREFIX_PATH}:/opt/ros/foxy /usr/bin/cmake --install /home/senai/omnibot_ws/src/omniBot/build/keyboard_interface
