[0.024s] Invoking command in '/home/senai/omnibot_ws/src/omniBot/build/keyboard_interface': CMAKE_PREFIX_PATH=${CMAKE_PREFIX_PATH}:/opt/ros/foxy /usr/bin/cmake /home/senai/omnibot_ws/src/omniBot/keyboard_interface -DCMAKE_INSTALL_PREFIX=/home/senai/omnibot_ws/src/omniBot/install/keyboard_interface
[0.081s] -- The C compiler identification is GNU 9.3.0
[0.133s] -- The CXX compiler identification is GNU 9.3.0
[0.137s] -- Check for working C compiler: /usr/bin/cc
[0.202s] -- Check for working C compiler: /usr/bin/cc -- works
[0.203s] -- Detecting C compiler ABI info
[0.269s] -- Detecting C compiler ABI info - done
[0.280s] -- Detecting C compile features
[0.280s] -- Detecting C compile features - done
[0.282s] -- Check for working CXX compiler: /usr/bin/c++
[0.363s] -- Check for working CXX compiler: /usr/bin/c++ -- works
[0.365s] -- Detecting CXX compiler ABI info
[0.447s] -- Detecting CXX compiler ABI info - done
[0.458s] -- Detecting CXX compile features
[0.458s] -- Detecting CXX compile features - done
[0.461s] -- Found ament_cmake: 0.9.9 (/opt/ros/foxy/share/ament_cmake/cmake)
[0.485s] -- Found PythonInterp: /usr/bin/python3 (found suitable version "3.8.10", minimum required is "3") 
[0.485s] -- Using PYTHON_EXECUTABLE: /usr/bin/python3
[0.723s] -- Found rclpy: 1.0.7 (/opt/ros/foxy/share/rclpy/cmake)
[0.725s] -- Found rosidl_default_generators: 1.0.1 (/opt/ros/foxy/share/rosidl_default_generators/cmake)
[0.729s] -- Using all available rosidl_typesupport_c: rosidl_typesupport_fastrtps_c;rosidl_typesupport_introspection_c
[0.736s] -- Found rosidl_adapter: 1.2.1 (/opt/ros/foxy/share/rosidl_adapter/cmake)
[0.847s] -- Found OpenSSL: /usr/lib/x86_64-linux-gnu/libcrypto.so (found version "1.1.1f")  
[0.892s] -- Found FastRTPS: /opt/ros/foxy/include  
[0.975s] -- Using all available rosidl_typesupport_cpp: rosidl_typesupport_fastrtps_cpp;rosidl_typesupport_introspection_cpp
[1.022s] -- Found PythonInterp: /usr/bin/python3 (found version "3.8.10") 
[1.160s] -- Found ament_cmake_ros: 0.9.2 (/opt/ros/foxy/share/ament_cmake_ros/cmake)
[1.295s] -- Using all available rosidl_typesupport_c: rosidl_typesupport_fastrtps_c;rosidl_typesupport_introspection_c
[1.304s] -- Using all available rosidl_typesupport_cpp: rosidl_typesupport_fastrtps_cpp;rosidl_typesupport_introspection_cpp
[1.327s] -- Found PythonInterp: /usr/bin/python3 (found suitable version "3.8.10", minimum required is "3.5") 
[1.329s] -- Found python_cmake_module: 0.8.1 (/opt/ros/foxy/share/python_cmake_module/cmake)
[1.357s] -- Found PythonLibs: /usr/lib/x86_64-linux-gnu/libpython3.8.so (found suitable version "3.8.10", minimum required is "3.5") 
[1.357s] -- Using PYTHON_EXECUTABLE: /usr/bin/python3
[1.357s] -- Using PYTHON_INCLUDE_DIRS: /usr/include/python3.8
[1.357s] -- Using PYTHON_LIBRARIES: /usr/lib/x86_64-linux-gnu/libpython3.8.so
[1.378s] -- Found PythonExtra: .so  
[1.418s] -- Found ament_lint_auto: 0.9.6 (/opt/ros/foxy/share/ament_lint_auto/cmake)
[1.444s] -- Added test 'copyright' to check source files copyright and LICENSE
[1.446s] -- Added test 'flake8' to check Python code syntax and style conventions
[1.446s] -- Added test 'lint_cmake' to check CMake code style
[1.447s] -- Added test 'pep257' to check Python code against some of the style conventions in PEP 257
[1.448s] -- Added test 'xmllint' to check XML markup files
[1.453s] -- Configuring done
[1.482s] -- Generating done
[1.484s] -- Build files have been written to: /home/senai/omnibot_ws/src/omniBot/build/keyboard_interface
[1.490s] Invoked command in '/home/senai/omnibot_ws/src/omniBot/build/keyboard_interface' returned '0': CMAKE_PREFIX_PATH=${CMAKE_PREFIX_PATH}:/opt/ros/foxy /usr/bin/cmake /home/senai/omnibot_ws/src/omniBot/keyboard_interface -DCMAKE_INSTALL_PREFIX=/home/senai/omnibot_ws/src/omniBot/install/keyboard_interface
[1.492s] Invoking command in '/home/senai/omnibot_ws/src/omniBot/build/keyboard_interface': CMAKE_PREFIX_PATH=${CMAKE_PREFIX_PATH}:/opt/ros/foxy /usr/bin/cmake --build /home/senai/omnibot_ws/src/omniBot/build/keyboard_interface -- -j12 -l12
[1.534s] [  2%] [34m[1mGenerating C code for ROS interfaces[0m
[1.534s] [35m[1mScanning dependencies of target keyboard_interface__cpp[0m
[1.545s] [  5%] [34m[1mGenerating C++ code for ROS interfaces[0m
[1.802s] [35m[1mScanning dependencies of target keyboard_interface__rosidl_generator_c[0m
[1.814s] [  5%] Built target keyboard_interface__cpp
[1.815s] [  7%] [32mBuilding C object CMakeFiles/keyboard_interface__rosidl_generator_c.dir/rosidl_generator_c/keyboard_interface/msg/detail/keys__functions.c.o[0m
[1.815s] [ 10%] [32mBuilding C object CMakeFiles/keyboard_interface__rosidl_generator_c.dir/rosidl_generator_c/keyboard_interface/msg/detail/key_event__functions.c.o[0m
[1.825s] [ 17%] [34m[1mGenerating C++ type support dispatch for ROS interfaces[0m
[1.825s] [ 17%] [34m[1mGenerating C++ type support for eProsima Fast-RTPS[0m
[1.825s] [ 17%] [34m[1mGenerating C++ introspection for ROS interfaces[0m
[1.862s] [ 20%] [32m[1mLinking C shared library libkeyboard_interface__rosidl_generator_c.so[0m
[1.898s] [ 20%] Built target keyboard_interface__rosidl_generator_c
[1.909s] [ 25%] [34m[1mGenerating C introspection for ROS interfaces[0m
[1.909s] [ 25%] [34m[1mGenerating C type support dispatch for ROS interfaces[0m
[2.062s] [35m[1mScanning dependencies of target keyboard_interface__rosidl_typesupport_cpp[0m
[2.074s] [35m[1mScanning dependencies of target keyboard_interface__rosidl_typesupport_introspection_cpp[0m
[2.077s] [ 28%] [32mBuilding CXX object CMakeFiles/keyboard_interface__rosidl_typesupport_cpp.dir/rosidl_typesupport_cpp/keyboard_interface/msg/key_event__type_support.cpp.o[0m
[2.080s] [ 30%] [32mBuilding CXX object CMakeFiles/keyboard_interface__rosidl_typesupport_cpp.dir/rosidl_typesupport_cpp/keyboard_interface/msg/keys__type_support.cpp.o[0m
[2.090s] [ 33%] [32mBuilding CXX object CMakeFiles/keyboard_interface__rosidl_typesupport_introspection_cpp.dir/rosidl_typesupport_introspection_cpp/keyboard_interface/msg/detail/keys__type_support.cpp.o[0m
[2.093s] [ 35%] [32mBuilding CXX object CMakeFiles/keyboard_interface__rosidl_typesupport_introspection_cpp.dir/rosidl_typesupport_introspection_cpp/keyboard_interface/msg/detail/key_event__type_support.cpp.o[0m
[2.165s] [35m[1mScanning dependencies of target keyboard_interface__rosidl_typesupport_c[0m
[2.185s] [ 38%] [32mBuilding CXX object CMakeFiles/keyboard_interface__rosidl_typesupport_c.dir/rosidl_typesupport_c/keyboard_interface/msg/key_event__type_support.cpp.o[0m
[2.186s] [ 41%] [32mBuilding CXX object CMakeFiles/keyboard_interface__rosidl_typesupport_c.dir/rosidl_typesupport_c/keyboard_interface/msg/keys__type_support.cpp.o[0m
[2.188s] [35m[1mScanning dependencies of target keyboard_interface__rosidl_typesupport_fastrtps_cpp[0m
[2.226s] [ 43%] [32mBuilding CXX object CMakeFiles/keyboard_interface__rosidl_typesupport_fastrtps_cpp.dir/rosidl_typesupport_fastrtps_cpp/keyboard_interface/msg/detail/dds_fastrtps/keys__type_support.cpp.o[0m
[2.233s] [ 46%] [32mBuilding CXX object CMakeFiles/keyboard_interface__rosidl_typesupport_fastrtps_cpp.dir/rosidl_typesupport_fastrtps_cpp/keyboard_interface/msg/detail/dds_fastrtps/key_event__type_support.cpp.o[0m
[2.235s] [35m[1mScanning dependencies of target keyboard_interface__rosidl_typesupport_introspection_c[0m
[2.253s] [ 48%] [32m[1mLinking CXX shared library libkeyboard_interface__rosidl_typesupport_c.so[0m
[2.266s] [ 51%] [32mBuilding C object CMakeFiles/keyboard_interface__rosidl_typesupport_introspection_c.dir/rosidl_typesupport_introspection_c/keyboard_interface/msg/detail/key_event__type_support.c.o[0m
[2.277s] [ 53%] [32mBuilding C object CMakeFiles/keyboard_interface__rosidl_typesupport_introspection_c.dir/rosidl_typesupport_introspection_c/keyboard_interface/msg/detail/keys__type_support.c.o[0m
[2.314s] [ 53%] Built target keyboard_interface__rosidl_typesupport_c
[2.332s] [ 56%] [32m[1mLinking C shared library libkeyboard_interface__rosidl_typesupport_introspection_c.so[0m
[2.369s] [ 56%] Built target keyboard_interface__rosidl_typesupport_introspection_c
[2.539s] [ 58%] [32m[1mLinking CXX shared library libkeyboard_interface__rosidl_typesupport_cpp.so[0m
[2.548s] [ 61%] [32m[1mLinking CXX shared library libkeyboard_interface__rosidl_typesupport_introspection_cpp.so[0m
[2.588s] [ 61%] Built target keyboard_interface__rosidl_typesupport_cpp
[2.644s] [ 61%] Built target keyboard_interface__rosidl_typesupport_introspection_cpp
[2.803s] [ 64%] [32m[1mLinking CXX shared library libkeyboard_interface__rosidl_typesupport_fastrtps_cpp.so[0m
[2.897s] [ 64%] Built target keyboard_interface__rosidl_typesupport_fastrtps_cpp
[2.907s] [ 66%] [34m[1mGenerating C type support for eProsima Fast-RTPS[0m
[3.130s] [35m[1mScanning dependencies of target keyboard_interface__rosidl_typesupport_fastrtps_c[0m
[3.147s] [ 71%] [32mBuilding CXX object CMakeFiles/keyboard_interface__rosidl_typesupport_fastrtps_c.dir/rosidl_typesupport_fastrtps_c/keyboard_interface/msg/detail/keys__type_support_c.cpp.o[0m
[3.147s] [ 71%] [32mBuilding CXX object CMakeFiles/keyboard_interface__rosidl_typesupport_fastrtps_c.dir/rosidl_typesupport_fastrtps_c/keyboard_interface/msg/detail/key_event__type_support_c.cpp.o[0m
[3.476s] [ 74%] [32m[1mLinking CXX shared library libkeyboard_interface__rosidl_typesupport_fastrtps_c.so[0m
[3.575s] [ 74%] Built target keyboard_interface__rosidl_typesupport_fastrtps_c
[3.587s] [35m[1mScanning dependencies of target keyboard_interface[0m
[3.598s] [ 74%] Built target keyboard_interface
[3.609s] [35m[1mScanning dependencies of target keyboard_interface__py[0m
[3.621s] [ 76%] [34m[1mGenerating Python code for ROS interfaces[0m
[4.123s] [ 76%] Built target keyboard_interface__py
[4.134s] [35m[1mScanning dependencies of target keyboard_interface__python[0m
[4.174s] [ 82%] [32mBuilding C object CMakeFiles/keyboard_interface__python.dir/rosidl_generator_py/keyboard_interface/msg/_key_event_s.c.o[0m
[4.174s] [ 82%] [32mBuilding C object CMakeFiles/keyboard_interface__python.dir/rosidl_generator_py/keyboard_interface/msg/_keys_s.c.o[0m
[4.263s] [ 84%] [32m[1mLinking C shared library rosidl_generator_py/keyboard_interface/libkeyboard_interface__python.so[0m
[4.306s] [ 84%] Built target keyboard_interface__python
[4.317s] [35m[1mScanning dependencies of target keyboard_interface__rosidl_typesupport_c__pyext[0m
[4.317s] [35m[1mScanning dependencies of target keyboard_interface__rosidl_typesupport_introspection_c__pyext[0m
[4.317s] [35m[1mScanning dependencies of target keyboard_interface__rosidl_typesupport_fastrtps_c__pyext[0m
[4.339s] [ 89%] [32mBuilding C object CMakeFiles/keyboard_interface__rosidl_typesupport_c__pyext.dir/rosidl_generator_py/keyboard_interface/_keyboard_interface_s.ep.rosidl_typesupport_c.c.o[0m
[4.339s] [ 89%] [32mBuilding C object CMakeFiles/keyboard_interface__rosidl_typesupport_fastrtps_c__pyext.dir/rosidl_generator_py/keyboard_interface/_keyboard_interface_s.ep.rosidl_typesupport_fastrtps_c.c.o[0m
[4.339s] [ 92%] [32mBuilding C object CMakeFiles/keyboard_interface__rosidl_typesupport_introspection_c__pyext.dir/rosidl_generator_py/keyboard_interface/_keyboard_interface_s.ep.rosidl_typesupport_introspection_c.c.o[0m
[4.424s] [ 97%] [32m[1mLinking C shared library rosidl_generator_py/keyboard_interface/keyboard_interface_s__rosidl_typesupport_c.cpython-38-x86_64-linux-gnu.so[0m
[4.424s] [ 97%] [32m[1mLinking C shared library rosidl_generator_py/keyboard_interface/keyboard_interface_s__rosidl_typesupport_introspection_c.cpython-38-x86_64-linux-gnu.so[0m
[4.426s] [100%] [32m[1mLinking CXX shared library rosidl_generator_py/keyboard_interface/keyboard_interface_s__rosidl_typesupport_fastrtps_c.cpython-38-x86_64-linux-gnu.so[0m
[4.460s] [100%] Built target keyboard_interface__rosidl_typesupport_introspection_c__pyext
[4.460s] [100%] Built target keyboard_interface__rosidl_typesupport_c__pyext
[4.497s] [100%] Built target keyboard_interface__rosidl_typesupport_fastrtps_c__pyext
[4.513s] Invoked command in '/home/senai/omnibot_ws/src/omniBot/build/keyboard_interface' returned '0': CMAKE_PREFIX_PATH=${CMAKE_PREFIX_PATH}:/opt/ros/foxy /usr/bin/cmake --build /home/senai/omnibot_ws/src/omniBot/build/keyboard_interface -- -j12 -l12
[4.580s] Invoking command in '/home/senai/omnibot_ws/src/omniBot/build/keyboard_interface': CMAKE_PREFIX_PATH=${CMAKE_PREFIX_PATH}:/opt/ros/foxy /usr/bin/cmake --install /home/senai/omnibot_ws/src/omniBot/build/keyboard_interface
[4.590s] -- Install configuration: ""
[4.591s] -- Installing: /home/senai/omnibot_ws/src/omniBot/install/keyboard_interface/share/ament_index/resource_index/rosidl_interfaces/keyboard_interface
[4.591s] -- Installing: /home/senai/omnibot_ws/src/omniBot/install/keyboard_interface/include/keyboard_interface
[4.591s] -- Installing: /home/senai/omnibot_ws/src/omniBot/install/keyboard_interface/include/keyboard_interface/msg
[4.591s] -- Installing: /home/senai/omnibot_ws/src/omniBot/install/keyboard_interface/include/keyboard_interface/msg/key_event.h
[4.591s] -- Installing: /home/senai/omnibot_ws/src/omniBot/install/keyboard_interface/include/keyboard_interface/msg/keys.h
[4.591s] -- Installing: /home/senai/omnibot_ws/src/omniBot/install/keyboard_interface/include/keyboard_interface/msg/rosidl_generator_c__visibility_control.h
[4.591s] -- Installing: /home/senai/omnibot_ws/src/omniBot/install/keyboard_interface/include/keyboard_interface/msg/detail
[4.591s] -- Installing: /home/senai/omnibot_ws/src/omniBot/install/keyboard_interface/include/keyboard_interface/msg/detail/keys__functions.h
[4.591s] -- Installing: /home/senai/omnibot_ws/src/omniBot/install/keyboard_interface/include/keyboard_interface/msg/detail/key_event__functions.c
[4.592s] -- Installing: /home/senai/omnibot_ws/src/omniBot/install/keyboard_interface/include/keyboard_interface/msg/detail/keys__struct.h
[4.592s] -- Installing: /home/senai/omnibot_ws/src/omniBot/install/keyboard_interface/include/keyboard_interface/msg/detail/key_event__struct.h
[4.592s] -- Installing: /home/senai/omnibot_ws/src/omniBot/install/keyboard_interface/include/keyboard_interface/msg/detail/key_event__type_support.h
[4.592s] -- Installing: /home/senai/omnibot_ws/src/omniBot/install/keyboard_interface/include/keyboard_interface/msg/detail/keys__functions.c
[4.592s] -- Installing: /home/senai/omnibot_ws/src/omniBot/install/keyboard_interface/include/keyboard_interface/msg/detail/key_event__functions.h
[4.592s] -- Installing: /home/senai/omnibot_ws/src/omniBot/install/keyboard_interface/include/keyboard_interface/msg/detail/keys__type_support.h
[4.592s] -- Installing: /home/senai/omnibot_ws/src/omniBot/install/keyboard_interface/share/keyboard_interface/environment/library_path.sh
[4.592s] -- Installing: /home/senai/omnibot_ws/src/omniBot/install/keyboard_interface/share/keyboard_interface/environment/library_path.dsv
[4.592s] -- Installing: /home/senai/omnibot_ws/src/omniBot/install/keyboard_interface/lib/libkeyboard_interface__rosidl_generator_c.so
[4.592s] -- Set runtime path of "/home/senai/omnibot_ws/src/omniBot/install/keyboard_interface/lib/libkeyboard_interface__rosidl_generator_c.so" to ""
[4.593s] -- Up-to-date: /home/senai/omnibot_ws/src/omniBot/install/keyboard_interface/include/keyboard_interface
[4.593s] -- Up-to-date: /home/senai/omnibot_ws/src/omniBot/install/keyboard_interface/include/keyboard_interface/msg
[4.593s] -- Installing: /home/senai/omnibot_ws/src/omniBot/install/keyboard_interface/include/keyboard_interface/msg/rosidl_typesupport_fastrtps_c__visibility_control.h
[4.593s] -- Up-to-date: /home/senai/omnibot_ws/src/omniBot/install/keyboard_interface/include/keyboard_interface/msg/detail
[4.593s] -- Installing: /home/senai/omnibot_ws/src/omniBot/install/keyboard_interface/include/keyboard_interface/msg/detail/key_event__rosidl_typesupport_fastrtps_c.h
[4.593s] -- Installing: /home/senai/omnibot_ws/src/omniBot/install/keyboard_interface/include/keyboard_interface/msg/detail/keys__rosidl_typesupport_fastrtps_c.h
[4.593s] -- Installing: /home/senai/omnibot_ws/src/omniBot/install/keyboard_interface/lib/libkeyboard_interface__rosidl_typesupport_fastrtps_c.so
[4.593s] -- Set runtime path of "/home/senai/omnibot_ws/src/omniBot/install/keyboard_interface/lib/libkeyboard_interface__rosidl_typesupport_fastrtps_c.so" to ""
[4.593s] -- Up-to-date: /home/senai/omnibot_ws/src/omniBot/install/keyboard_interface/include/keyboard_interface
[4.593s] -- Up-to-date: /home/senai/omnibot_ws/src/omniBot/install/keyboard_interface/include/keyboard_interface/msg
[4.594s] -- Installing: /home/senai/omnibot_ws/src/omniBot/install/keyboard_interface/include/keyboard_interface/msg/rosidl_typesupport_fastrtps_cpp__visibility_control.h
[4.594s] -- Up-to-date: /home/senai/omnibot_ws/src/omniBot/install/keyboard_interface/include/keyboard_interface/msg/detail
[4.594s] -- Installing: /home/senai/omnibot_ws/src/omniBot/install/keyboard_interface/include/keyboard_interface/msg/detail/dds_fastrtps
[4.594s] -- Installing: /home/senai/omnibot_ws/src/omniBot/install/keyboard_interface/include/keyboard_interface/msg/detail/keys__rosidl_typesupport_fastrtps_cpp.hpp
[4.594s] -- Installing: /home/senai/omnibot_ws/src/omniBot/install/keyboard_interface/include/keyboard_interface/msg/detail/key_event__rosidl_typesupport_fastrtps_cpp.hpp
[4.594s] -- Installing: /home/senai/omnibot_ws/src/omniBot/install/keyboard_interface/lib/libkeyboard_interface__rosidl_typesupport_fastrtps_cpp.so
[4.594s] -- Set runtime path of "/home/senai/omnibot_ws/src/omniBot/install/keyboard_interface/lib/libkeyboard_interface__rosidl_typesupport_fastrtps_cpp.so" to ""
[4.594s] -- Up-to-date: /home/senai/omnibot_ws/src/omniBot/install/keyboard_interface/include/keyboard_interface
[4.594s] -- Up-to-date: /home/senai/omnibot_ws/src/omniBot/install/keyboard_interface/include/keyboard_interface/msg
[4.595s] -- Installing: /home/senai/omnibot_ws/src/omniBot/install/keyboard_interface/include/keyboard_interface/msg/rosidl_typesupport_introspection_c__visibility_control.h
[4.595s] -- Up-to-date: /home/senai/omnibot_ws/src/omniBot/install/keyboard_interface/include/keyboard_interface/msg/detail
[4.595s] -- Installing: /home/senai/omnibot_ws/src/omniBot/install/keyboard_interface/include/keyboard_interface/msg/detail/key_event__rosidl_typesupport_introspection_c.h
[4.595s] -- Installing: /home/senai/omnibot_ws/src/omniBot/install/keyboard_interface/include/keyboard_interface/msg/detail/key_event__type_support.c
[4.595s] -- Installing: /home/senai/omnibot_ws/src/omniBot/install/keyboard_interface/include/keyboard_interface/msg/detail/keys__type_support.c
[4.595s] -- Installing: /home/senai/omnibot_ws/src/omniBot/install/keyboard_interface/include/keyboard_interface/msg/detail/keys__rosidl_typesupport_introspection_c.h
[4.595s] -- Installing: /home/senai/omnibot_ws/src/omniBot/install/keyboard_interface/lib/libkeyboard_interface__rosidl_typesupport_introspection_c.so
[4.595s] -- Set runtime path of "/home/senai/omnibot_ws/src/omniBot/install/keyboard_interface/lib/libkeyboard_interface__rosidl_typesupport_introspection_c.so" to ""
[4.595s] -- Installing: /home/senai/omnibot_ws/src/omniBot/install/keyboard_interface/lib/libkeyboard_interface__rosidl_typesupport_c.so
[4.596s] -- Set runtime path of "/home/senai/omnibot_ws/src/omniBot/install/keyboard_interface/lib/libkeyboard_interface__rosidl_typesupport_c.so" to ""
[4.596s] -- Up-to-date: /home/senai/omnibot_ws/src/omniBot/install/keyboard_interface/include/keyboard_interface
[4.596s] -- Up-to-date: /home/senai/omnibot_ws/src/omniBot/install/keyboard_interface/include/keyboard_interface/msg
[4.596s] -- Installing: /home/senai/omnibot_ws/src/omniBot/install/keyboard_interface/include/keyboard_interface/msg/key_event.hpp
[4.596s] -- Installing: /home/senai/omnibot_ws/src/omniBot/install/keyboard_interface/include/keyboard_interface/msg/keys.hpp
[4.596s] -- Up-to-date: /home/senai/omnibot_ws/src/omniBot/install/keyboard_interface/include/keyboard_interface/msg/detail
[4.596s] -- Installing: /home/senai/omnibot_ws/src/omniBot/install/keyboard_interface/include/keyboard_interface/msg/detail/key_event__builder.hpp
[4.596s] -- Installing: /home/senai/omnibot_ws/src/omniBot/install/keyboard_interface/include/keyboard_interface/msg/detail/key_event__traits.hpp
[4.596s] -- Installing: /home/senai/omnibot_ws/src/omniBot/install/keyboard_interface/include/keyboard_interface/msg/detail/key_event__struct.hpp
[4.596s] -- Installing: /home/senai/omnibot_ws/src/omniBot/install/keyboard_interface/include/keyboard_interface/msg/detail/keys__struct.hpp
[4.596s] -- Installing: /home/senai/omnibot_ws/src/omniBot/install/keyboard_interface/include/keyboard_interface/msg/detail/keys__builder.hpp
[4.597s] -- Installing: /home/senai/omnibot_ws/src/omniBot/install/keyboard_interface/include/keyboard_interface/msg/detail/keys__traits.hpp
[4.597s] -- Up-to-date: /home/senai/omnibot_ws/src/omniBot/install/keyboard_interface/include/keyboard_interface
[4.597s] -- Up-to-date: /home/senai/omnibot_ws/src/omniBot/install/keyboard_interface/include/keyboard_interface/msg
[4.597s] -- Up-to-date: /home/senai/omnibot_ws/src/omniBot/install/keyboard_interface/include/keyboard_interface/msg/detail
[4.597s] -- Installing: /home/senai/omnibot_ws/src/omniBot/install/keyboard_interface/include/keyboard_interface/msg/detail/key_event__rosidl_typesupport_introspection_cpp.hpp
[4.597s] -- Installing: /home/senai/omnibot_ws/src/omniBot/install/keyboard_interface/include/keyboard_interface/msg/detail/key_event__type_support.cpp
[4.597s] -- Installing: /home/senai/omnibot_ws/src/omniBot/install/keyboard_interface/include/keyboard_interface/msg/detail/keys__type_support.cpp
[4.597s] -- Installing: /home/senai/omnibot_ws/src/omniBot/install/keyboard_interface/include/keyboard_interface/msg/detail/keys__rosidl_typesupport_introspection_cpp.hpp
[4.597s] -- Installing: /home/senai/omnibot_ws/src/omniBot/install/keyboard_interface/lib/libkeyboard_interface__rosidl_typesupport_introspection_cpp.so
[4.597s] -- Set runtime path of "/home/senai/omnibot_ws/src/omniBot/install/keyboard_interface/lib/libkeyboard_interface__rosidl_typesupport_introspection_cpp.so" to ""
[4.598s] -- Installing: /home/senai/omnibot_ws/src/omniBot/install/keyboard_interface/lib/libkeyboard_interface__rosidl_typesupport_cpp.so
[4.598s] -- Set runtime path of "/home/senai/omnibot_ws/src/omniBot/install/keyboard_interface/lib/libkeyboard_interface__rosidl_typesupport_cpp.so" to ""
[4.598s] -- Installing: /home/senai/omnibot_ws/src/omniBot/install/keyboard_interface/share/keyboard_interface/environment/pythonpath.sh
[4.598s] -- Installing: /home/senai/omnibot_ws/src/omniBot/install/keyboard_interface/share/keyboard_interface/environment/pythonpath.dsv
[4.598s] -- Installing: /home/senai/omnibot_ws/src/omniBot/install/keyboard_interface/lib/python3.8/site-packages/keyboard_interface/__init__.py
[4.630s] Compiling '/home/senai/omnibot_ws/src/omniBot/install/keyboard_interface/lib/python3.8/site-packages/keyboard_interface/__init__.py'...
[4.634s] -- Installing: /home/senai/omnibot_ws/src/omniBot/install/keyboard_interface/lib/python3.8/site-packages/keyboard_interface/msg
[4.634s] -- Installing: /home/senai/omnibot_ws/src/omniBot/install/keyboard_interface/lib/python3.8/site-packages/keyboard_interface/msg/_keys.py
[4.634s] -- Installing: /home/senai/omnibot_ws/src/omniBot/install/keyboard_interface/lib/python3.8/site-packages/keyboard_interface/msg/__init__.py
[4.634s] -- Installing: /home/senai/omnibot_ws/src/omniBot/install/keyboard_interface/lib/python3.8/site-packages/keyboard_interface/msg/_key_event_s.c
[4.635s] -- Installing: /home/senai/omnibot_ws/src/omniBot/install/keyboard_interface/lib/python3.8/site-packages/keyboard_interface/msg/_key_event.py
[4.635s] -- Installing: /home/senai/omnibot_ws/src/omniBot/install/keyboard_interface/lib/python3.8/site-packages/keyboard_interface/msg/_keys_s.c
[4.635s] -- Installing: /home/senai/omnibot_ws/src/omniBot/install/keyboard_interface/lib/python3.8/site-packages/keyboard_interface/keyboard_interface_s__rosidl_typesupport_fastrtps_c.cpython-38-x86_64-linux-gnu.so
[4.635s] -- Set runtime path of "/home/senai/omnibot_ws/src/omniBot/install/keyboard_interface/lib/python3.8/site-packages/keyboard_interface/keyboard_interface_s__rosidl_typesupport_fastrtps_c.cpython-38-x86_64-linux-gnu.so" to ""
[4.635s] -- Installing: /home/senai/omnibot_ws/src/omniBot/install/keyboard_interface/lib/python3.8/site-packages/keyboard_interface/keyboard_interface_s__rosidl_typesupport_introspection_c.cpython-38-x86_64-linux-gnu.so
[4.636s] -- Set runtime path of "/home/senai/omnibot_ws/src/omniBot/install/keyboard_interface/lib/python3.8/site-packages/keyboard_interface/keyboard_interface_s__rosidl_typesupport_introspection_c.cpython-38-x86_64-linux-gnu.so" to ""
[4.636s] -- Installing: /home/senai/omnibot_ws/src/omniBot/install/keyboard_interface/lib/python3.8/site-packages/keyboard_interface/keyboard_interface_s__rosidl_typesupport_c.cpython-38-x86_64-linux-gnu.so
[4.637s] -- Set runtime path of "/home/senai/omnibot_ws/src/omniBot/install/keyboard_interface/lib/python3.8/site-packages/keyboard_interface/keyboard_interface_s__rosidl_typesupport_c.cpython-38-x86_64-linux-gnu.so" to ""
[4.637s] -- Installing: /home/senai/omnibot_ws/src/omniBot/install/keyboard_interface/lib/libkeyboard_interface__python.so
[4.637s] -- Set runtime path of "/home/senai/omnibot_ws/src/omniBot/install/keyboard_interface/lib/libkeyboard_interface__python.so" to ""
[4.637s] -- Installing: /home/senai/omnibot_ws/src/omniBot/install/keyboard_interface/share/keyboard_interface/msg/Keys.idl
[4.637s] -- Installing: /home/senai/omnibot_ws/src/omniBot/install/keyboard_interface/share/keyboard_interface/msg/KeyEvent.idl
[4.637s] -- Installing: /home/senai/omnibot_ws/src/omniBot/install/keyboard_interface/share/keyboard_interface/msg/Keys.msg
[4.637s] -- Installing: /home/senai/omnibot_ws/src/omniBot/install/keyboard_interface/share/keyboard_interface/msg/KeyEvent.msg
[4.638s] -- Up-to-date: /home/senai/omnibot_ws/src/omniBot/install/keyboard_interface/lib/python3.8/site-packages/keyboard_interface
[4.638s] -- Installing: /home/senai/omnibot_ws/src/omniBot/install/keyboard_interface/lib/python3.8/site-packages/keyboard_interface/__init__.py
[4.668s] Listing '/home/senai/omnibot_ws/src/omniBot/install/keyboard_interface/lib/python3.8/site-packages/keyboard_interface'...
[4.668s] Compiling '/home/senai/omnibot_ws/src/omniBot/install/keyboard_interface/lib/python3.8/site-packages/keyboard_interface/__init__.py'...
[4.669s] Listing '/home/senai/omnibot_ws/src/omniBot/install/keyboard_interface/lib/python3.8/site-packages/keyboard_interface/msg'...
[4.669s] Compiling '/home/senai/omnibot_ws/src/omniBot/install/keyboard_interface/lib/python3.8/site-packages/keyboard_interface/msg/__init__.py'...
[4.669s] Compiling '/home/senai/omnibot_ws/src/omniBot/install/keyboard_interface/lib/python3.8/site-packages/keyboard_interface/msg/_key_event.py'...
[4.669s] Compiling '/home/senai/omnibot_ws/src/omniBot/install/keyboard_interface/lib/python3.8/site-packages/keyboard_interface/msg/_keys.py'...
[4.675s] -- Installing: /home/senai/omnibot_ws/src/omniBot/install/keyboard_interface/lib/keyboard_interface/keyboard_node.py
[4.675s] -- Installing: /home/senai/omnibot_ws/src/omniBot/install/keyboard_interface/share/ament_index/resource_index/package_run_dependencies/keyboard_interface
[4.675s] -- Installing: /home/senai/omnibot_ws/src/omniBot/install/keyboard_interface/share/ament_index/resource_index/parent_prefix_path/keyboard_interface
[4.675s] -- Installing: /home/senai/omnibot_ws/src/omniBot/install/keyboard_interface/share/keyboard_interface/environment/ament_prefix_path.sh
[4.675s] -- Installing: /home/senai/omnibot_ws/src/omniBot/install/keyboard_interface/share/keyboard_interface/environment/ament_prefix_path.dsv
[4.675s] -- Installing: /home/senai/omnibot_ws/src/omniBot/install/keyboard_interface/share/keyboard_interface/environment/path.sh
[4.675s] -- Installing: /home/senai/omnibot_ws/src/omniBot/install/keyboard_interface/share/keyboard_interface/environment/path.dsv
[4.676s] -- Installing: /home/senai/omnibot_ws/src/omniBot/install/keyboard_interface/share/keyboard_interface/local_setup.bash
[4.676s] -- Installing: /home/senai/omnibot_ws/src/omniBot/install/keyboard_interface/share/keyboard_interface/local_setup.sh
[4.676s] -- Installing: /home/senai/omnibot_ws/src/omniBot/install/keyboard_interface/share/keyboard_interface/local_setup.zsh
[4.676s] -- Installing: /home/senai/omnibot_ws/src/omniBot/install/keyboard_interface/share/keyboard_interface/local_setup.dsv
[4.676s] -- Installing: /home/senai/omnibot_ws/src/omniBot/install/keyboard_interface/share/keyboard_interface/package.dsv
[4.676s] -- Installing: /home/senai/omnibot_ws/src/omniBot/install/keyboard_interface/share/ament_index/resource_index/packages/keyboard_interface
[4.676s] -- Installing: /home/senai/omnibot_ws/src/omniBot/install/keyboard_interface/share/keyboard_interface/cmake/keyboard_interface__rosidl_generator_cExport.cmake
[4.676s] -- Installing: /home/senai/omnibot_ws/src/omniBot/install/keyboard_interface/share/keyboard_interface/cmake/keyboard_interface__rosidl_generator_cExport-noconfig.cmake
[4.677s] -- Installing: /home/senai/omnibot_ws/src/omniBot/install/keyboard_interface/share/keyboard_interface/cmake/keyboard_interface__rosidl_typesupport_introspection_cExport.cmake
[4.677s] -- Installing: /home/senai/omnibot_ws/src/omniBot/install/keyboard_interface/share/keyboard_interface/cmake/keyboard_interface__rosidl_typesupport_introspection_cExport-noconfig.cmake
[4.677s] -- Installing: /home/senai/omnibot_ws/src/omniBot/install/keyboard_interface/share/keyboard_interface/cmake/keyboard_interface__rosidl_typesupport_cExport.cmake
[4.677s] -- Installing: /home/senai/omnibot_ws/src/omniBot/install/keyboard_interface/share/keyboard_interface/cmake/keyboard_interface__rosidl_typesupport_cExport-noconfig.cmake
[4.677s] -- Installing: /home/senai/omnibot_ws/src/omniBot/install/keyboard_interface/share/keyboard_interface/cmake/keyboard_interface__rosidl_generator_cppExport.cmake
[4.677s] -- Installing: /home/senai/omnibot_ws/src/omniBot/install/keyboard_interface/share/keyboard_interface/cmake/keyboard_interface__rosidl_typesupport_introspection_cppExport.cmake
[4.677s] -- Installing: /home/senai/omnibot_ws/src/omniBot/install/keyboard_interface/share/keyboard_interface/cmake/keyboard_interface__rosidl_typesupport_introspection_cppExport-noconfig.cmake
[4.677s] -- Installing: /home/senai/omnibot_ws/src/omniBot/install/keyboard_interface/share/keyboard_interface/cmake/keyboard_interface__rosidl_typesupport_cppExport.cmake
[4.678s] -- Installing: /home/senai/omnibot_ws/src/omniBot/install/keyboard_interface/share/keyboard_interface/cmake/keyboard_interface__rosidl_typesupport_cppExport-noconfig.cmake
[4.678s] -- Installing: /home/senai/omnibot_ws/src/omniBot/install/keyboard_interface/share/keyboard_interface/cmake/rosidl_cmake-extras.cmake
[4.678s] -- Installing: /home/senai/omnibot_ws/src/omniBot/install/keyboard_interface/share/keyboard_interface/cmake/ament_cmake_export_dependencies-extras.cmake
[4.678s] -- Installing: /home/senai/omnibot_ws/src/omniBot/install/keyboard_interface/share/keyboard_interface/cmake/ament_cmake_export_libraries-extras.cmake
[4.678s] -- Installing: /home/senai/omnibot_ws/src/omniBot/install/keyboard_interface/share/keyboard_interface/cmake/ament_cmake_export_targets-extras.cmake
[4.678s] -- Installing: /home/senai/omnibot_ws/src/omniBot/install/keyboard_interface/share/keyboard_interface/cmake/ament_cmake_export_include_directories-extras.cmake
[4.678s] -- Installing: /home/senai/omnibot_ws/src/omniBot/install/keyboard_interface/share/keyboard_interface/cmake/rosidl_cmake_export_typesupport_libraries-extras.cmake
[4.678s] -- Installing: /home/senai/omnibot_ws/src/omniBot/install/keyboard_interface/share/keyboard_interface/cmake/rosidl_cmake_export_typesupport_targets-extras.cmake
[4.678s] -- Installing: /home/senai/omnibot_ws/src/omniBot/install/keyboard_interface/share/keyboard_interface/cmake/keyboard_interfaceConfig.cmake
[4.679s] -- Installing: /home/senai/omnibot_ws/src/omniBot/install/keyboard_interface/share/keyboard_interface/cmake/keyboard_interfaceConfig-version.cmake
[4.679s] -- Installing: /home/senai/omnibot_ws/src/omniBot/install/keyboard_interface/share/keyboard_interface/package.xml
[4.682s] Invoked command in '/home/senai/omnibot_ws/src/omniBot/build/keyboard_interface' returned '0': CMAKE_PREFIX_PATH=${CMAKE_PREFIX_PATH}:/opt/ros/foxy /usr/bin/cmake --install /home/senai/omnibot_ws/src/omniBot/build/keyboard_interface
