-- The C compiler identification is GNU 9.3.0
-- The CXX compiler identification is GNU 9.3.0
-- Check for working C compiler: /usr/bin/cc
-- Check for working C compiler: /usr/bin/cc -- works
-- Detecting C compiler ABI info
-- Detecting C compiler ABI info - done
-- Detecting C compile features
-- Detecting C compile features - done
-- Check for working CXX compiler: /usr/bin/c++
-- Check for working CXX compiler: /usr/bin/c++ -- works
-- Detecting CXX compiler ABI info
-- Detecting CXX compiler ABI info - done
-- Detecting CXX compile features
-- Detecting CXX compile features - done
-- Found ament_cmake: 0.9.9 (/opt/ros/foxy/share/ament_cmake/cmake)
-- Found PythonInterp: /usr/bin/python3 (found suitable version "3.8.10", minimum required is "3") 
-- Using PYTHON_EXECUTABLE: /usr/bin/python3
-- Found ros_ign_gazebo: 0.221.2 (/opt/ros/foxy/share/ros_ign_gazebo/cmake)
-- Found ros_ign_bridge: 0.221.2 (/opt/ros/foxy/share/ros_ign_bridge/cmake)
-- Found tf2_ros: 0.13.12 (/opt/ros/foxy/share/tf2_ros/cmake)
-- Using all available rosidl_typesupport_c: rosidl_typesupport_fastrtps_c;rosidl_typesupport_introspection_c
-- Found rosidl_adapter: 1.2.1 (/opt/ros/foxy/share/rosidl_adapter/cmake)
-- Found OpenSSL: /usr/lib/x86_64-linux-gnu/libcrypto.so (found version "1.1.1f")  
-- Found FastRTPS: /opt/ros/foxy/include  
-- Using all available rosidl_typesupport_cpp: rosidl_typesupport_fastrtps_cpp;rosidl_typesupport_introspection_cpp
-- Found rmw_implementation_cmake: 1.0.3 (/opt/ros/foxy/share/rmw_implementation_cmake/cmake)
-- Using RMW implementation 'rmw_fastrtps_cpp' as default
-- Looking for pthread.h
-- Looking for pthread.h - found
-- Performing Test CMAKE_HAVE_LIBC_PTHREAD
-- Performing Test CMAKE_HAVE_LIBC_PTHREAD - Failed
-- Looking for pthread_create in pthreads
-- Looking for pthread_create in pthreads - not found
-- Looking for pthread_create in pthread
-- Looking for pthread_create in pthread - found
-- Found Threads: TRUE  
-- Found ament_lint_auto: 0.9.6 (/opt/ros/foxy/share/ament_lint_auto/cmake)
-- Looking for ignition-common3 -- found version 3.14.0
-- Searching for dependencies of ignition-common3
-- Looking for dlfcn.h - found
-- Looking for libdl - found
-- Found DL: TRUE  
-- Checking for module 'uuid'
--   Found uuid, version 2.34.0
-- Found UUID: TRUE  
-- Looking for ignition-plugin1 -- found version 1.2.1
-- Searching for dependencies of ignition-plugin1
-- Searching for <ignition-plugin1> component [register]
-- Looking for ignition-plugin1-register -- found version 1.2.1
-- Searching for dependencies of ignition-plugin1-register
-- Looking for ignition-plugin1 - found

-- Looking for ignition-gazebo3 -- found version 3.12.0
-- Searching for dependencies of ignition-gazebo3
-- Looking for ignition-math6 -- found version 6.10.0
-- Searching for dependencies of ignition-math6
-- Looking for ignition-plugin1 -- found version 1.2.1
-- Searching for dependencies of ignition-plugin1
-- Searching for <ignition-plugin1> component [loader]
-- Looking for ignition-plugin1-loader -- found version 1.2.1
-- Searching for dependencies of ignition-plugin1-loader
-- Searching for <ignition-plugin1> component [register]
-- Looking for ignition-transport8 -- found version 8.2.1
-- Searching for dependencies of ignition-transport8
-- Found Protobuf: /usr/lib/x86_64-linux-gnu/libprotobuf.so;-lpthread (found suitable version "3.6.1", minimum required is "3") 
-- Config-file not installed for ZeroMQ -- checking for pkg-config
-- Checking for module 'libzmq >= 4'
--   Found libzmq , version 4.3.2
-- Found ZeroMQ: TRUE (Required is at least version "4") 
-- Looking for ignition-msgs5 -- found version 5.8.1
-- Searching for dependencies of ignition-msgs5
-- Looking for ignition-math6 -- found version 6.10.0
-- Checking for module 'tinyxml2'
--   Found tinyxml2, version 6.2.0
-- Searching for <ignition-transport8> component [log]
-- Looking for ignition-transport8-log -- found version 8.2.1
-- Searching for dependencies of ignition-transport8-log
-- Looking for ignition-msgs5 -- found version 5.8.1
-- Looking for ignition-common3 -- found version 3.14.0
-- Searching for dependencies of ignition-common3
-- Looking for dlfcn.h - found
-- Looking for libdl - found
-- Searching for <ignition-common3> component [profiler]
-- Looking for ignition-common3-profiler -- found version 3.14.0
-- Searching for dependencies of ignition-common3-profiler
-- Searching for <ignition-common3> component [events]
-- Looking for ignition-common3-events -- found version 3.14.0
-- Searching for dependencies of ignition-common3-events
-- Looking for ignition-math6 -- found version 6.10.0
-- Searching for <ignition-common3> component [av]
-- Looking for ignition-common3-av -- found version 3.14.0
-- Searching for dependencies of ignition-common3-av
-- Checking for module 'libswscale'
--   Found libswscale, version 5.5.100
-- Found SWSCALE: TRUE  
-- Checking for module 'libavdevice >= 56.4.100'
--   Found libavdevice , version 58.8.100
-- Found AVDEVICE: TRUE (Required is at least version "56.4.100") 
-- Checking for module 'libavformat'
--   Found libavformat, version 58.29.100
-- Found AVFORMAT: TRUE  
-- Checking for module 'libavcodec'
--   Found libavcodec, version 58.54.100
-- Found AVCODEC: TRUE  
-- Checking for module 'libavutil'
--   Found libavutil, version 56.31.100
-- Found AVUTIL: TRUE  
-- Looking for ignition-fuel_tools4 -- found version 4.4.0
-- Searching for dependencies of ignition-fuel_tools4
-- Found CURL: /usr/lib/x86_64-linux-gnu/libcurl.so (found version "7.68.0")  
-- Checking for module 'jsoncpp'
--   Found jsoncpp, version 1.7.4
-- Found JSONCPP: TRUE  
-- Checking for module 'libzip'
--   Found libzip, version 1.5.1
-- Found ZIP: TRUE  
-- Looking for ignition-common3 -- found version 3.14.0
-- Looking for ignition-math6 -- found version 6.10.0
-- Looking for ignition-msgs5 -- found version 5.8.1
-- Looking for ignition-gui3 -- found version 3.9.0
-- Searching for dependencies of ignition-gui3
-- Looking for ignition-math6 -- found version 6.10.0
-- Looking for ignition-common3 -- found version 3.14.0
-- Looking for ignition-plugin1 -- found version 1.2.1
-- Looking for ignition-transport8 -- found version 8.2.1
-- Looking for ignition-rendering3 -- found version 3.6.0
-- Searching for dependencies of ignition-rendering3
-- Looking for ignition-math6 -- found version 6.10.0
-- Looking for ignition-common3 -- found version 3.14.0
-- Searching for dependencies of ignition-common3
-- Looking for dlfcn.h - found
-- Looking for libdl - found
-- Searching for <ignition-common3> component [graphics]
-- Looking for ignition-common3-graphics -- found version 3.14.0
-- Searching for dependencies of ignition-common3-graphics
-- Looking for ignition-math6 -- found version 6.10.0
-- Searching for <ignition-common3> component [events]
-- Looking for ignition-plugin1 -- found version 1.2.1
-- Searching for dependencies of ignition-plugin1
-- Searching for <ignition-plugin1> component [all]
-- Looking for all libraries of ignition-plugin1 -- found version 1.2.1
-- Looking for ignition-plugin1 -- found version 1.2.1
-- Looking for ignition-msgs5 -- found version 5.8.1
-- Looking for ignition-physics2 -- found version 2.5.0
-- Searching for dependencies of ignition-physics2
-- Looking for ignition-math6 -- found version 6.10.0
-- Searching for dependencies of ignition-math6
-- Searching for <ignition-math6> component [eigen3]
-- Looking for ignition-math6-eigen3 -- found version 6.10.0
-- Searching for dependencies of ignition-math6-eigen3
-- Looking for ignition-plugin1 -- found version 1.2.1
-- Searching for <ignition-physics2> component [mesh]
-- Looking for ignition-physics2-mesh -- found version 2.5.0
-- Searching for dependencies of ignition-physics2-mesh
-- Looking for ignition-common3 -- found version 3.14.0
-- Searching for <ignition-physics2> component [sdf]
-- Looking for ignition-physics2-sdf -- found version 2.5.0
-- Searching for dependencies of ignition-physics2-sdf
-- Looking for ignition-sensors3 -- found version 3.3.0
-- Searching for dependencies of ignition-sensors3
-- Looking for ignition-math6 -- found version 6.10.0
-- Looking for ignition-common3 -- found version 3.14.0
-- Looking for ignition-transport8 -- found version 8.2.1
-- Looking for ignition-rendering3 -- found version 3.6.0
-- Looking for ignition-msgs5 -- found version 5.8.1
-- Looking for ignition-plugin1 -- found version 1.2.1
-- Searching for <ignition-sensors3> component [rendering]
-- Looking for ignition-sensors3-rendering -- found version 3.3.0
-- Searching for dependencies of ignition-sensors3-rendering
-- Searching for <ignition-sensors3> component [air_pressure]
-- Looking for ignition-sensors3-air_pressure -- found version 3.3.0
-- Searching for dependencies of ignition-sensors3-air_pressure
-- Searching for <ignition-sensors3> component [altimeter]
-- Looking for ignition-sensors3-altimeter -- found version 3.3.0
-- Searching for dependencies of ignition-sensors3-altimeter
-- Searching for <ignition-sensors3> component [camera]
-- Looking for ignition-sensors3-camera -- found version 3.3.0
-- Searching for dependencies of ignition-sensors3-camera
-- Searching for <ignition-sensors3> component [gpu_lidar]
-- Looking for ignition-sensors3-gpu_lidar -- found version 3.3.0
-- Searching for dependencies of ignition-sensors3-gpu_lidar
-- Searching for <ignition-sensors3> component [imu]
-- Looking for ignition-sensors3-imu -- found version 3.3.0
-- Searching for dependencies of ignition-sensors3-imu
-- Searching for <ignition-sensors3> component [logical_camera]
-- Looking for ignition-sensors3-logical_camera -- found version 3.3.0
-- Searching for dependencies of ignition-sensors3-logical_camera
-- Searching for <ignition-sensors3> component [magnetometer]
-- Looking for ignition-sensors3-magnetometer -- found version 3.3.0
-- Searching for dependencies of ignition-sensors3-magnetometer
-- Searching for <ignition-sensors3> component [depth_camera]
-- Looking for ignition-sensors3-depth_camera -- found version 3.3.0
-- Searching for dependencies of ignition-sensors3-depth_camera
-- Searching for <ignition-sensors3> component [thermal_camera]
-- Looking for ignition-sensors3-thermal_camera -- found version 3.3.0
-- Searching for dependencies of ignition-sensors3-thermal_camera
-- Looking for ignition-rendering3 -- found version 3.6.0
-- Looking for ignition-math6 -- found version 6.10.0
-- Looking for ignition-gazebo3 - found

-- Added test 'copyright' to check source files copyright and LICENSE
-- Added test 'cppcheck' to perform static code analysis on C / C++ code
-- Configured cppcheck include dirs: 
-- Configured cppcheck exclude dirs and/or files: 
-- Added test 'cpplint' to check C / C++ code against the Google style
-- Configured cpplint exclude dirs and/or files: 
-- Added test 'flake8' to check Python code syntax and style conventions
-- Added test 'lint_cmake' to check CMake code style
-- Added test 'pep257' to check Python code against some of the style conventions in PEP 257
-- Added test 'uncrustify' to check C / C++ code style
-- Configured uncrustify additional arguments: 
-- Added test 'xmllint' to check XML markup files
-- Configuring done
-- Generating done
-- Build files have been written to: /home/senai/omnibot_ws/src/omniBot/build/omnibot_ignition
[35m[1mScanning dependencies of target OmniDrive[0m
[ 33%] [32mBuilding CXX object plugin/omni_drive/CMakeFiles/OmniDrive.dir/OmniDrive.cc.o[0m
[ 66%] [32mBuilding CXX object plugin/omni_drive/CMakeFiles/OmniDrive.dir/include/OmniDriveOdometry.cc.o[0m
[100%] [32m[1mLinking CXX shared library libOmniDrive.so[0m
[100%] Built target OmniDrive
-- Install configuration: ""
-- Installing: /home/senai/omnibot_ws/src/omniBot/install/omnibot_ignition/share/omnibot_ignition/worlds
-- Installing: /home/senai/omnibot_ws/src/omniBot/install/omnibot_ignition/share/omnibot_ignition/worlds/mario_world.sdf
-- Installing: /home/senai/omnibot_ws/src/omniBot/install/omnibot_ignition/share/omnibot_ignition/launch
-- Installing: /home/senai/omnibot_ws/src/omniBot/install/omnibot_ignition/share/omnibot_ignition/launch/spawn_ignition.launch.py
-- Installing: /home/senai/omnibot_ws/src/omniBot/install/omnibot_ignition/share/omnibot_ignition/launch/start_simulation.launch.py
-- Installing: /home/senai/omnibot_ws/src/omniBot/install/omnibot_ignition/share/omnibot_ignition/models
-- Installing: /home/senai/omnibot_ws/src/omniBot/install/omnibot_ignition/share/omnibot_ignition/models/star
-- Installing: /home/senai/omnibot_ws/src/omniBot/install/omnibot_ignition/share/omnibot_ignition/models/star/source.blend
-- Installing: /home/senai/omnibot_ws/src/omniBot/install/omnibot_ignition/share/omnibot_ignition/models/star/meshes
-- Installing: /home/senai/omnibot_ws/src/omniBot/install/omnibot_ignition/share/omnibot_ignition/models/star/meshes/visual.dae
-- Installing: /home/senai/omnibot_ws/src/omniBot/install/omnibot_ignition/share/omnibot_ignition/models/star/meshes/collision.stl
-- Installing: /home/senai/omnibot_ws/src/omniBot/install/omnibot_ignition/share/omnibot_ignition/models/star/model.config
-- Installing: /home/senai/omnibot_ws/src/omniBot/install/omnibot_ignition/share/omnibot_ignition/models/star/model.sdf
-- Installing: /home/senai/omnibot_ws/src/omniBot/install/omnibot_ignition/share/omnibot_ignition/models/coin
-- Installing: /home/senai/omnibot_ws/src/omniBot/install/omnibot_ignition/share/omnibot_ignition/models/coin/source.blend
-- Installing: /home/senai/omnibot_ws/src/omniBot/install/omnibot_ignition/share/omnibot_ignition/models/coin/meshes
-- Installing: /home/senai/omnibot_ws/src/omniBot/install/omnibot_ignition/share/omnibot_ignition/models/coin/meshes/visual.dae
-- Installing: /home/senai/omnibot_ws/src/omniBot/install/omnibot_ignition/share/omnibot_ignition/models/coin/meshes/collision.stl
-- Installing: /home/senai/omnibot_ws/src/omniBot/install/omnibot_ignition/share/omnibot_ignition/models/coin/source.blend1
-- Installing: /home/senai/omnibot_ws/src/omniBot/install/omnibot_ignition/share/omnibot_ignition/models/coin/model.config
-- Installing: /home/senai/omnibot_ws/src/omniBot/install/omnibot_ignition/share/omnibot_ignition/models/coin/model.sdf
-- Installing: /home/senai/omnibot_ws/src/omniBot/install/omnibot_ignition/share/omnibot_ignition/models/walls
-- Installing: /home/senai/omnibot_ws/src/omniBot/install/omnibot_ignition/share/omnibot_ignition/models/walls/source.blend
-- Installing: /home/senai/omnibot_ws/src/omniBot/install/omnibot_ignition/share/omnibot_ignition/models/walls/meshes
-- Installing: /home/senai/omnibot_ws/src/omniBot/install/omnibot_ignition/share/omnibot_ignition/models/walls/meshes/visual.dae
-- Installing: /home/senai/omnibot_ws/src/omniBot/install/omnibot_ignition/share/omnibot_ignition/models/walls/meshes/collision.stl
-- Installing: /home/senai/omnibot_ws/src/omniBot/install/omnibot_ignition/share/omnibot_ignition/models/walls/model.config
-- Installing: /home/senai/omnibot_ws/src/omniBot/install/omnibot_ignition/share/omnibot_ignition/models/walls/model.sdf
-- Installing: /home/senai/omnibot_ws/src/omniBot/install/omnibot_ignition/share/omnibot_ignition/models/walls/textures
-- Installing: /home/senai/omnibot_ws/src/omniBot/install/omnibot_ignition/share/omnibot_ignition/models/walls/textures/mario_brick.jpg
-- Installing: /home/senai/omnibot_ws/src/omniBot/install/omnibot_ignition/share/omnibot_ignition/models/plumbing
-- Installing: /home/senai/omnibot_ws/src/omniBot/install/omnibot_ignition/share/omnibot_ignition/models/plumbing/source.blend
-- Installing: /home/senai/omnibot_ws/src/omniBot/install/omnibot_ignition/share/omnibot_ignition/models/plumbing/meshes
-- Installing: /home/senai/omnibot_ws/src/omniBot/install/omnibot_ignition/share/omnibot_ignition/models/plumbing/meshes/visual.dae
-- Installing: /home/senai/omnibot_ws/src/omniBot/install/omnibot_ignition/share/omnibot_ignition/models/plumbing/meshes/collision.stl
-- Installing: /home/senai/omnibot_ws/src/omniBot/install/omnibot_ignition/share/omnibot_ignition/models/plumbing/model.config
-- Installing: /home/senai/omnibot_ws/src/omniBot/install/omnibot_ignition/share/omnibot_ignition/models/plumbing/model.sdf
-- Installing: /home/senai/omnibot_ws/src/omniBot/install/omnibot_ignition/share/omnibot_ignition/environment/omnibot_ignition.sh
-- Installing: /home/senai/omnibot_ws/src/omniBot/install/omnibot_ignition/share/omnibot_ignition/environment/omnibot_ignition.dsv
-- Installing: /home/senai/omnibot_ws/src/omniBot/install/omnibot_ignition/share/ament_index/resource_index/package_run_dependencies/omnibot_ignition
-- Installing: /home/senai/omnibot_ws/src/omniBot/install/omnibot_ignition/share/ament_index/resource_index/parent_prefix_path/omnibot_ignition
-- Installing: /home/senai/omnibot_ws/src/omniBot/install/omnibot_ignition/share/omnibot_ignition/environment/ament_prefix_path.sh
-- Installing: /home/senai/omnibot_ws/src/omniBot/install/omnibot_ignition/share/omnibot_ignition/environment/ament_prefix_path.dsv
-- Installing: /home/senai/omnibot_ws/src/omniBot/install/omnibot_ignition/share/omnibot_ignition/environment/path.sh
-- Installing: /home/senai/omnibot_ws/src/omniBot/install/omnibot_ignition/share/omnibot_ignition/environment/path.dsv
-- Installing: /home/senai/omnibot_ws/src/omniBot/install/omnibot_ignition/share/omnibot_ignition/local_setup.bash
-- Installing: /home/senai/omnibot_ws/src/omniBot/install/omnibot_ignition/share/omnibot_ignition/local_setup.sh
-- Installing: /home/senai/omnibot_ws/src/omniBot/install/omnibot_ignition/share/omnibot_ignition/local_setup.zsh
-- Installing: /home/senai/omnibot_ws/src/omniBot/install/omnibot_ignition/share/omnibot_ignition/local_setup.dsv
-- Installing: /home/senai/omnibot_ws/src/omniBot/install/omnibot_ignition/share/omnibot_ignition/package.dsv
-- Installing: /home/senai/omnibot_ws/src/omniBot/install/omnibot_ignition/share/ament_index/resource_index/packages/omnibot_ignition
-- Installing: /home/senai/omnibot_ws/src/omniBot/install/omnibot_ignition/share/omnibot_ignition/cmake/omnibot_ignitionConfig.cmake
-- Installing: /home/senai/omnibot_ws/src/omniBot/install/omnibot_ignition/share/omnibot_ignition/cmake/omnibot_ignitionConfig-version.cmake
-- Installing: /home/senai/omnibot_ws/src/omniBot/install/omnibot_ignition/share/omnibot_ignition/package.xml
-- Installing: /home/senai/omnibot_ws/src/omniBot/install/omnibot_ignition/lib/libOmniDrive.so
