[0.021s] Invoking command in '/home/senai/omnibot_ws/src/omniBot/build/omnibot_ignition': CMAKE_PREFIX_PATH=${CMAKE_PREFIX_PATH}:/opt/ros/foxy /usr/bin/cmake /home/senai/omnibot_ws/src/omniBot/omnibot_ignition -DCMAKE_INSTALL_PREFIX=/home/senai/omnibot_ws/src/omniBot/install/omnibot_ignition
[0.075s] -- The C compiler identification is GNU 9.3.0
[0.127s] -- The CXX compiler identification is GNU 9.3.0
[0.131s] -- Check for working C compiler: /usr/bin/cc
[0.197s] -- Check for working C compiler: /usr/bin/cc -- works
[0.198s] -- Detecting C compiler ABI info
[0.264s] -- Detecting C compiler ABI info - done
[0.274s] -- Detecting C compile features
[0.274s] -- Detecting C compile features - done
[0.277s] -- Check for working CXX compiler: /usr/bin/c++
[0.361s] -- Check for working CXX compiler: /usr/bin/c++ -- works
[0.362s] -- Detecting CXX compiler ABI info
[0.439s] -- Detecting CXX compiler ABI info - done
[0.450s] -- Detecting CXX compile features
[0.451s] -- Detecting CXX compile features - done
[0.453s] -- Found ament_cmake: 0.9.9 (/opt/ros/foxy/share/ament_cmake/cmake)
[0.477s] -- Found PythonInterp: /usr/bin/python3 (found suitable version "3.8.10", minimum required is "3") 
[0.478s] -- Using PYTHON_EXECUTABLE: /usr/bin/python3
[0.703s] -- Found ros_ign_gazebo: 0.221.2 (/opt/ros/foxy/share/ros_ign_gazebo/cmake)
[0.705s] -- Found ros_ign_bridge: 0.221.2 (/opt/ros/foxy/share/ros_ign_bridge/cmake)
[0.708s] -- Found tf2_ros: 0.13.12 (/opt/ros/foxy/share/tf2_ros/cmake)
[0.740s] -- Using all available rosidl_typesupport_c: rosidl_typesupport_fastrtps_c;rosidl_typesupport_introspection_c
[0.747s] -- Found rosidl_adapter: 1.2.1 (/opt/ros/foxy/share/rosidl_adapter/cmake)
[0.840s] -- Found OpenSSL: /usr/lib/x86_64-linux-gnu/libcrypto.so (found version "1.1.1f")  
[0.883s] -- Found FastRTPS: /opt/ros/foxy/include  
[0.961s] -- Using all available rosidl_typesupport_cpp: rosidl_typesupport_fastrtps_cpp;rosidl_typesupport_introspection_cpp
[1.102s] -- Found rmw_implementation_cmake: 1.0.3 (/opt/ros/foxy/share/rmw_implementation_cmake/cmake)
[1.104s] -- Using RMW implementation 'rmw_fastrtps_cpp' as default
[1.104s] -- Looking for pthread.h
[1.174s] -- Looking for pthread.h - found
[1.174s] -- Performing Test CMAKE_HAVE_LIBC_PTHREAD
[1.246s] -- Performing Test CMAKE_HAVE_LIBC_PTHREAD - Failed
[1.247s] -- Looking for pthread_create in pthreads
[1.307s] -- Looking for pthread_create in pthreads - not found
[1.307s] -- Looking for pthread_create in pthread
[1.375s] -- Looking for pthread_create in pthread - found
[1.377s] -- Found Threads: TRUE  
[1.886s] -- Found ament_lint_auto: 0.9.6 (/opt/ros/foxy/share/ament_lint_auto/cmake)
[1.978s] -- Looking for ignition-common3 -- found version 3.14.0
[1.978s] -- Searching for dependencies of ignition-common3
[1.978s] -- Looking for dlfcn.h - found
[1.979s] -- Looking for libdl - found
[1.981s] -- Found DL: TRUE  
[1.987s] -- Checking for module 'uuid'
[2.010s] --   Found uuid, version 2.34.0
[2.085s] -- Found UUID: TRUE  
[2.091s] -- Looking for ignition-plugin1 -- found version 1.2.1
[2.091s] -- Searching for dependencies of ignition-plugin1
[2.093s] -- Searching for <ignition-plugin1> component [register]
[2.097s] -- Looking for ignition-plugin1-register -- found version 1.2.1
[2.099s] -- Searching for dependencies of ignition-plugin1-register
[2.100s] -- Looking for ignition-plugin1 - found
[2.100s] 
[2.105s] -- Looking for ignition-gazebo3 -- found version 3.12.0
[2.106s] -- Searching for dependencies of ignition-gazebo3
[2.115s] -- Looking for ignition-math6 -- found version 6.10.0
[2.116s] -- Searching for dependencies of ignition-math6
[2.118s] -- Looking for ignition-plugin1 -- found version 1.2.1
[2.119s] -- Searching for dependencies of ignition-plugin1
[2.119s] -- Searching for <ignition-plugin1> component [loader]
[2.123s] -- Looking for ignition-plugin1-loader -- found version 1.2.1
[2.124s] -- Searching for dependencies of ignition-plugin1-loader
[2.125s] -- Searching for <ignition-plugin1> component [register]
[2.130s] -- Looking for ignition-transport8 -- found version 8.2.1
[2.131s] -- Searching for dependencies of ignition-transport8
[2.201s] -- Found Protobuf: /usr/lib/x86_64-linux-gnu/libprotobuf.so;-lpthread (found suitable version "3.6.1", minimum required is "3") 
[2.224s] -- Config-file not installed for ZeroMQ -- checking for pkg-config
[2.232s] -- Checking for module 'libzmq >= 4'
[2.275s] --   Found libzmq , version 4.3.2
[2.353s] -- Found ZeroMQ: TRUE (Required is at least version "4") 
[2.367s] -- Looking for ignition-msgs5 -- found version 5.8.1
[2.367s] -- Searching for dependencies of ignition-msgs5
[2.398s] -- Looking for ignition-math6 -- found version 6.10.0
[2.405s] -- Checking for module 'tinyxml2'
[2.434s] --   Found tinyxml2, version 6.2.0
[2.504s] -- Searching for <ignition-transport8> component [log]
[2.507s] -- Looking for ignition-transport8-log -- found version 8.2.1
[2.507s] -- Searching for dependencies of ignition-transport8-log
[2.509s] -- Looking for ignition-msgs5 -- found version 5.8.1
[2.509s] -- Looking for ignition-common3 -- found version 3.14.0
[2.510s] -- Searching for dependencies of ignition-common3
[2.510s] -- Looking for dlfcn.h - found
[2.510s] -- Looking for libdl - found
[2.521s] -- Searching for <ignition-common3> component [profiler]
[2.524s] -- Looking for ignition-common3-profiler -- found version 3.14.0
[2.525s] -- Searching for dependencies of ignition-common3-profiler
[2.526s] -- Searching for <ignition-common3> component [events]
[2.528s] -- Looking for ignition-common3-events -- found version 3.14.0
[2.529s] -- Searching for dependencies of ignition-common3-events
[2.529s] -- Looking for ignition-math6 -- found version 6.10.0
[2.530s] -- Searching for <ignition-common3> component [av]
[2.533s] -- Looking for ignition-common3-av -- found version 3.14.0
[2.534s] -- Searching for dependencies of ignition-common3-av
[2.539s] -- Checking for module 'libswscale'
[2.563s] --   Found libswscale, version 5.5.100
[2.634s] -- Found SWSCALE: TRUE  
[2.641s] -- Checking for module 'libavdevice >= 56.4.100'
[2.664s] --   Found libavdevice , version 58.8.100
[2.724s] -- Found AVDEVICE: TRUE (Required is at least version "56.4.100") 
[2.729s] -- Checking for module 'libavformat'
[2.750s] --   Found libavformat, version 58.29.100
[2.806s] -- Found AVFORMAT: TRUE  
[2.811s] -- Checking for module 'libavcodec'
[2.831s] --   Found libavcodec, version 58.54.100
[2.886s] -- Found AVCODEC: TRUE  
[2.891s] -- Checking for module 'libavutil'
[2.909s] --   Found libavutil, version 56.31.100
[2.959s] -- Found AVUTIL: TRUE  
[2.962s] -- Looking for ignition-fuel_tools4 -- found version 4.4.0
[2.963s] -- Searching for dependencies of ignition-fuel_tools4
[3.046s] -- Found CURL: /usr/lib/x86_64-linux-gnu/libcurl.so (found version "7.68.0")  
[3.055s] -- Checking for module 'jsoncpp'
[3.072s] --   Found jsoncpp, version 1.7.4
[3.121s] -- Found JSONCPP: TRUE  
[3.126s] -- Checking for module 'libzip'
[3.146s] --   Found libzip, version 1.5.1
[3.194s] -- Found ZIP: TRUE  
[3.194s] -- Looking for ignition-common3 -- found version 3.14.0
[3.195s] -- Looking for ignition-math6 -- found version 6.10.0
[3.195s] -- Looking for ignition-msgs5 -- found version 5.8.1
[3.199s] -- Looking for ignition-gui3 -- found version 3.9.0
[3.200s] -- Searching for dependencies of ignition-gui3
[3.225s] -- Looking for ignition-math6 -- found version 6.10.0
[3.226s] -- Looking for ignition-common3 -- found version 3.14.0
[3.226s] -- Looking for ignition-plugin1 -- found version 1.2.1
[3.226s] -- Looking for ignition-transport8 -- found version 8.2.1
[3.229s] -- Looking for ignition-rendering3 -- found version 3.6.0
[3.229s] -- Searching for dependencies of ignition-rendering3
[3.229s] -- Looking for ignition-math6 -- found version 6.10.0
[3.230s] -- Looking for ignition-common3 -- found version 3.14.0
[3.230s] -- Searching for dependencies of ignition-common3
[3.230s] -- Looking for dlfcn.h - found
[3.230s] -- Looking for libdl - found
[3.239s] -- Searching for <ignition-common3> component [graphics]
[3.241s] -- Looking for ignition-common3-graphics -- found version 3.14.0
[3.241s] -- Searching for dependencies of ignition-common3-graphics
[3.242s] -- Looking for ignition-math6 -- found version 6.10.0
[3.243s] -- Searching for <ignition-common3> component [events]
[3.243s] -- Looking for ignition-plugin1 -- found version 1.2.1
[3.244s] -- Searching for dependencies of ignition-plugin1
[3.244s] -- Searching for <ignition-plugin1> component [all]
[3.246s] -- Looking for all libraries of ignition-plugin1 -- found version 1.2.1
[3.247s] -- Looking for ignition-plugin1 -- found version 1.2.1
[3.249s] -- Looking for ignition-msgs5 -- found version 5.8.1
[3.270s] -- Looking for ignition-physics2 -- found version 2.5.0
[3.270s] -- Searching for dependencies of ignition-physics2
[3.270s] -- Looking for ignition-math6 -- found version 6.10.0
[3.271s] -- Searching for dependencies of ignition-math6
[3.271s] -- Searching for <ignition-math6> component [eigen3]
[3.273s] -- Looking for ignition-math6-eigen3 -- found version 6.10.0
[3.274s] -- Searching for dependencies of ignition-math6-eigen3
[3.278s] -- Looking for ignition-plugin1 -- found version 1.2.1
[3.279s] -- Searching for <ignition-physics2> component [mesh]
[3.281s] -- Looking for ignition-physics2-mesh -- found version 2.5.0
[3.282s] -- Searching for dependencies of ignition-physics2-mesh
[3.282s] -- Looking for ignition-common3 -- found version 3.14.0
[3.283s] -- Searching for <ignition-physics2> component [sdf]
[3.286s] -- Looking for ignition-physics2-sdf -- found version 2.5.0
[3.286s] -- Searching for dependencies of ignition-physics2-sdf
[3.290s] -- Looking for ignition-sensors3 -- found version 3.3.0
[3.290s] -- Searching for dependencies of ignition-sensors3
[3.310s] -- Looking for ignition-math6 -- found version 6.10.0
[3.310s] -- Looking for ignition-common3 -- found version 3.14.0
[3.311s] -- Looking for ignition-transport8 -- found version 8.2.1
[3.311s] -- Looking for ignition-rendering3 -- found version 3.6.0
[3.312s] -- Looking for ignition-msgs5 -- found version 5.8.1
[3.312s] -- Looking for ignition-plugin1 -- found version 1.2.1
[3.313s] -- Searching for <ignition-sensors3> component [rendering]
[3.316s] -- Looking for ignition-sensors3-rendering -- found version 3.3.0
[3.316s] -- Searching for dependencies of ignition-sensors3-rendering
[3.317s] -- Searching for <ignition-sensors3> component [air_pressure]
[3.320s] -- Looking for ignition-sensors3-air_pressure -- found version 3.3.0
[3.320s] -- Searching for dependencies of ignition-sensors3-air_pressure
[3.321s] -- Searching for <ignition-sensors3> component [altimeter]
[3.323s] -- Looking for ignition-sensors3-altimeter -- found version 3.3.0
[3.324s] -- Searching for dependencies of ignition-sensors3-altimeter
[3.325s] -- Searching for <ignition-sensors3> component [camera]
[3.327s] -- Looking for ignition-sensors3-camera -- found version 3.3.0
[3.327s] -- Searching for dependencies of ignition-sensors3-camera
[3.328s] -- Searching for <ignition-sensors3> component [gpu_lidar]
[3.330s] -- Looking for ignition-sensors3-gpu_lidar -- found version 3.3.0
[3.331s] -- Searching for dependencies of ignition-sensors3-gpu_lidar
[3.332s] -- Searching for <ignition-sensors3> component [imu]
[3.334s] -- Looking for ignition-sensors3-imu -- found version 3.3.0
[3.335s] -- Searching for dependencies of ignition-sensors3-imu
[3.336s] -- Searching for <ignition-sensors3> component [logical_camera]
[3.338s] -- Looking for ignition-sensors3-logical_camera -- found version 3.3.0
[3.338s] -- Searching for dependencies of ignition-sensors3-logical_camera
[3.339s] -- Searching for <ignition-sensors3> component [magnetometer]
[3.342s] -- Looking for ignition-sensors3-magnetometer -- found version 3.3.0
[3.342s] -- Searching for dependencies of ignition-sensors3-magnetometer
[3.343s] -- Searching for <ignition-sensors3> component [depth_camera]
[3.345s] -- Looking for ignition-sensors3-depth_camera -- found version 3.3.0
[3.346s] -- Searching for dependencies of ignition-sensors3-depth_camera
[3.347s] -- Searching for <ignition-sensors3> component [thermal_camera]
[3.349s] -- Looking for ignition-sensors3-thermal_camera -- found version 3.3.0
[3.349s] -- Searching for dependencies of ignition-sensors3-thermal_camera
[3.351s] -- Looking for ignition-rendering3 -- found version 3.6.0
[3.351s] -- Looking for ignition-math6 -- found version 6.10.0
[3.375s] -- Looking for ignition-gazebo3 - found
[3.375s] 
[3.379s] -- Added test 'copyright' to check source files copyright and LICENSE
[3.382s] -- Added test 'cppcheck' to perform static code analysis on C / C++ code
[3.382s] -- Configured cppcheck include dirs: 
[3.382s] -- Configured cppcheck exclude dirs and/or files: 
[3.384s] -- Added test 'cpplint' to check C / C++ code against the Google style
[3.384s] -- Configured cpplint exclude dirs and/or files: 
[3.385s] -- Added test 'flake8' to check Python code syntax and style conventions
[3.386s] -- Added test 'lint_cmake' to check CMake code style
[3.386s] -- Added test 'pep257' to check Python code against some of the style conventions in PEP 257
[3.388s] -- Added test 'uncrustify' to check C / C++ code style
[3.388s] -- Configured uncrustify additional arguments: 
[3.389s] -- Added test 'xmllint' to check XML markup files
[3.394s] -- Configuring done
[3.404s] -- Generating done
[3.406s] -- Build files have been written to: /home/senai/omnibot_ws/src/omniBot/build/omnibot_ignition
[3.422s] Invoked command in '/home/senai/omnibot_ws/src/omniBot/build/omnibot_ignition' returned '0': CMAKE_PREFIX_PATH=${CMAKE_PREFIX_PATH}:/opt/ros/foxy /usr/bin/cmake /home/senai/omnibot_ws/src/omniBot/omnibot_ignition -DCMAKE_INSTALL_PREFIX=/home/senai/omnibot_ws/src/omniBot/install/omnibot_ignition
[3.425s] Invoking command in '/home/senai/omnibot_ws/src/omniBot/build/omnibot_ignition': CMAKE_PREFIX_PATH=${CMAKE_PREFIX_PATH}:/opt/ros/foxy /usr/bin/cmake --build /home/senai/omnibot_ws/src/omniBot/build/omnibot_ignition -- -j12 -l12
[3.472s] [35m[1mScanning dependencies of target OmniDrive[0m
[3.582s] [ 33%] [32mBuilding CXX object plugin/omni_drive/CMakeFiles/OmniDrive.dir/OmniDrive.cc.o[0m
[3.582s] [ 66%] [32mBuilding CXX object plugin/omni_drive/CMakeFiles/OmniDrive.dir/include/OmniDriveOdometry.cc.o[0m
[13.295s] [100%] [32m[1mLinking CXX shared library libOmniDrive.so[0m
[13.758s] [100%] Built target OmniDrive
[13.772s] Invoked command in '/home/senai/omnibot_ws/src/omniBot/build/omnibot_ignition' returned '0': CMAKE_PREFIX_PATH=${CMAKE_PREFIX_PATH}:/opt/ros/foxy /usr/bin/cmake --build /home/senai/omnibot_ws/src/omniBot/build/omnibot_ignition -- -j12 -l12
[13.798s] Invoking command in '/home/senai/omnibot_ws/src/omniBot/build/omnibot_ignition': CMAKE_PREFIX_PATH=${CMAKE_PREFIX_PATH}:/opt/ros/foxy /usr/bin/cmake --install /home/senai/omnibot_ws/src/omniBot/build/omnibot_ignition
[13.807s] -- Install configuration: ""
[13.807s] -- Installing: /home/senai/omnibot_ws/src/omniBot/install/omnibot_ignition/share/omnibot_ignition/worlds
[13.807s] -- Installing: /home/senai/omnibot_ws/src/omniBot/install/omnibot_ignition/share/omnibot_ignition/worlds/mario_world.sdf
[13.807s] -- Installing: /home/senai/omnibot_ws/src/omniBot/install/omnibot_ignition/share/omnibot_ignition/launch
[13.807s] -- Installing: /home/senai/omnibot_ws/src/omniBot/install/omnibot_ignition/share/omnibot_ignition/launch/spawn_ignition.launch.py
[13.807s] -- Installing: /home/senai/omnibot_ws/src/omniBot/install/omnibot_ignition/share/omnibot_ignition/launch/start_simulation.launch.py
[13.808s] -- Installing: /home/senai/omnibot_ws/src/omniBot/install/omnibot_ignition/share/omnibot_ignition/models
[13.808s] -- Installing: /home/senai/omnibot_ws/src/omniBot/install/omnibot_ignition/share/omnibot_ignition/models/star
[13.808s] -- Installing: /home/senai/omnibot_ws/src/omniBot/install/omnibot_ignition/share/omnibot_ignition/models/star/source.blend
[13.808s] -- Installing: /home/senai/omnibot_ws/src/omniBot/install/omnibot_ignition/share/omnibot_ignition/models/star/meshes
[13.808s] -- Installing: /home/senai/omnibot_ws/src/omniBot/install/omnibot_ignition/share/omnibot_ignition/models/star/meshes/visual.dae
[13.808s] -- Installing: /home/senai/omnibot_ws/src/omniBot/install/omnibot_ignition/share/omnibot_ignition/models/star/meshes/collision.stl
[13.808s] -- Installing: /home/senai/omnibot_ws/src/omniBot/install/omnibot_ignition/share/omnibot_ignition/models/star/model.config
[13.809s] -- Installing: /home/senai/omnibot_ws/src/omniBot/install/omnibot_ignition/share/omnibot_ignition/models/star/model.sdf
[13.809s] -- Installing: /home/senai/omnibot_ws/src/omniBot/install/omnibot_ignition/share/omnibot_ignition/models/coin
[13.809s] -- Installing: /home/senai/omnibot_ws/src/omniBot/install/omnibot_ignition/share/omnibot_ignition/models/coin/source.blend
[13.810s] -- Installing: /home/senai/omnibot_ws/src/omniBot/install/omnibot_ignition/share/omnibot_ignition/models/coin/meshes
[13.810s] -- Installing: /home/senai/omnibot_ws/src/omniBot/install/omnibot_ignition/share/omnibot_ignition/models/coin/meshes/visual.dae
[13.810s] -- Installing: /home/senai/omnibot_ws/src/omniBot/install/omnibot_ignition/share/omnibot_ignition/models/coin/meshes/collision.stl
[13.810s] -- Installing: /home/senai/omnibot_ws/src/omniBot/install/omnibot_ignition/share/omnibot_ignition/models/coin/source.blend1
[13.811s] -- Installing: /home/senai/omnibot_ws/src/omniBot/install/omnibot_ignition/share/omnibot_ignition/models/coin/model.config
[13.811s] -- Installing: /home/senai/omnibot_ws/src/omniBot/install/omnibot_ignition/share/omnibot_ignition/models/coin/model.sdf
[13.811s] -- Installing: /home/senai/omnibot_ws/src/omniBot/install/omnibot_ignition/share/omnibot_ignition/models/walls
[13.811s] -- Installing: /home/senai/omnibot_ws/src/omniBot/install/omnibot_ignition/share/omnibot_ignition/models/walls/source.blend
[13.812s] -- Installing: /home/senai/omnibot_ws/src/omniBot/install/omnibot_ignition/share/omnibot_ignition/models/walls/meshes
[13.812s] -- Installing: /home/senai/omnibot_ws/src/omniBot/install/omnibot_ignition/share/omnibot_ignition/models/walls/meshes/visual.dae
[13.812s] -- Installing: /home/senai/omnibot_ws/src/omniBot/install/omnibot_ignition/share/omnibot_ignition/models/walls/meshes/collision.stl
[13.813s] -- Installing: /home/senai/omnibot_ws/src/omniBot/install/omnibot_ignition/share/omnibot_ignition/models/walls/model.config
[13.813s] -- Installing: /home/senai/omnibot_ws/src/omniBot/install/omnibot_ignition/share/omnibot_ignition/models/walls/model.sdf
[13.813s] -- Installing: /home/senai/omnibot_ws/src/omniBot/install/omnibot_ignition/share/omnibot_ignition/models/walls/textures
[13.813s] -- Installing: /home/senai/omnibot_ws/src/omniBot/install/omnibot_ignition/share/omnibot_ignition/models/walls/textures/mario_brick.jpg
[13.813s] -- Installing: /home/senai/omnibot_ws/src/omniBot/install/omnibot_ignition/share/omnibot_ignition/models/plumbing
[13.813s] -- Installing: /home/senai/omnibot_ws/src/omniBot/install/omnibot_ignition/share/omnibot_ignition/models/plumbing/source.blend
[13.814s] -- Installing: /home/senai/omnibot_ws/src/omniBot/install/omnibot_ignition/share/omnibot_ignition/models/plumbing/meshes
[13.814s] -- Installing: /home/senai/omnibot_ws/src/omniBot/install/omnibot_ignition/share/omnibot_ignition/models/plumbing/meshes/visual.dae
[13.814s] -- Installing: /home/senai/omnibot_ws/src/omniBot/install/omnibot_ignition/share/omnibot_ignition/models/plumbing/meshes/collision.stl
[13.814s] -- Installing: /home/senai/omnibot_ws/src/omniBot/install/omnibot_ignition/share/omnibot_ignition/models/plumbing/model.config
[13.814s] -- Installing: /home/senai/omnibot_ws/src/omniBot/install/omnibot_ignition/share/omnibot_ignition/models/plumbing/model.sdf
[13.814s] -- Installing: /home/senai/omnibot_ws/src/omniBot/install/omnibot_ignition/share/omnibot_ignition/environment/omnibot_ignition.sh
[13.814s] -- Installing: /home/senai/omnibot_ws/src/omniBot/install/omnibot_ignition/share/omnibot_ignition/environment/omnibot_ignition.dsv
[13.815s] -- Installing: /home/senai/omnibot_ws/src/omniBot/install/omnibot_ignition/share/ament_index/resource_index/package_run_dependencies/omnibot_ignition
[13.815s] -- Installing: /home/senai/omnibot_ws/src/omniBot/install/omnibot_ignition/share/ament_index/resource_index/parent_prefix_path/omnibot_ignition
[13.815s] -- Installing: /home/senai/omnibot_ws/src/omniBot/install/omnibot_ignition/share/omnibot_ignition/environment/ament_prefix_path.sh
[13.815s] -- Installing: /home/senai/omnibot_ws/src/omniBot/install/omnibot_ignition/share/omnibot_ignition/environment/ament_prefix_path.dsv
[13.815s] -- Installing: /home/senai/omnibot_ws/src/omniBot/install/omnibot_ignition/share/omnibot_ignition/environment/path.sh
[13.815s] -- Installing: /home/senai/omnibot_ws/src/omniBot/install/omnibot_ignition/share/omnibot_ignition/environment/path.dsv
[13.815s] -- Installing: /home/senai/omnibot_ws/src/omniBot/install/omnibot_ignition/share/omnibot_ignition/local_setup.bash
[13.816s] -- Installing: /home/senai/omnibot_ws/src/omniBot/install/omnibot_ignition/share/omnibot_ignition/local_setup.sh
[13.816s] -- Installing: /home/senai/omnibot_ws/src/omniBot/install/omnibot_ignition/share/omnibot_ignition/local_setup.zsh
[13.816s] -- Installing: /home/senai/omnibot_ws/src/omniBot/install/omnibot_ignition/share/omnibot_ignition/local_setup.dsv
[13.816s] -- Installing: /home/senai/omnibot_ws/src/omniBot/install/omnibot_ignition/share/omnibot_ignition/package.dsv
[13.816s] -- Installing: /home/senai/omnibot_ws/src/omniBot/install/omnibot_ignition/share/ament_index/resource_index/packages/omnibot_ignition
[13.816s] -- Installing: /home/senai/omnibot_ws/src/omniBot/install/omnibot_ignition/share/omnibot_ignition/cmake/omnibot_ignitionConfig.cmake
[13.816s] -- Installing: /home/senai/omnibot_ws/src/omniBot/install/omnibot_ignition/share/omnibot_ignition/cmake/omnibot_ignitionConfig-version.cmake
[13.816s] -- Installing: /home/senai/omnibot_ws/src/omniBot/install/omnibot_ignition/share/omnibot_ignition/package.xml
[13.817s] -- Installing: /home/senai/omnibot_ws/src/omniBot/install/omnibot_ignition/lib/libOmniDrive.so
[13.824s] Invoked command in '/home/senai/omnibot_ws/src/omniBot/build/omnibot_ignition' returned '0': CMAKE_PREFIX_PATH=${CMAKE_PREFIX_PATH}:/opt/ros/foxy /usr/bin/cmake --install /home/senai/omnibot_ws/src/omniBot/build/omnibot_ignition
