[0.032s] Invoking command in '/home/senai/omnibot_ws/src/omniBot/build/keyboard_interface': CMAKE_PREFIX_PATH=${CMAKE_PREFIX_PATH}:/opt/ros/foxy /usr/bin/cmake --build /home/senai/omnibot_ws/src/omniBot/build/keyboard_interface -- -j12 -l12
[0.085s] [  7%] Built target keyboard_interface__cpp
[0.085s] [ 12%] Built target keyboard_interface__rosidl_generator_c
[0.113s] [ 23%] Built target keyboard_interface__rosidl_typesupport_cpp
[0.114s] [ 33%] Built target keyboard_interface__rosidl_typesupport_introspection_cpp
[0.114s] [ 43%] Built target keyboard_interface__rosidl_typesupport_c
[0.116s] [ 53%] Built target keyboard_interface__rosidl_typesupport_introspection_c
[0.122s] [ 64%] Built target keyboard_interface__rosidl_typesupport_fastrtps_cpp
[0.151s] [ 74%] Built target keyboard_interface__rosidl_typesupport_fastrtps_c
[0.178s] [ 74%] Built target keyboard_interface
[0.198s] [ 76%] Built target keyboard_interface__py
[0.224s] [ 84%] Built target keyboard_interface__python
[0.252s] [100%] Built target keyboard_interface__rosidl_typesupport_c__pyext
[0.252s] [100%] Built target keyboard_interface__rosidl_typesupport_introspection_c__pyext
[0.252s] [100%] Built target keyboard_interface__rosidl_typesupport_fastrtps_c__pyext
[0.267s] Invoked command in '/home/senai/omnibot_ws/src/omniBot/build/keyboard_interface' returned '0': CMAKE_PREFIX_PATH=${CMAKE_PREFIX_PATH}:/opt/ros/foxy /usr/bin/cmake --build /home/senai/omnibot_ws/src/omniBot/build/keyboard_interface -- -j12 -l12
[0.336s] Invoking command in '/home/senai/omnibot_ws/src/omniBot/build/keyboard_interface': CMAKE_PREFIX_PATH=${CMAKE_PREFIX_PATH}:/opt/ros/foxy /usr/bin/cmake --install /home/senai/omnibot_ws/src/omniBot/build/keyboard_interface
[0.349s] -- Install configuration: ""
[0.349s] -- Up-to-date: /home/senai/omnibot_ws/src/omniBot/install/keyboard_interface/share/ament_index/resource_index/rosidl_interfaces/keyboard_interface
[0.350s] -- Up-to-date: /home/senai/omnibot_ws/src/omniBot/install/keyboard_interface/include/keyboard_interface
[0.350s] -- Up-to-date: /home/senai/omnibot_ws/src/omniBot/install/keyboard_interface/include/keyboard_interface/msg
[0.350s] -- Up-to-date: /home/senai/omnibot_ws/src/omniBot/install/keyboard_interface/include/keyboard_interface/msg/key_event.h
[0.350s] -- Up-to-date: /home/senai/omnibot_ws/src/omniBot/install/keyboard_interface/include/keyboard_interface/msg/keys.h
[0.350s] -- Up-to-date: /home/senai/omnibot_ws/src/omniBot/install/keyboard_interface/include/keyboard_interface/msg/rosidl_generator_c__visibility_control.h
[0.350s] -- Up-to-date: /home/senai/omnibot_ws/src/omniBot/install/keyboard_interface/include/keyboard_interface/msg/detail
[0.350s] -- Up-to-date: /home/senai/omnibot_ws/src/omniBot/install/keyboard_interface/include/keyboard_interface/msg/detail/keys__functions.h
[0.350s] -- Up-to-date: /home/senai/omnibot_ws/src/omniBot/install/keyboard_interface/include/keyboard_interface/msg/detail/key_event__functions.c
[0.350s] -- Up-to-date: /home/senai/omnibot_ws/src/omniBot/install/keyboard_interface/include/keyboard_interface/msg/detail/keys__struct.h
[0.351s] -- Up-to-date: /home/senai/omnibot_ws/src/omniBot/install/keyboard_interface/include/keyboard_interface/msg/detail/key_event__struct.h
[0.351s] -- Up-to-date: /home/senai/omnibot_ws/src/omniBot/install/keyboard_interface/include/keyboard_interface/msg/detail/key_event__type_support.h
[0.351s] -- Up-to-date: /home/senai/omnibot_ws/src/omniBot/install/keyboard_interface/include/keyboard_interface/msg/detail/keys__functions.c
[0.351s] -- Up-to-date: /home/senai/omnibot_ws/src/omniBot/install/keyboard_interface/include/keyboard_interface/msg/detail/key_event__functions.h
[0.351s] -- Up-to-date: /home/senai/omnibot_ws/src/omniBot/install/keyboard_interface/include/keyboard_interface/msg/detail/keys__type_support.h
[0.351s] -- Up-to-date: /home/senai/omnibot_ws/src/omniBot/install/keyboard_interface/share/keyboard_interface/environment/library_path.sh
[0.351s] -- Up-to-date: /home/senai/omnibot_ws/src/omniBot/install/keyboard_interface/share/keyboard_interface/environment/library_path.dsv
[0.351s] -- Up-to-date: /home/senai/omnibot_ws/src/omniBot/install/keyboard_interface/lib/libkeyboard_interface__rosidl_generator_c.so
[0.351s] -- Up-to-date: /home/senai/omnibot_ws/src/omniBot/install/keyboard_interface/include/keyboard_interface
[0.351s] -- Up-to-date: /home/senai/omnibot_ws/src/omniBot/install/keyboard_interface/include/keyboard_interface/msg
[0.351s] -- Up-to-date: /home/senai/omnibot_ws/src/omniBot/install/keyboard_interface/include/keyboard_interface/msg/rosidl_typesupport_fastrtps_c__visibility_control.h
[0.351s] -- Up-to-date: /home/senai/omnibot_ws/src/omniBot/install/keyboard_interface/include/keyboard_interface/msg/detail
[0.352s] -- Up-to-date: /home/senai/omnibot_ws/src/omniBot/install/keyboard_interface/include/keyboard_interface/msg/detail/key_event__rosidl_typesupport_fastrtps_c.h
[0.352s] -- Up-to-date: /home/senai/omnibot_ws/src/omniBot/install/keyboard_interface/include/keyboard_interface/msg/detail/keys__rosidl_typesupport_fastrtps_c.h
[0.352s] -- Up-to-date: /home/senai/omnibot_ws/src/omniBot/install/keyboard_interface/lib/libkeyboard_interface__rosidl_typesupport_fastrtps_c.so
[0.352s] -- Up-to-date: /home/senai/omnibot_ws/src/omniBot/install/keyboard_interface/include/keyboard_interface
[0.352s] -- Up-to-date: /home/senai/omnibot_ws/src/omniBot/install/keyboard_interface/include/keyboard_interface/msg
[0.352s] -- Up-to-date: /home/senai/omnibot_ws/src/omniBot/install/keyboard_interface/include/keyboard_interface/msg/rosidl_typesupport_fastrtps_cpp__visibility_control.h
[0.352s] -- Up-to-date: /home/senai/omnibot_ws/src/omniBot/install/keyboard_interface/include/keyboard_interface/msg/detail
[0.352s] -- Up-to-date: /home/senai/omnibot_ws/src/omniBot/install/keyboard_interface/include/keyboard_interface/msg/detail/dds_fastrtps
[0.352s] -- Up-to-date: /home/senai/omnibot_ws/src/omniBot/install/keyboard_interface/include/keyboard_interface/msg/detail/keys__rosidl_typesupport_fastrtps_cpp.hpp
[0.352s] -- Up-to-date: /home/senai/omnibot_ws/src/omniBot/install/keyboard_interface/include/keyboard_interface/msg/detail/key_event__rosidl_typesupport_fastrtps_cpp.hpp
[0.352s] -- Up-to-date: /home/senai/omnibot_ws/src/omniBot/install/keyboard_interface/lib/libkeyboard_interface__rosidl_typesupport_fastrtps_cpp.so
[0.352s] -- Up-to-date: /home/senai/omnibot_ws/src/omniBot/install/keyboard_interface/include/keyboard_interface
[0.352s] -- Up-to-date: /home/senai/omnibot_ws/src/omniBot/install/keyboard_interface/include/keyboard_interface/msg
[0.352s] -- Up-to-date: /home/senai/omnibot_ws/src/omniBot/install/keyboard_interface/include/keyboard_interface/msg/rosidl_typesupport_introspection_c__visibility_control.h
[0.353s] -- Up-to-date: /home/senai/omnibot_ws/src/omniBot/install/keyboard_interface/include/keyboard_interface/msg/detail
[0.353s] -- Up-to-date: /home/senai/omnibot_ws/src/omniBot/install/keyboard_interface/include/keyboard_interface/msg/detail/key_event__rosidl_typesupport_introspection_c.h
[0.353s] -- Up-to-date: /home/senai/omnibot_ws/src/omniBot/install/keyboard_interface/include/keyboard_interface/msg/detail/key_event__type_support.c
[0.353s] -- Up-to-date: /home/senai/omnibot_ws/src/omniBot/install/keyboard_interface/include/keyboard_interface/msg/detail/keys__type_support.c
[0.353s] -- Up-to-date: /home/senai/omnibot_ws/src/omniBot/install/keyboard_interface/include/keyboard_interface/msg/detail/keys__rosidl_typesupport_introspection_c.h
[0.353s] -- Up-to-date: /home/senai/omnibot_ws/src/omniBot/install/keyboard_interface/lib/libkeyboard_interface__rosidl_typesupport_introspection_c.so
[0.353s] -- Up-to-date: /home/senai/omnibot_ws/src/omniBot/install/keyboard_interface/lib/libkeyboard_interface__rosidl_typesupport_c.so
[0.353s] -- Up-to-date: /home/senai/omnibot_ws/src/omniBot/install/keyboard_interface/include/keyboard_interface
[0.353s] -- Up-to-date: /home/senai/omnibot_ws/src/omniBot/install/keyboard_interface/include/keyboard_interface/msg
[0.353s] -- Up-to-date: /home/senai/omnibot_ws/src/omniBot/install/keyboard_interface/include/keyboard_interface/msg/key_event.hpp
[0.353s] -- Up-to-date: /home/senai/omnibot_ws/src/omniBot/install/keyboard_interface/include/keyboard_interface/msg/keys.hpp
[0.353s] -- Up-to-date: /home/senai/omnibot_ws/src/omniBot/install/keyboard_interface/include/keyboard_interface/msg/detail
[0.353s] -- Up-to-date: /home/senai/omnibot_ws/src/omniBot/install/keyboard_interface/include/keyboard_interface/msg/detail/key_event__builder.hpp
[0.353s] -- Up-to-date: /home/senai/omnibot_ws/src/omniBot/install/keyboard_interface/include/keyboard_interface/msg/detail/key_event__traits.hpp
[0.353s] -- Up-to-date: /home/senai/omnibot_ws/src/omniBot/install/keyboard_interface/include/keyboard_interface/msg/detail/key_event__struct.hpp
[0.354s] -- Up-to-date: /home/senai/omnibot_ws/src/omniBot/install/keyboard_interface/include/keyboard_interface/msg/detail/keys__struct.hpp
[0.354s] -- Up-to-date: /home/senai/omnibot_ws/src/omniBot/install/keyboard_interface/include/keyboard_interface/msg/detail/keys__builder.hpp
[0.354s] -- Up-to-date: /home/senai/omnibot_ws/src/omniBot/install/keyboard_interface/include/keyboard_interface/msg/detail/keys__traits.hpp
[0.354s] -- Up-to-date: /home/senai/omnibot_ws/src/omniBot/install/keyboard_interface/include/keyboard_interface
[0.354s] -- Up-to-date: /home/senai/omnibot_ws/src/omniBot/install/keyboard_interface/include/keyboard_interface/msg
[0.354s] -- Up-to-date: /home/senai/omnibot_ws/src/omniBot/install/keyboard_interface/include/keyboard_interface/msg/detail
[0.354s] -- Up-to-date: /home/senai/omnibot_ws/src/omniBot/install/keyboard_interface/include/keyboard_interface/msg/detail/key_event__rosidl_typesupport_introspection_cpp.hpp
[0.354s] -- Up-to-date: /home/senai/omnibot_ws/src/omniBot/install/keyboard_interface/include/keyboard_interface/msg/detail/key_event__type_support.cpp
[0.354s] -- Up-to-date: /home/senai/omnibot_ws/src/omniBot/install/keyboard_interface/include/keyboard_interface/msg/detail/keys__type_support.cpp
[0.354s] -- Up-to-date: /home/senai/omnibot_ws/src/omniBot/install/keyboard_interface/include/keyboard_interface/msg/detail/keys__rosidl_typesupport_introspection_cpp.hpp
[0.354s] -- Up-to-date: /home/senai/omnibot_ws/src/omniBot/install/keyboard_interface/lib/libkeyboard_interface__rosidl_typesupport_introspection_cpp.so
[0.354s] -- Up-to-date: /home/senai/omnibot_ws/src/omniBot/install/keyboard_interface/lib/libkeyboard_interface__rosidl_typesupport_cpp.so
[0.354s] -- Up-to-date: /home/senai/omnibot_ws/src/omniBot/install/keyboard_interface/share/keyboard_interface/environment/pythonpath.sh
[0.354s] -- Up-to-date: /home/senai/omnibot_ws/src/omniBot/install/keyboard_interface/share/keyboard_interface/environment/pythonpath.dsv
[0.354s] -- Installing: /home/senai/omnibot_ws/src/omniBot/install/keyboard_interface/lib/python3.8/site-packages/keyboard_interface/__init__.py
[0.382s] Compiling '/home/senai/omnibot_ws/src/omniBot/install/keyboard_interface/lib/python3.8/site-packages/keyboard_interface/__init__.py'...
[0.385s] -- Up-to-date: /home/senai/omnibot_ws/src/omniBot/install/keyboard_interface/lib/python3.8/site-packages/keyboard_interface/msg
[0.385s] -- Up-to-date: /home/senai/omnibot_ws/src/omniBot/install/keyboard_interface/lib/python3.8/site-packages/keyboard_interface/msg/_keys.py
[0.385s] -- Up-to-date: /home/senai/omnibot_ws/src/omniBot/install/keyboard_interface/lib/python3.8/site-packages/keyboard_interface/msg/__init__.py
[0.386s] -- Up-to-date: /home/senai/omnibot_ws/src/omniBot/install/keyboard_interface/lib/python3.8/site-packages/keyboard_interface/msg/_key_event_s.c
[0.386s] -- Up-to-date: /home/senai/omnibot_ws/src/omniBot/install/keyboard_interface/lib/python3.8/site-packages/keyboard_interface/msg/_key_event.py
[0.386s] -- Up-to-date: /home/senai/omnibot_ws/src/omniBot/install/keyboard_interface/lib/python3.8/site-packages/keyboard_interface/msg/_keys_s.c
[0.386s] -- Up-to-date: /home/senai/omnibot_ws/src/omniBot/install/keyboard_interface/lib/python3.8/site-packages/keyboard_interface/keyboard_interface_s__rosidl_typesupport_fastrtps_c.cpython-38-x86_64-linux-gnu.so
[0.386s] -- Up-to-date: /home/senai/omnibot_ws/src/omniBot/install/keyboard_interface/lib/python3.8/site-packages/keyboard_interface/keyboard_interface_s__rosidl_typesupport_introspection_c.cpython-38-x86_64-linux-gnu.so
[0.387s] -- Up-to-date: /home/senai/omnibot_ws/src/omniBot/install/keyboard_interface/lib/python3.8/site-packages/keyboard_interface/keyboard_interface_s__rosidl_typesupport_c.cpython-38-x86_64-linux-gnu.so
[0.387s] -- Up-to-date: /home/senai/omnibot_ws/src/omniBot/install/keyboard_interface/lib/libkeyboard_interface__python.so
[0.388s] -- Up-to-date: /home/senai/omnibot_ws/src/omniBot/install/keyboard_interface/share/keyboard_interface/msg/Keys.idl
[0.388s] -- Up-to-date: /home/senai/omnibot_ws/src/omniBot/install/keyboard_interface/share/keyboard_interface/msg/KeyEvent.idl
[0.388s] -- Up-to-date: /home/senai/omnibot_ws/src/omniBot/install/keyboard_interface/share/keyboard_interface/msg/Keys.msg
[0.388s] -- Up-to-date: /home/senai/omnibot_ws/src/omniBot/install/keyboard_interface/share/keyboard_interface/msg/KeyEvent.msg
[0.388s] -- Up-to-date: /home/senai/omnibot_ws/src/omniBot/install/keyboard_interface/lib/python3.8/site-packages/keyboard_interface
[0.388s] -- Installing: /home/senai/omnibot_ws/src/omniBot/install/keyboard_interface/lib/python3.8/site-packages/keyboard_interface/__init__.py
[0.416s] Listing '/home/senai/omnibot_ws/src/omniBot/install/keyboard_interface/lib/python3.8/site-packages/keyboard_interface'...
[0.416s] Compiling '/home/senai/omnibot_ws/src/omniBot/install/keyboard_interface/lib/python3.8/site-packages/keyboard_interface/__init__.py'...
[0.416s] Listing '/home/senai/omnibot_ws/src/omniBot/install/keyboard_interface/lib/python3.8/site-packages/keyboard_interface/msg'...
[0.419s] -- Up-to-date: /home/senai/omnibot_ws/src/omniBot/install/keyboard_interface/lib/keyboard_interface/keyboard_node.py
[0.419s] -- Up-to-date: /home/senai/omnibot_ws/src/omniBot/install/keyboard_interface/share/ament_index/resource_index/package_run_dependencies/keyboard_interface
[0.420s] -- Up-to-date: /home/senai/omnibot_ws/src/omniBot/install/keyboard_interface/share/ament_index/resource_index/parent_prefix_path/keyboard_interface
[0.420s] -- Up-to-date: /home/senai/omnibot_ws/src/omniBot/install/keyboard_interface/share/keyboard_interface/environment/ament_prefix_path.sh
[0.420s] -- Up-to-date: /home/senai/omnibot_ws/src/omniBot/install/keyboard_interface/share/keyboard_interface/environment/ament_prefix_path.dsv
[0.420s] -- Up-to-date: /home/senai/omnibot_ws/src/omniBot/install/keyboard_interface/share/keyboard_interface/environment/path.sh
[0.420s] -- Up-to-date: /home/senai/omnibot_ws/src/omniBot/install/keyboard_interface/share/keyboard_interface/environment/path.dsv
[0.420s] -- Up-to-date: /home/senai/omnibot_ws/src/omniBot/install/keyboard_interface/share/keyboard_interface/local_setup.bash
[0.420s] -- Up-to-date: /home/senai/omnibot_ws/src/omniBot/install/keyboard_interface/share/keyboard_interface/local_setup.sh
[0.420s] -- Up-to-date: /home/senai/omnibot_ws/src/omniBot/install/keyboard_interface/share/keyboard_interface/local_setup.zsh
[0.421s] -- Up-to-date: /home/senai/omnibot_ws/src/omniBot/install/keyboard_interface/share/keyboard_interface/local_setup.dsv
[0.421s] -- Installing: /home/senai/omnibot_ws/src/omniBot/install/keyboard_interface/share/keyboard_interface/package.dsv
[0.421s] -- Up-to-date: /home/senai/omnibot_ws/src/omniBot/install/keyboard_interface/share/ament_index/resource_index/packages/keyboard_interface
[0.421s] -- Up-to-date: /home/senai/omnibot_ws/src/omniBot/install/keyboard_interface/share/keyboard_interface/cmake/keyboard_interface__rosidl_generator_cExport.cmake
[0.421s] -- Up-to-date: /home/senai/omnibot_ws/src/omniBot/install/keyboard_interface/share/keyboard_interface/cmake/keyboard_interface__rosidl_generator_cExport-noconfig.cmake
[0.421s] -- Up-to-date: /home/senai/omnibot_ws/src/omniBot/install/keyboard_interface/share/keyboard_interface/cmake/keyboard_interface__rosidl_typesupport_introspection_cExport.cmake
[0.421s] -- Up-to-date: /home/senai/omnibot_ws/src/omniBot/install/keyboard_interface/share/keyboard_interface/cmake/keyboard_interface__rosidl_typesupport_introspection_cExport-noconfig.cmake
[0.421s] -- Up-to-date: /home/senai/omnibot_ws/src/omniBot/install/keyboard_interface/share/keyboard_interface/cmake/keyboard_interface__rosidl_typesupport_cExport.cmake
[0.421s] -- Up-to-date: /home/senai/omnibot_ws/src/omniBot/install/keyboard_interface/share/keyboard_interface/cmake/keyboard_interface__rosidl_typesupport_cExport-noconfig.cmake
[0.421s] -- Up-to-date: /home/senai/omnibot_ws/src/omniBot/install/keyboard_interface/share/keyboard_interface/cmake/keyboard_interface__rosidl_generator_cppExport.cmake
[0.421s] -- Up-to-date: /home/senai/omnibot_ws/src/omniBot/install/keyboard_interface/share/keyboard_interface/cmake/keyboard_interface__rosidl_typesupport_introspection_cppExport.cmake
[0.421s] -- Up-to-date: /home/senai/omnibot_ws/src/omniBot/install/keyboard_interface/share/keyboard_interface/cmake/keyboard_interface__rosidl_typesupport_introspection_cppExport-noconfig.cmake
[0.421s] -- Up-to-date: /home/senai/omnibot_ws/src/omniBot/install/keyboard_interface/share/keyboard_interface/cmake/keyboard_interface__rosidl_typesupport_cppExport.cmake
[0.422s] -- Up-to-date: /home/senai/omnibot_ws/src/omniBot/install/keyboard_interface/share/keyboard_interface/cmake/keyboard_interface__rosidl_typesupport_cppExport-noconfig.cmake
[0.422s] -- Up-to-date: /home/senai/omnibot_ws/src/omniBot/install/keyboard_interface/share/keyboard_interface/cmake/rosidl_cmake-extras.cmake
[0.422s] -- Up-to-date: /home/senai/omnibot_ws/src/omniBot/install/keyboard_interface/share/keyboard_interface/cmake/ament_cmake_export_dependencies-extras.cmake
[0.422s] -- Up-to-date: /home/senai/omnibot_ws/src/omniBot/install/keyboard_interface/share/keyboard_interface/cmake/ament_cmake_export_libraries-extras.cmake
[0.422s] -- Up-to-date: /home/senai/omnibot_ws/src/omniBot/install/keyboard_interface/share/keyboard_interface/cmake/ament_cmake_export_targets-extras.cmake
[0.422s] -- Up-to-date: /home/senai/omnibot_ws/src/omniBot/install/keyboard_interface/share/keyboard_interface/cmake/ament_cmake_export_include_directories-extras.cmake
[0.422s] -- Up-to-date: /home/senai/omnibot_ws/src/omniBot/install/keyboard_interface/share/keyboard_interface/cmake/rosidl_cmake_export_typesupport_libraries-extras.cmake
[0.422s] -- Up-to-date: /home/senai/omnibot_ws/src/omniBot/install/keyboard_interface/share/keyboard_interface/cmake/rosidl_cmake_export_typesupport_targets-extras.cmake
[0.422s] -- Up-to-date: /home/senai/omnibot_ws/src/omniBot/install/keyboard_interface/share/keyboard_interface/cmake/keyboard_interfaceConfig.cmake
[0.422s] -- Up-to-date: /home/senai/omnibot_ws/src/omniBot/install/keyboard_interface/share/keyboard_interface/cmake/keyboard_interfaceConfig-version.cmake
[0.422s] -- Up-to-date: /home/senai/omnibot_ws/src/omniBot/install/keyboard_interface/share/keyboard_interface/package.xml
[0.425s] Invoked command in '/home/senai/omnibot_ws/src/omniBot/build/keyboard_interface' returned '0': CMAKE_PREFIX_PATH=${CMAKE_PREFIX_PATH}:/opt/ros/foxy /usr/bin/cmake --install /home/senai/omnibot_ws/src/omniBot/build/keyboard_interface
