[0.012s] Invoking command in '/home/senai/omnibot_ws/src/omniBot/build/omnibot_control': AMENT_PREFIX_PATH=/home/senai/omnibot_ws/src/omniBot/install/keyboard_interface:${AMENT_PREFIX_PATH} CMAKE_PREFIX_PATH=/home/senai/omnibot_ws/src/omniBot/install/keyboard_interface:/home/senai/omnibot_ws/install/omnibot_ignition:/home/senai/omnibot_ws/install/omnibot_description:/home/senai/omnibot_ws/install/omnibot_control:/home/senai/omnibot_ws/install/keyboard_interface:/opt/ros/foxy LD_LIBRARY_PATH=/home/senai/omnibot_ws/src/omniBot/install/keyboard_interface/lib:/home/senai/omnibot_ws/install/omnibot_ignition/lib:/home/senai/omnibot_ws/install/keyboard_interface/lib:/opt/ros/foxy/opt/yaml_cpp_vendor/lib:/opt/ros/foxy/opt/rviz_ogre_vendor/lib:/opt/ros/foxy/lib/x86_64-linux-gnu:/opt/ros/foxy/lib:/usr/local/lib PYTHONPATH=/home/senai/omnibot_ws/src/omniBot/install/keyboard_interface/lib/python3.8/site-packages:${PYTHONPATH} /usr/bin/cmake /home/senai/omnibot_ws/src/omniBot/omnibot_control -DCMAKE_INSTALL_PREFIX=/home/senai/omnibot_ws/src/omniBot/install/omnibot_control
[0.068s] -- The C compiler identification is GNU 9.3.0
[0.118s] -- The CXX compiler identification is GNU 9.3.0
[0.122s] -- Check for working C compiler: /usr/bin/cc
[0.194s] -- Check for working C compiler: /usr/bin/cc -- works
[0.195s] -- Detecting C compiler ABI info
[0.265s] -- Detecting C compiler ABI info - done
[0.283s] -- Detecting C compile features
[0.284s] -- Detecting C compile features - done
[0.288s] -- Check for working CXX compiler: /usr/bin/c++
[0.382s] -- Check for working CXX compiler: /usr/bin/c++ -- works
[0.383s] -- Detecting CXX compiler ABI info
[0.473s] -- Detecting CXX compiler ABI info - done
[0.484s] -- Detecting CXX compile features
[0.485s] -- Detecting CXX compile features - done
[0.488s] -- Found ament_cmake: 0.9.9 (/opt/ros/foxy/share/ament_cmake/cmake)
[0.514s] -- Found PythonInterp: /usr/bin/python3 (found suitable version "3.8.10", minimum required is "3") 
[0.514s] -- Using PYTHON_EXECUTABLE: /usr/bin/python3
[0.746s] -- Found rclcpp: 2.4.0 (/opt/ros/foxy/share/rclcpp/cmake)
[0.795s] -- Using all available rosidl_typesupport_c: rosidl_typesupport_fastrtps_c;rosidl_typesupport_introspection_c
[0.803s] -- Found rosidl_adapter: 1.2.1 (/opt/ros/foxy/share/rosidl_adapter/cmake)
[0.903s] -- Found OpenSSL: /usr/lib/x86_64-linux-gnu/libcrypto.so (found version "1.1.1f")  
[0.936s] -- Found FastRTPS: /opt/ros/foxy/include  
[1.021s] -- Using all available rosidl_typesupport_cpp: rosidl_typesupport_fastrtps_cpp;rosidl_typesupport_introspection_cpp
[1.084s] -- Found rmw_implementation_cmake: 1.0.3 (/opt/ros/foxy/share/rmw_implementation_cmake/cmake)
[1.085s] -- Using RMW implementation 'rmw_fastrtps_cpp' as default
[1.086s] -- Looking for pthread.h
[1.166s] -- Looking for pthread.h - found
[1.166s] -- Performing Test CMAKE_HAVE_LIBC_PTHREAD
[1.255s] -- Performing Test CMAKE_HAVE_LIBC_PTHREAD - Failed
[1.255s] -- Looking for pthread_create in pthreads
[1.315s] -- Looking for pthread_create in pthreads - not found
[1.315s] -- Looking for pthread_create in pthread
[1.386s] -- Looking for pthread_create in pthread - found
[1.387s] -- Found Threads: TRUE  
[1.534s] -- Found geometry_msgs: 2.0.4 (/opt/ros/foxy/share/geometry_msgs/cmake)
[1.568s] -- Found sensor_msgs: 2.0.4 (/opt/ros/foxy/share/sensor_msgs/cmake)
[1.640s] -- Found keyboard_interface: 0.0.1 (/home/senai/omnibot_ws/src/omniBot/install/keyboard_interface/share/keyboard_interface/cmake)
[1.651s] -- Found ament_lint_auto: 0.9.6 (/opt/ros/foxy/share/ament_lint_auto/cmake)
[1.724s] -- Added test 'copyright' to check source files copyright and LICENSE
[1.726s] -- Added test 'cppcheck' to perform static code analysis on C / C++ code
[1.726s] -- Configured cppcheck include dirs: /home/senai/omnibot_ws/src/omniBot/omnibot_control/include
[1.726s] -- Configured cppcheck exclude dirs and/or files: 
[1.727s] -- Added test 'cpplint' to check C / C++ code against the Google style
[1.727s] -- Configured cpplint exclude dirs and/or files: 
[1.728s] -- Added test 'flake8' to check Python code syntax and style conventions
[1.728s] -- Added test 'lint_cmake' to check CMake code style
[1.729s] -- Added test 'pep257' to check Python code against some of the style conventions in PEP 257
[1.730s] -- Added test 'uncrustify' to check C / C++ code style
[1.730s] -- Configured uncrustify additional arguments: 
[1.730s] -- Added test 'xmllint' to check XML markup files
[1.733s] -- Configuring done
[1.750s] -- Generating done
[1.752s] -- Build files have been written to: /home/senai/omnibot_ws/src/omniBot/build/omnibot_control
[1.760s] Invoked command in '/home/senai/omnibot_ws/src/omniBot/build/omnibot_control' returned '0': AMENT_PREFIX_PATH=/home/senai/omnibot_ws/src/omniBot/install/keyboard_interface:${AMENT_PREFIX_PATH} CMAKE_PREFIX_PATH=/home/senai/omnibot_ws/src/omniBot/install/keyboard_interface:/home/senai/omnibot_ws/install/omnibot_ignition:/home/senai/omnibot_ws/install/omnibot_description:/home/senai/omnibot_ws/install/omnibot_control:/home/senai/omnibot_ws/install/keyboard_interface:/opt/ros/foxy LD_LIBRARY_PATH=/home/senai/omnibot_ws/src/omniBot/install/keyboard_interface/lib:/home/senai/omnibot_ws/install/omnibot_ignition/lib:/home/senai/omnibot_ws/install/keyboard_interface/lib:/opt/ros/foxy/opt/yaml_cpp_vendor/lib:/opt/ros/foxy/opt/rviz_ogre_vendor/lib:/opt/ros/foxy/lib/x86_64-linux-gnu:/opt/ros/foxy/lib:/usr/local/lib PYTHONPATH=/home/senai/omnibot_ws/src/omniBot/install/keyboard_interface/lib/python3.8/site-packages:${PYTHONPATH} /usr/bin/cmake /home/senai/omnibot_ws/src/omniBot/omnibot_control -DCMAKE_INSTALL_PREFIX=/home/senai/omnibot_ws/src/omniBot/install/omnibot_control
[1.763s] Invoking command in '/home/senai/omnibot_ws/src/omniBot/build/omnibot_control': AMENT_PREFIX_PATH=/home/senai/omnibot_ws/src/omniBot/install/keyboard_interface:${AMENT_PREFIX_PATH} CMAKE_PREFIX_PATH=/home/senai/omnibot_ws/src/omniBot/install/keyboard_interface:/home/senai/omnibot_ws/install/omnibot_ignition:/home/senai/omnibot_ws/install/omnibot_description:/home/senai/omnibot_ws/install/omnibot_control:/home/senai/omnibot_ws/install/keyboard_interface:/opt/ros/foxy LD_LIBRARY_PATH=/home/senai/omnibot_ws/src/omniBot/install/keyboard_interface/lib:/home/senai/omnibot_ws/install/omnibot_ignition/lib:/home/senai/omnibot_ws/install/keyboard_interface/lib:/opt/ros/foxy/opt/yaml_cpp_vendor/lib:/opt/ros/foxy/opt/rviz_ogre_vendor/lib:/opt/ros/foxy/lib/x86_64-linux-gnu:/opt/ros/foxy/lib:/usr/local/lib PYTHONPATH=/home/senai/omnibot_ws/src/omniBot/install/keyboard_interface/lib/python3.8/site-packages:${PYTHONPATH} /usr/bin/cmake --build /home/senai/omnibot_ws/src/omniBot/build/omnibot_control -- -j12 -l12
[1.803s] [35m[1mScanning dependencies of target joy_teleop[0m
[1.803s] [35m[1mScanning dependencies of target keyboard_teleop[0m
[1.803s] [35m[1mScanning dependencies of target test_vel_control[0m
[1.864s] [ 33%] [32mBuilding CXX object CMakeFiles/test_vel_control.dir/src/test_vel_control.cpp.o[0m
[1.864s] [ 33%] [32mBuilding CXX object CMakeFiles/joy_teleop.dir/src/JoyTeleop.cpp.o[0m
[1.864s] [ 50%] [32mBuilding CXX object CMakeFiles/keyboard_teleop.dir/src/KeyboardTeleop.cpp.o[0m
[4.976s] [ 66%] [32m[1mLinking CXX executable test_vel_control[0m
[5.237s] [ 66%] Built target test_vel_control
[7.502s] [ 83%] [32m[1mLinking CXX executable joy_teleop[0m
[7.818s] [ 83%] Built target joy_teleop
[9.033s] [100%] [32m[1mLinking CXX executable keyboard_teleop[0m
[9.366s] [100%] Built target keyboard_teleop
[9.378s] Invoked command in '/home/senai/omnibot_ws/src/omniBot/build/omnibot_control' returned '0': AMENT_PREFIX_PATH=/home/senai/omnibot_ws/src/omniBot/install/keyboard_interface:${AMENT_PREFIX_PATH} CMAKE_PREFIX_PATH=/home/senai/omnibot_ws/src/omniBot/install/keyboard_interface:/home/senai/omnibot_ws/install/omnibot_ignition:/home/senai/omnibot_ws/install/omnibot_description:/home/senai/omnibot_ws/install/omnibot_control:/home/senai/omnibot_ws/install/keyboard_interface:/opt/ros/foxy LD_LIBRARY_PATH=/home/senai/omnibot_ws/src/omniBot/install/keyboard_interface/lib:/home/senai/omnibot_ws/install/omnibot_ignition/lib:/home/senai/omnibot_ws/install/keyboard_interface/lib:/opt/ros/foxy/opt/yaml_cpp_vendor/lib:/opt/ros/foxy/opt/rviz_ogre_vendor/lib:/opt/ros/foxy/lib/x86_64-linux-gnu:/opt/ros/foxy/lib:/usr/local/lib PYTHONPATH=/home/senai/omnibot_ws/src/omniBot/install/keyboard_interface/lib/python3.8/site-packages:${PYTHONPATH} /usr/bin/cmake --build /home/senai/omnibot_ws/src/omniBot/build/omnibot_control -- -j12 -l12
[9.406s] Invoking command in '/home/senai/omnibot_ws/src/omniBot/build/omnibot_control': AMENT_PREFIX_PATH=/home/senai/omnibot_ws/src/omniBot/install/keyboard_interface:${AMENT_PREFIX_PATH} CMAKE_PREFIX_PATH=/home/senai/omnibot_ws/src/omniBot/install/keyboard_interface:/home/senai/omnibot_ws/install/omnibot_ignition:/home/senai/omnibot_ws/install/omnibot_description:/home/senai/omnibot_ws/install/omnibot_control:/home/senai/omnibot_ws/install/keyboard_interface:/opt/ros/foxy LD_LIBRARY_PATH=/home/senai/omnibot_ws/src/omniBot/install/keyboard_interface/lib:/home/senai/omnibot_ws/install/omnibot_ignition/lib:/home/senai/omnibot_ws/install/keyboard_interface/lib:/opt/ros/foxy/opt/yaml_cpp_vendor/lib:/opt/ros/foxy/opt/rviz_ogre_vendor/lib:/opt/ros/foxy/lib/x86_64-linux-gnu:/opt/ros/foxy/lib:/usr/local/lib PYTHONPATH=/home/senai/omnibot_ws/src/omniBot/install/keyboard_interface/lib/python3.8/site-packages:${PYTHONPATH} /usr/bin/cmake --install /home/senai/omnibot_ws/src/omniBot/build/omnibot_control
[9.413s] -- Install configuration: ""
[9.414s] -- Installing: /home/senai/omnibot_ws/src/omniBot/install/omnibot_control/share/omnibot_control/launch
[9.414s] -- Installing: /home/senai/omnibot_ws/src/omniBot/install/omnibot_control/share/omnibot_control/launch/joy_teleop.launch.py
[9.414s] -- Installing: /home/senai/omnibot_ws/src/omniBot/install/omnibot_control/share/omnibot_control/launch/keyboard_teleop.launch.py
[9.414s] -- Installing: /home/senai/omnibot_ws/src/omniBot/install/omnibot_control/lib/omnibot_control/test_vel_control
[9.415s] -- Set runtime path of "/home/senai/omnibot_ws/src/omniBot/install/omnibot_control/lib/omnibot_control/test_vel_control" to ""
[9.415s] -- Installing: /home/senai/omnibot_ws/src/omniBot/install/omnibot_control/lib/omnibot_control/joy_teleop
[9.417s] -- Set runtime path of "/home/senai/omnibot_ws/src/omniBot/install/omnibot_control/lib/omnibot_control/joy_teleop" to ""
[9.417s] -- Installing: /home/senai/omnibot_ws/src/omniBot/install/omnibot_control/lib/omnibot_control/keyboard_teleop
[9.420s] -- Set runtime path of "/home/senai/omnibot_ws/src/omniBot/install/omnibot_control/lib/omnibot_control/keyboard_teleop" to ""
[9.421s] -- Installing: /home/senai/omnibot_ws/src/omniBot/install/omnibot_control/share/ament_index/resource_index/package_run_dependencies/omnibot_control
[9.421s] -- Installing: /home/senai/omnibot_ws/src/omniBot/install/omnibot_control/share/ament_index/resource_index/parent_prefix_path/omnibot_control
[9.421s] -- Installing: /home/senai/omnibot_ws/src/omniBot/install/omnibot_control/share/omnibot_control/environment/ament_prefix_path.sh
[9.421s] -- Installing: /home/senai/omnibot_ws/src/omniBot/install/omnibot_control/share/omnibot_control/environment/ament_prefix_path.dsv
[9.421s] -- Installing: /home/senai/omnibot_ws/src/omniBot/install/omnibot_control/share/omnibot_control/environment/path.sh
[9.421s] -- Installing: /home/senai/omnibot_ws/src/omniBot/install/omnibot_control/share/omnibot_control/environment/path.dsv
[9.421s] -- Installing: /home/senai/omnibot_ws/src/omniBot/install/omnibot_control/share/omnibot_control/local_setup.bash
[9.421s] -- Installing: /home/senai/omnibot_ws/src/omniBot/install/omnibot_control/share/omnibot_control/local_setup.sh
[9.422s] -- Installing: /home/senai/omnibot_ws/src/omniBot/install/omnibot_control/share/omnibot_control/local_setup.zsh
[9.422s] -- Installing: /home/senai/omnibot_ws/src/omniBot/install/omnibot_control/share/omnibot_control/local_setup.dsv
[9.422s] -- Installing: /home/senai/omnibot_ws/src/omniBot/install/omnibot_control/share/omnibot_control/package.dsv
[9.422s] -- Installing: /home/senai/omnibot_ws/src/omniBot/install/omnibot_control/share/ament_index/resource_index/packages/omnibot_control
[9.422s] -- Installing: /home/senai/omnibot_ws/src/omniBot/install/omnibot_control/share/omnibot_control/cmake/omnibot_controlConfig.cmake
[9.422s] -- Installing: /home/senai/omnibot_ws/src/omniBot/install/omnibot_control/share/omnibot_control/cmake/omnibot_controlConfig-version.cmake
[9.422s] -- Installing: /home/senai/omnibot_ws/src/omniBot/install/omnibot_control/share/omnibot_control/package.xml
[9.424s] Invoked command in '/home/senai/omnibot_ws/src/omniBot/build/omnibot_control' returned '0': AMENT_PREFIX_PATH=/home/senai/omnibot_ws/src/omniBot/install/keyboard_interface:${AMENT_PREFIX_PATH} CMAKE_PREFIX_PATH=/home/senai/omnibot_ws/src/omniBot/install/keyboard_interface:/home/senai/omnibot_ws/install/omnibot_ignition:/home/senai/omnibot_ws/install/omnibot_description:/home/senai/omnibot_ws/install/omnibot_control:/home/senai/omnibot_ws/install/keyboard_interface:/opt/ros/foxy LD_LIBRARY_PATH=/home/senai/omnibot_ws/src/omniBot/install/keyboard_interface/lib:/home/senai/omnibot_ws/install/omnibot_ignition/lib:/home/senai/omnibot_ws/install/keyboard_interface/lib:/opt/ros/foxy/opt/yaml_cpp_vendor/lib:/opt/ros/foxy/opt/rviz_ogre_vendor/lib:/opt/ros/foxy/lib/x86_64-linux-gnu:/opt/ros/foxy/lib:/usr/local/lib PYTHONPATH=/home/senai/omnibot_ws/src/omniBot/install/keyboard_interface/lib/python3.8/site-packages:${PYTHONPATH} /usr/bin/cmake --install /home/senai/omnibot_ws/src/omniBot/build/omnibot_control
