[0.026s] Invoking command in '/home/senai/omnibot_ws/src/omniBot/build/omnibot_ignition': CMAKE_PREFIX_PATH=${CMAKE_PREFIX_PATH}:/opt/ros/foxy /usr/bin/cmake --build /home/senai/omnibot_ws/src/omniBot/build/omnibot_ignition -- -j12 -l12
[0.105s] [100%] Built target OmniDrive
[0.123s] Invoked command in '/home/senai/omnibot_ws/src/omniBot/build/omnibot_ignition' returned '0': CMAKE_PREFIX_PATH=${CMAKE_PREFIX_PATH}:/opt/ros/foxy /usr/bin/cmake --build /home/senai/omnibot_ws/src/omniBot/build/omnibot_ignition -- -j12 -l12
[0.140s] Invoking command in '/home/senai/omnibot_ws/src/omniBot/build/omnibot_ignition': CMAKE_PREFIX_PATH=${CMAKE_PREFIX_PATH}:/opt/ros/foxy /usr/bin/cmake --install /home/senai/omnibot_ws/src/omniBot/build/omnibot_ignition
[0.150s] -- Install configuration: ""
[0.151s] -- Up-to-date: /home/senai/omnibot_ws/src/omniBot/install/omnibot_ignition/share/omnibot_ignition/worlds
[0.151s] -- Installing: /home/senai/omnibot_ws/src/omniBot/install/omnibot_ignition/share/omnibot_ignition/worlds/mario_world.sdf
[0.151s] -- Up-to-date: /home/senai/omnibot_ws/src/omniBot/install/omnibot_ignition/share/omnibot_ignition/launch
[0.151s] -- Up-to-date: /home/senai/omnibot_ws/src/omniBot/install/omnibot_ignition/share/omnibot_ignition/launch/spawn_ignition.launch.py
[0.152s] -- Up-to-date: /home/senai/omnibot_ws/src/omniBot/install/omnibot_ignition/share/omnibot_ignition/launch/start_simulation.launch.py
[0.152s] -- Up-to-date: /home/senai/omnibot_ws/src/omniBot/install/omnibot_ignition/share/omnibot_ignition/models
[0.152s] -- Up-to-date: /home/senai/omnibot_ws/src/omniBot/install/omnibot_ignition/share/omnibot_ignition/models/star
[0.152s] -- Up-to-date: /home/senai/omnibot_ws/src/omniBot/install/omnibot_ignition/share/omnibot_ignition/models/star/source.blend
[0.152s] -- Up-to-date: /home/senai/omnibot_ws/src/omniBot/install/omnibot_ignition/share/omnibot_ignition/models/star/meshes
[0.153s] -- Up-to-date: /home/senai/omnibot_ws/src/omniBot/install/omnibot_ignition/share/omnibot_ignition/models/star/meshes/visual.dae
[0.153s] -- Up-to-date: /home/senai/omnibot_ws/src/omniBot/install/omnibot_ignition/share/omnibot_ignition/models/star/meshes/collision.stl
[0.153s] -- Up-to-date: /home/senai/omnibot_ws/src/omniBot/install/omnibot_ignition/share/omnibot_ignition/models/star/model.config
[0.153s] -- Up-to-date: /home/senai/omnibot_ws/src/omniBot/install/omnibot_ignition/share/omnibot_ignition/models/star/model.sdf
[0.153s] -- Up-to-date: /home/senai/omnibot_ws/src/omniBot/install/omnibot_ignition/share/omnibot_ignition/models/coin
[0.153s] -- Up-to-date: /home/senai/omnibot_ws/src/omniBot/install/omnibot_ignition/share/omnibot_ignition/models/coin/source.blend
[0.153s] -- Up-to-date: /home/senai/omnibot_ws/src/omniBot/install/omnibot_ignition/share/omnibot_ignition/models/coin/meshes
[0.154s] -- Up-to-date: /home/senai/omnibot_ws/src/omniBot/install/omnibot_ignition/share/omnibot_ignition/models/coin/meshes/visual.dae
[0.154s] -- Up-to-date: /home/senai/omnibot_ws/src/omniBot/install/omnibot_ignition/share/omnibot_ignition/models/coin/meshes/collision.stl
[0.154s] -- Up-to-date: /home/senai/omnibot_ws/src/omniBot/install/omnibot_ignition/share/omnibot_ignition/models/coin/source.blend1
[0.154s] -- Up-to-date: /home/senai/omnibot_ws/src/omniBot/install/omnibot_ignition/share/omnibot_ignition/models/coin/model.config
[0.154s] -- Up-to-date: /home/senai/omnibot_ws/src/omniBot/install/omnibot_ignition/share/omnibot_ignition/models/coin/model.sdf
[0.154s] -- Up-to-date: /home/senai/omnibot_ws/src/omniBot/install/omnibot_ignition/share/omnibot_ignition/models/walls
[0.154s] -- Up-to-date: /home/senai/omnibot_ws/src/omniBot/install/omnibot_ignition/share/omnibot_ignition/models/walls/source.blend
[0.154s] -- Up-to-date: /home/senai/omnibot_ws/src/omniBot/install/omnibot_ignition/share/omnibot_ignition/models/walls/meshes
[0.154s] -- Up-to-date: /home/senai/omnibot_ws/src/omniBot/install/omnibot_ignition/share/omnibot_ignition/models/walls/meshes/visual.dae
[0.154s] -- Up-to-date: /home/senai/omnibot_ws/src/omniBot/install/omnibot_ignition/share/omnibot_ignition/models/walls/meshes/collision.stl
[0.154s] -- Up-to-date: /home/senai/omnibot_ws/src/omniBot/install/omnibot_ignition/share/omnibot_ignition/models/walls/model.config
[0.155s] -- Up-to-date: /home/senai/omnibot_ws/src/omniBot/install/omnibot_ignition/share/omnibot_ignition/models/walls/model.sdf
[0.155s] -- Up-to-date: /home/senai/omnibot_ws/src/omniBot/install/omnibot_ignition/share/omnibot_ignition/models/walls/textures
[0.155s] -- Up-to-date: /home/senai/omnibot_ws/src/omniBot/install/omnibot_ignition/share/omnibot_ignition/models/walls/textures/mario_brick.jpg
[0.155s] -- Up-to-date: /home/senai/omnibot_ws/src/omniBot/install/omnibot_ignition/share/omnibot_ignition/models/plumbing
[0.155s] -- Up-to-date: /home/senai/omnibot_ws/src/omniBot/install/omnibot_ignition/share/omnibot_ignition/models/plumbing/source.blend
[0.155s] -- Up-to-date: /home/senai/omnibot_ws/src/omniBot/install/omnibot_ignition/share/omnibot_ignition/models/plumbing/meshes
[0.155s] -- Up-to-date: /home/senai/omnibot_ws/src/omniBot/install/omnibot_ignition/share/omnibot_ignition/models/plumbing/meshes/visual.dae
[0.155s] -- Up-to-date: /home/senai/omnibot_ws/src/omniBot/install/omnibot_ignition/share/omnibot_ignition/models/plumbing/meshes/collision.stl
[0.155s] -- Up-to-date: /home/senai/omnibot_ws/src/omniBot/install/omnibot_ignition/share/omnibot_ignition/models/plumbing/model.config
[0.155s] -- Up-to-date: /home/senai/omnibot_ws/src/omniBot/install/omnibot_ignition/share/omnibot_ignition/models/plumbing/model.sdf
[0.155s] -- Up-to-date: /home/senai/omnibot_ws/src/omniBot/install/omnibot_ignition/share/omnibot_ignition/models/goomba
[0.156s] -- Up-to-date: /home/senai/omnibot_ws/src/omniBot/install/omnibot_ignition/share/omnibot_ignition/models/goomba/source.blend
[0.156s] -- Up-to-date: /home/senai/omnibot_ws/src/omniBot/install/omnibot_ignition/share/omnibot_ignition/models/goomba/meshes
[0.158s] -- Up-to-date: /home/senai/omnibot_ws/src/omniBot/install/omnibot_ignition/share/omnibot_ignition/models/goomba/meshes/visual.dae
[0.158s] -- Up-to-date: /home/senai/omnibot_ws/src/omniBot/install/omnibot_ignition/share/omnibot_ignition/models/goomba/meshes/collision.stl
[0.158s] -- Up-to-date: /home/senai/omnibot_ws/src/omniBot/install/omnibot_ignition/share/omnibot_ignition/models/goomba/model.config
[0.158s] -- Up-to-date: /home/senai/omnibot_ws/src/omniBot/install/omnibot_ignition/share/omnibot_ignition/models/goomba/model.sdf
[0.158s] -- Up-to-date: /home/senai/omnibot_ws/src/omniBot/install/omnibot_ignition/share/omnibot_ignition/environment/omnibot_ignition.sh
[0.159s] -- Up-to-date: /home/senai/omnibot_ws/src/omniBot/install/omnibot_ignition/share/omnibot_ignition/environment/omnibot_ignition.dsv
[0.159s] -- Up-to-date: /home/senai/omnibot_ws/src/omniBot/install/omnibot_ignition/share/ament_index/resource_index/package_run_dependencies/omnibot_ignition
[0.159s] -- Up-to-date: /home/senai/omnibot_ws/src/omniBot/install/omnibot_ignition/share/ament_index/resource_index/parent_prefix_path/omnibot_ignition
[0.159s] -- Up-to-date: /home/senai/omnibot_ws/src/omniBot/install/omnibot_ignition/share/omnibot_ignition/environment/ament_prefix_path.sh
[0.159s] -- Up-to-date: /home/senai/omnibot_ws/src/omniBot/install/omnibot_ignition/share/omnibot_ignition/environment/ament_prefix_path.dsv
[0.159s] -- Up-to-date: /home/senai/omnibot_ws/src/omniBot/install/omnibot_ignition/share/omnibot_ignition/environment/path.sh
[0.159s] -- Up-to-date: /home/senai/omnibot_ws/src/omniBot/install/omnibot_ignition/share/omnibot_ignition/environment/path.dsv
[0.159s] -- Up-to-date: /home/senai/omnibot_ws/src/omniBot/install/omnibot_ignition/share/omnibot_ignition/local_setup.bash
[0.159s] -- Up-to-date: /home/senai/omnibot_ws/src/omniBot/install/omnibot_ignition/share/omnibot_ignition/local_setup.sh
[0.160s] -- Up-to-date: /home/senai/omnibot_ws/src/omniBot/install/omnibot_ignition/share/omnibot_ignition/local_setup.zsh
[0.160s] -- Up-to-date: /home/senai/omnibot_ws/src/omniBot/install/omnibot_ignition/share/omnibot_ignition/local_setup.dsv
[0.160s] -- Installing: /home/senai/omnibot_ws/src/omniBot/install/omnibot_ignition/share/omnibot_ignition/package.dsv
[0.160s] -- Up-to-date: /home/senai/omnibot_ws/src/omniBot/install/omnibot_ignition/share/ament_index/resource_index/packages/omnibot_ignition
[0.160s] -- Up-to-date: /home/senai/omnibot_ws/src/omniBot/install/omnibot_ignition/share/omnibot_ignition/cmake/omnibot_ignitionConfig.cmake
[0.160s] -- Up-to-date: /home/senai/omnibot_ws/src/omniBot/install/omnibot_ignition/share/omnibot_ignition/cmake/omnibot_ignitionConfig-version.cmake
[0.160s] -- Up-to-date: /home/senai/omnibot_ws/src/omniBot/install/omnibot_ignition/share/omnibot_ignition/package.xml
[0.160s] -- Up-to-date: /home/senai/omnibot_ws/src/omniBot/install/omnibot_ignition/lib/libOmniDrive.so
[0.160s] Invoked command in '/home/senai/omnibot_ws/src/omniBot/build/omnibot_ignition' returned '0': CMAKE_PREFIX_PATH=${CMAKE_PREFIX_PATH}:/opt/ros/foxy /usr/bin/cmake --install /home/senai/omnibot_ws/src/omniBot/build/omnibot_ignition
