-- Install configuration: ""
-- Up-to-date: /home/senai/omnibot_ws/src/omniBot/install/omnibot_description/share/omnibot_description/urdf
-- Up-to-date: /home/senai/omnibot_ws/src/omniBot/install/omnibot_description/share/omnibot_description/urdf/sensors.urdf.xacro
-- Up-to-date: /home/senai/omnibot_ws/src/omniBot/install/omnibot_description/share/omnibot_description/urdf/omnibot.urdf.xacro
-- Up-to-date: /home/senai/omnibot_ws/src/omniBot/install/omnibot_description/share/omnibot_description/urdf/wheel.urdf.xacro
-- Up-to-date: /home/senai/omnibot_ws/src/omniBot/install/omnibot_description/share/omnibot_description/urdf/base.urdf.xacro
-- Up-to-date: /home/senai/omnibot_ws/src/omniBot/install/omnibot_description/share/omnibot_description/launch
-- Up-to-date: /home/senai/omnibot_ws/src/omniBot/install/omnibot_description/share/omnibot_description/launch/start_robot.launch.py
-- Up-to-date: /home/senai/omnibot_ws/src/omniBot/install/omnibot_description/share/omnibot_description/launch/display.launch.py
-- Up-to-date: /home/senai/omnibot_ws/src/omniBot/install/omnibot_description/share/omnibot_description/rviz
-- Up-to-date: /home/senai/omnibot_ws/src/omniBot/install/omnibot_description/share/omnibot_description/rviz/urdf_config.rviz
-- Up-to-date: /home/senai/omnibot_ws/src/omniBot/install/omnibot_description/share/omnibot_description/rviz/config.rviz
-- Up-to-date: /home/senai/omnibot_ws/src/omniBot/install/omnibot_description/share/omnibot_description/meshes
-- Up-to-date: /home/senai/omnibot_ws/src/omniBot/install/omnibot_description/share/omnibot_description/meshes/mecanum_wheel_front_right.stl
-- Up-to-date: /home/senai/omnibot_ws/src/omniBot/install/omnibot_description/share/omnibot_description/meshes/raspicam.dae
-- Up-to-date: /home/senai/omnibot_ws/src/omniBot/install/omnibot_description/share/omnibot_description/meshes/mecanum_wheel_front_left.stl
-- Up-to-date: /home/senai/omnibot_ws/src/omniBot/install/omnibot_description/share/omnibot_description/meshes/mecanum_wheel_back_left.stl
-- Up-to-date: /home/senai/omnibot_ws/src/omniBot/install/omnibot_description/share/omnibot_description/meshes/mecanum_wheel_front_right.dae
-- Up-to-date: /home/senai/omnibot_ws/src/omniBot/install/omnibot_description/share/omnibot_description/meshes/lidar.stl
-- Up-to-date: /home/senai/omnibot_ws/src/omniBot/install/omnibot_description/share/omnibot_description/meshes/mecanum_wheel_back_right.dae
-- Up-to-date: /home/senai/omnibot_ws/src/omniBot/install/omnibot_description/share/omnibot_description/meshes/mecanum_wheel_back_right.stl
-- Up-to-date: /home/senai/omnibot_ws/src/omniBot/install/omnibot_description/share/omnibot_description/meshes/mecanum_wheel_front_left.dae
-- Up-to-date: /home/senai/omnibot_ws/src/omniBot/install/omnibot_description/share/omnibot_description/meshes/mecanum_wheel_back_left.dae
-- Up-to-date: /home/senai/omnibot_ws/src/omniBot/install/omnibot_description/share/omnibot_description/meshes/lidar.dae
-- Up-to-date: /home/senai/omnibot_ws/src/omniBot/install/omnibot_description/share/omnibot_description/meshes/base_link.dae
-- Up-to-date: /home/senai/omnibot_ws/src/omniBot/install/omnibot_description/share/omnibot_description/meshes/base_link.stl
-- Up-to-date: /home/senai/omnibot_ws/src/omniBot/install/omnibot_description/share/ament_index/resource_index/package_run_dependencies/omnibot_description
-- Up-to-date: /home/senai/omnibot_ws/src/omniBot/install/omnibot_description/share/ament_index/resource_index/parent_prefix_path/omnibot_description
-- Up-to-date: /home/senai/omnibot_ws/src/omniBot/install/omnibot_description/share/omnibot_description/environment/ament_prefix_path.sh
-- Up-to-date: /home/senai/omnibot_ws/src/omniBot/install/omnibot_description/share/omnibot_description/environment/ament_prefix_path.dsv
-- Up-to-date: /home/senai/omnibot_ws/src/omniBot/install/omnibot_description/share/omnibot_description/environment/path.sh
-- Up-to-date: /home/senai/omnibot_ws/src/omniBot/install/omnibot_description/share/omnibot_description/environment/path.dsv
-- Up-to-date: /home/senai/omnibot_ws/src/omniBot/install/omnibot_description/share/omnibot_description/local_setup.bash
-- Up-to-date: /home/senai/omnibot_ws/src/omniBot/install/omnibot_description/share/omnibot_description/local_setup.sh
-- Up-to-date: /home/senai/omnibot_ws/src/omniBot/install/omnibot_description/share/omnibot_description/local_setup.zsh
-- Up-to-date: /home/senai/omnibot_ws/src/omniBot/install/omnibot_description/share/omnibot_description/local_setup.dsv
-- Installing: /home/senai/omnibot_ws/src/omniBot/install/omnibot_description/share/omnibot_description/package.dsv
-- Up-to-date: /home/senai/omnibot_ws/src/omniBot/install/omnibot_description/share/ament_index/resource_index/packages/omnibot_description
-- Up-to-date: /home/senai/omnibot_ws/src/omniBot/install/omnibot_description/share/omnibot_description/cmake/omnibot_descriptionConfig.cmake
-- Up-to-date: /home/senai/omnibot_ws/src/omniBot/install/omnibot_description/share/omnibot_description/cmake/omnibot_descriptionConfig-version.cmake
-- Up-to-date: /home/senai/omnibot_ws/src/omniBot/install/omnibot_description/share/omnibot_description/package.xml
