[0.013s] Invoking command in '/home/senai/omnibot_ws/src/omniBot/build/omnibot_control': CMAKE_PREFIX_PATH=/home/senai/omnibot_ws/src/omniBot/install/keyboard_interface:/home/senai/omnibot_ws/src/omniBot/install/omnibot_ignition:/home/senai/omnibot_ws/src/omniBot/install/omnibot_description:/home/senai/omnibot_ws/src/omniBot/install/omnibot_control:/home/senai/omnibot_ws/install/omnibot_ignition:/home/senai/omnibot_ws/install/omnibot_description:/home/senai/omnibot_ws/install/omnibot_control:/home/senai/omnibot_ws/install/keyboard_interface:/opt/ros/foxy LD_LIBRARY_PATH=/home/senai/omnibot_ws/src/omniBot/install/keyboard_interface/lib:/home/senai/omnibot_ws/src/omniBot/install/omnibot_ignition/lib:/home/senai/omnibot_ws/install/omnibot_ignition/lib:/home/senai/omnibot_ws/install/keyboard_interface/lib:/opt/ros/foxy/opt/yaml_cpp_vendor/lib:/opt/ros/foxy/opt/rviz_ogre_vendor/lib:/opt/ros/foxy/lib/x86_64-linux-gnu:/opt/ros/foxy/lib:/usr/local/lib /usr/bin/cmake --build /home/senai/omnibot_ws/src/omniBot/build/omnibot_control -- -j12 -l12
[0.070s] [ 66%] Built target keyboard_teleop
[0.070s] [ 66%] Built target joy_teleop
[0.070s] [100%] Built target test_vel_control
[0.080s] Invoked command in '/home/senai/omnibot_ws/src/omniBot/build/omnibot_control' returned '0': CMAKE_PREFIX_PATH=/home/senai/omnibot_ws/src/omniBot/install/keyboard_interface:/home/senai/omnibot_ws/src/omniBot/install/omnibot_ignition:/home/senai/omnibot_ws/src/omniBot/install/omnibot_description:/home/senai/omnibot_ws/src/omniBot/install/omnibot_control:/home/senai/omnibot_ws/install/omnibot_ignition:/home/senai/omnibot_ws/install/omnibot_description:/home/senai/omnibot_ws/install/omnibot_control:/home/senai/omnibot_ws/install/keyboard_interface:/opt/ros/foxy LD_LIBRARY_PATH=/home/senai/omnibot_ws/src/omniBot/install/keyboard_interface/lib:/home/senai/omnibot_ws/src/omniBot/install/omnibot_ignition/lib:/home/senai/omnibot_ws/install/omnibot_ignition/lib:/home/senai/omnibot_ws/install/keyboard_interface/lib:/opt/ros/foxy/opt/yaml_cpp_vendor/lib:/opt/ros/foxy/opt/rviz_ogre_vendor/lib:/opt/ros/foxy/lib/x86_64-linux-gnu:/opt/ros/foxy/lib:/usr/local/lib /usr/bin/cmake --build /home/senai/omnibot_ws/src/omniBot/build/omnibot_control -- -j12 -l12
[0.110s] Invoking command in '/home/senai/omnibot_ws/src/omniBot/build/omnibot_control': CMAKE_PREFIX_PATH=/home/senai/omnibot_ws/src/omniBot/install/keyboard_interface:/home/senai/omnibot_ws/src/omniBot/install/omnibot_ignition:/home/senai/omnibot_ws/src/omniBot/install/omnibot_description:/home/senai/omnibot_ws/src/omniBot/install/omnibot_control:/home/senai/omnibot_ws/install/omnibot_ignition:/home/senai/omnibot_ws/install/omnibot_description:/home/senai/omnibot_ws/install/omnibot_control:/home/senai/omnibot_ws/install/keyboard_interface:/opt/ros/foxy LD_LIBRARY_PATH=/home/senai/omnibot_ws/src/omniBot/install/keyboard_interface/lib:/home/senai/omnibot_ws/src/omniBot/install/omnibot_ignition/lib:/home/senai/omnibot_ws/install/omnibot_ignition/lib:/home/senai/omnibot_ws/install/keyboard_interface/lib:/opt/ros/foxy/opt/yaml_cpp_vendor/lib:/opt/ros/foxy/opt/rviz_ogre_vendor/lib:/opt/ros/foxy/lib/x86_64-linux-gnu:/opt/ros/foxy/lib:/usr/local/lib /usr/bin/cmake --install /home/senai/omnibot_ws/src/omniBot/build/omnibot_control
[0.129s] -- Install configuration: ""
[0.130s] -- Up-to-date: /home/senai/omnibot_ws/src/omniBot/install/omnibot_control/share/omnibot_control/launch
[0.130s] -- Up-to-date: /home/senai/omnibot_ws/src/omniBot/install/omnibot_control/share/omnibot_control/launch/joy_teleop.launch.py
[0.130s] -- Up-to-date: /home/senai/omnibot_ws/src/omniBot/install/omnibot_control/share/omnibot_control/launch/keyboard_teleop.launch.py
[0.130s] -- Up-to-date: /home/senai/omnibot_ws/src/omniBot/install/omnibot_control/lib/omnibot_control/test_vel_control
[0.131s] -- Up-to-date: /home/senai/omnibot_ws/src/omniBot/install/omnibot_control/lib/omnibot_control/joy_teleop
[0.132s] -- Up-to-date: /home/senai/omnibot_ws/src/omniBot/install/omnibot_control/lib/omnibot_control/keyboard_teleop
[0.132s] -- Up-to-date: /home/senai/omnibot_ws/src/omniBot/install/omnibot_control/share/ament_index/resource_index/package_run_dependencies/omnibot_control
[0.132s] -- Up-to-date: /home/senai/omnibot_ws/src/omniBot/install/omnibot_control/share/ament_index/resource_index/parent_prefix_path/omnibot_control
[0.132s] -- Up-to-date: /home/senai/omnibot_ws/src/omniBot/install/omnibot_control/share/omnibot_control/environment/ament_prefix_path.sh
[0.132s] -- Up-to-date: /home/senai/omnibot_ws/src/omniBot/install/omnibot_control/share/omnibot_control/environment/ament_prefix_path.dsv
[0.132s] -- Up-to-date: /home/senai/omnibot_ws/src/omniBot/install/omnibot_control/share/omnibot_control/environment/path.sh
[0.132s] -- Up-to-date: /home/senai/omnibot_ws/src/omniBot/install/omnibot_control/share/omnibot_control/environment/path.dsv
[0.133s] -- Up-to-date: /home/senai/omnibot_ws/src/omniBot/install/omnibot_control/share/omnibot_control/local_setup.bash
[0.133s] -- Up-to-date: /home/senai/omnibot_ws/src/omniBot/install/omnibot_control/share/omnibot_control/local_setup.sh
[0.133s] -- Up-to-date: /home/senai/omnibot_ws/src/omniBot/install/omnibot_control/share/omnibot_control/local_setup.zsh
[0.133s] -- Up-to-date: /home/senai/omnibot_ws/src/omniBot/install/omnibot_control/share/omnibot_control/local_setup.dsv
[0.133s] -- Installing: /home/senai/omnibot_ws/src/omniBot/install/omnibot_control/share/omnibot_control/package.dsv
[0.133s] -- Up-to-date: /home/senai/omnibot_ws/src/omniBot/install/omnibot_control/share/ament_index/resource_index/packages/omnibot_control
[0.133s] -- Up-to-date: /home/senai/omnibot_ws/src/omniBot/install/omnibot_control/share/omnibot_control/cmake/omnibot_controlConfig.cmake
[0.133s] -- Up-to-date: /home/senai/omnibot_ws/src/omniBot/install/omnibot_control/share/omnibot_control/cmake/omnibot_controlConfig-version.cmake
[0.133s] -- Up-to-date: /home/senai/omnibot_ws/src/omniBot/install/omnibot_control/share/omnibot_control/package.xml
[0.134s] Invoked command in '/home/senai/omnibot_ws/src/omniBot/build/omnibot_control' returned '0': CMAKE_PREFIX_PATH=/home/senai/omnibot_ws/src/omniBot/install/keyboard_interface:/home/senai/omnibot_ws/src/omniBot/install/omnibot_ignition:/home/senai/omnibot_ws/src/omniBot/install/omnibot_description:/home/senai/omnibot_ws/src/omniBot/install/omnibot_control:/home/senai/omnibot_ws/install/omnibot_ignition:/home/senai/omnibot_ws/install/omnibot_description:/home/senai/omnibot_ws/install/omnibot_control:/home/senai/omnibot_ws/install/keyboard_interface:/opt/ros/foxy LD_LIBRARY_PATH=/home/senai/omnibot_ws/src/omniBot/install/keyboard_interface/lib:/home/senai/omnibot_ws/src/omniBot/install/omnibot_ignition/lib:/home/senai/omnibot_ws/install/omnibot_ignition/lib:/home/senai/omnibot_ws/install/keyboard_interface/lib:/opt/ros/foxy/opt/yaml_cpp_vendor/lib:/opt/ros/foxy/opt/rviz_ogre_vendor/lib:/opt/ros/foxy/lib/x86_64-linux-gnu:/opt/ros/foxy/lib:/usr/local/lib /usr/bin/cmake --install /home/senai/omnibot_ws/src/omniBot/build/omnibot_control
