[100%] Built target OmniDrive
-- Install configuration: ""
-- Up-to-date: /home/senai/omnibot_ws/src/omniBot/install/omnibot_ignition/share/omnibot_ignition/worlds
-- Up-to-date: /home/senai/omnibot_ws/src/omniBot/install/omnibot_ignition/share/omnibot_ignition/worlds/mario_world.sdf
-- Up-to-date: /home/senai/omnibot_ws/src/omniBot/install/omnibot_ignition/share/omnibot_ignition/launch
-- Up-to-date: /home/senai/omnibot_ws/src/omniBot/install/omnibot_ignition/share/omnibot_ignition/launch/spawn_ignition.launch.py
-- Up-to-date: /home/senai/omnibot_ws/src/omniBot/install/omnibot_ignition/share/omnibot_ignition/launch/start_simulation.launch.py
-- Up-to-date: /home/senai/omnibot_ws/src/omniBot/install/omnibot_ignition/share/omnibot_ignition/models
-- Up-to-date: /home/senai/omnibot_ws/src/omniBot/install/omnibot_ignition/share/omnibot_ignition/models/star
-- Up-to-date: /home/senai/omnibot_ws/src/omniBot/install/omnibot_ignition/share/omnibot_ignition/models/star/source.blend
-- Up-to-date: /home/senai/omnibot_ws/src/omniBot/install/omnibot_ignition/share/omnibot_ignition/models/star/meshes
-- Up-to-date: /home/senai/omnibot_ws/src/omniBot/install/omnibot_ignition/share/omnibot_ignition/models/star/meshes/visual.dae
-- Up-to-date: /home/senai/omnibot_ws/src/omniBot/install/omnibot_ignition/share/omnibot_ignition/models/star/meshes/collision.stl
-- Up-to-date: /home/senai/omnibot_ws/src/omniBot/install/omnibot_ignition/share/omnibot_ignition/models/star/model.config
-- Up-to-date: /home/senai/omnibot_ws/src/omniBot/install/omnibot_ignition/share/omnibot_ignition/models/star/model.sdf
-- Up-to-date: /home/senai/omnibot_ws/src/omniBot/install/omnibot_ignition/share/omnibot_ignition/models/coin
-- Up-to-date: /home/senai/omnibot_ws/src/omniBot/install/omnibot_ignition/share/omnibot_ignition/models/coin/source.blend
-- Up-to-date: /home/senai/omnibot_ws/src/omniBot/install/omnibot_ignition/share/omnibot_ignition/models/coin/meshes
-- Up-to-date: /home/senai/omnibot_ws/src/omniBot/install/omnibot_ignition/share/omnibot_ignition/models/coin/meshes/visual.dae
-- Up-to-date: /home/senai/omnibot_ws/src/omniBot/install/omnibot_ignition/share/omnibot_ignition/models/coin/meshes/collision.stl
-- Up-to-date: /home/senai/omnibot_ws/src/omniBot/install/omnibot_ignition/share/omnibot_ignition/models/coin/source.blend1
-- Up-to-date: /home/senai/omnibot_ws/src/omniBot/install/omnibot_ignition/share/omnibot_ignition/models/coin/model.config
-- Up-to-date: /home/senai/omnibot_ws/src/omniBot/install/omnibot_ignition/share/omnibot_ignition/models/coin/model.sdf
-- Up-to-date: /home/senai/omnibot_ws/src/omniBot/install/omnibot_ignition/share/omnibot_ignition/models/walls
-- Up-to-date: /home/senai/omnibot_ws/src/omniBot/install/omnibot_ignition/share/omnibot_ignition/models/walls/source.blend
-- Up-to-date: /home/senai/omnibot_ws/src/omniBot/install/omnibot_ignition/share/omnibot_ignition/models/walls/meshes
-- Up-to-date: /home/senai/omnibot_ws/src/omniBot/install/omnibot_ignition/share/omnibot_ignition/models/walls/meshes/visual.dae
-- Up-to-date: /home/senai/omnibot_ws/src/omniBot/install/omnibot_ignition/share/omnibot_ignition/models/walls/meshes/collision.stl
-- Up-to-date: /home/senai/omnibot_ws/src/omniBot/install/omnibot_ignition/share/omnibot_ignition/models/walls/model.config
-- Up-to-date: /home/senai/omnibot_ws/src/omniBot/install/omnibot_ignition/share/omnibot_ignition/models/walls/model.sdf
-- Up-to-date: /home/senai/omnibot_ws/src/omniBot/install/omnibot_ignition/share/omnibot_ignition/models/walls/textures
-- Up-to-date: /home/senai/omnibot_ws/src/omniBot/install/omnibot_ignition/share/omnibot_ignition/models/walls/textures/mario_brick.jpg
-- Up-to-date: /home/senai/omnibot_ws/src/omniBot/install/omnibot_ignition/share/omnibot_ignition/models/plumbing
-- Up-to-date: /home/senai/omnibot_ws/src/omniBot/install/omnibot_ignition/share/omnibot_ignition/models/plumbing/source.blend
-- Up-to-date: /home/senai/omnibot_ws/src/omniBot/install/omnibot_ignition/share/omnibot_ignition/models/plumbing/meshes
-- Installing: /home/senai/omnibot_ws/src/omniBot/install/omnibot_ignition/share/omnibot_ignition/models/plumbing/meshes/visual.dae
-- Installing: /home/senai/omnibot_ws/src/omniBot/install/omnibot_ignition/share/omnibot_ignition/models/plumbing/meshes/collision.stl
-- Up-to-date: /home/senai/omnibot_ws/src/omniBot/install/omnibot_ignition/share/omnibot_ignition/models/plumbing/model.config
-- Up-to-date: /home/senai/omnibot_ws/src/omniBot/install/omnibot_ignition/share/omnibot_ignition/models/plumbing/model.sdf
-- Up-to-date: /home/senai/omnibot_ws/src/omniBot/install/omnibot_ignition/share/omnibot_ignition/environment/omnibot_ignition.sh
-- Up-to-date: /home/senai/omnibot_ws/src/omniBot/install/omnibot_ignition/share/omnibot_ignition/environment/omnibot_ignition.dsv
-- Up-to-date: /home/senai/omnibot_ws/src/omniBot/install/omnibot_ignition/share/ament_index/resource_index/package_run_dependencies/omnibot_ignition
-- Up-to-date: /home/senai/omnibot_ws/src/omniBot/install/omnibot_ignition/share/ament_index/resource_index/parent_prefix_path/omnibot_ignition
-- Up-to-date: /home/senai/omnibot_ws/src/omniBot/install/omnibot_ignition/share/omnibot_ignition/environment/ament_prefix_path.sh
-- Up-to-date: /home/senai/omnibot_ws/src/omniBot/install/omnibot_ignition/share/omnibot_ignition/environment/ament_prefix_path.dsv
-- Up-to-date: /home/senai/omnibot_ws/src/omniBot/install/omnibot_ignition/share/omnibot_ignition/environment/path.sh
-- Up-to-date: /home/senai/omnibot_ws/src/omniBot/install/omnibot_ignition/share/omnibot_ignition/environment/path.dsv
-- Up-to-date: /home/senai/omnibot_ws/src/omniBot/install/omnibot_ignition/share/omnibot_ignition/local_setup.bash
-- Up-to-date: /home/senai/omnibot_ws/src/omniBot/install/omnibot_ignition/share/omnibot_ignition/local_setup.sh
-- Up-to-date: /home/senai/omnibot_ws/src/omniBot/install/omnibot_ignition/share/omnibot_ignition/local_setup.zsh
-- Up-to-date: /home/senai/omnibot_ws/src/omniBot/install/omnibot_ignition/share/omnibot_ignition/local_setup.dsv
-- Installing: /home/senai/omnibot_ws/src/omniBot/install/omnibot_ignition/share/omnibot_ignition/package.dsv
-- Up-to-date: /home/senai/omnibot_ws/src/omniBot/install/omnibot_ignition/share/ament_index/resource_index/packages/omnibot_ignition
-- Up-to-date: /home/senai/omnibot_ws/src/omniBot/install/omnibot_ignition/share/omnibot_ignition/cmake/omnibot_ignitionConfig.cmake
-- Up-to-date: /home/senai/omnibot_ws/src/omniBot/install/omnibot_ignition/share/omnibot_ignition/cmake/omnibot_ignitionConfig-version.cmake
-- Up-to-date: /home/senai/omnibot_ws/src/omniBot/install/omnibot_ignition/share/omnibot_ignition/package.xml
-- Up-to-date: /home/senai/omnibot_ws/src/omniBot/install/omnibot_ignition/lib/libOmniDrive.so
